#
# A fatal error has been detected by the Java Runtime Environment:
#
#  EXCEPTION_ACCESS_VIOLATION (0xc0000005) at pc=0x000000006513eebb, pid=12940, tid=0x00000000000018ec
#
# JRE version: OpenJDK Runtime Environment (8.0_152-b01) (build 1.8.0_152-release-915-b01)
# Java VM: OpenJDK 64-Bit Server VM (25.152-b01 mixed mode windows-amd64 compressed oops)
# Problematic frame:
# V  [jvm.dll+0xeeebb]
#
# Failed to write core dump. Minidumps are not enabled by default on client versions of Windows
#
# If you would like to submit a bug report, please visit:
#   http://bugreport.java.com/bugreport/crash.jsp
#

---------------  T H R E A D  ---------------

Current thread (0x0000000002ca2000):  GCTaskThread [stack: 0x0000000012ab0000,0x0000000012bb0000] [id=6380]

siginfo: ExceptionCode=0xc0000005, reading address 0x0000000101000200

Registers:
RAX=0x0000000012eb0000, RBX=0x00000000c0629480, RCX=0x0000000000000003, RDX=0x0000000000000001
RSP=0x0000000012baf670, RBP=0x00000000c0629474, RSI=0x0000000002d75d80, RDI=0x0000000002d75d80
R8 =0x00000001010001f8, R9 =0x0000000100001610, R10=0x000000000000000c, R11=0x0000000065617798
R12=0x00000000c0629478, R13=0x0000000100001868, R14=0x0000000100001870, R15=0x00000000c0629468
RIP=0x000000006513eebb, EFLAGS=0x0000000000010202

Top of Stack: (sp=0x0000000012baf670)
0x0000000012baf670:   0000000100001610 00000000c062910c
0x0000000012baf680:   000000000000000b 0000000065245b52
0x0000000012baf690:   0000000000000000 0000000002ca3a00
0x0000000012baf6a0:   0000000002ca2e80 0000000000000006
0x0000000012baf6b0:   0000000000000516 00000000654134c0
0x0000000012baf6c0:   0000000016ce28e0 0000000000000000
0x0000000012baf6d0:   0000000002d75d80 0000000065663768
0x0000000012baf6e0:   00000000c0629468 00000000654173b8
0x0000000012baf6f0:   0000000065813950 0000000000000003
0x0000000012baf700:   0000000000000000 000003e100000881
0x0000000012baf710:   00000000c0636c48 000000006513ef56
0x0000000012baf720:   00000000c0629468 0000000002ca2e80
0x0000000012baf730:   0000000002ca3a10 0000000002ca3a00
0x0000000012baf740:   0000000065663768 0000000000000006
0x0000000012baf750:   000000001952dc40 0000000000000000
0x0000000012baf760:   0000000002d75d80 0000000065410e6f 

Instructions: (pc=0x000000006513eebb)
0x000000006513ee9b:   6c 00 84 d2 74 16 44 8b 43 08 8b 0d ad b7 66 00
0x000000006513eeab:   49 d3 e0 4c 03 05 9b b7 66 00 eb 04 4c 8b 43 08
0x000000006513eebb:   45 8b 48 08 45 85 c9 7e 0c 41 f6 c1 01 75 4b 41
0x000000006513eecb:   c1 f9 03 eb 57 79 43 84 d2 41 8b c9 b8 10 00 00 


Register to memory mapping:

RAX=0x0000000012eb0000 is an unknown value
RBX=
[error occurred during error reporting (printing register info), id 0xc0000005]

Stack: [0x0000000012ab0000,0x0000000012bb0000],  sp=0x0000000012baf670,  free space=1021k
Native frames: (J=compiled Java code, j=interpreted, Vv=VM code, C=native code)
V  [jvm.dll+0xeeebb]
V  [jvm.dll+0x3c34c0]
V  [jvm.dll+0x3c0e6f]
V  [jvm.dll+0x3be2ce]
V  [jvm.dll+0x26d4aa]
C  [msvcr100.dll+0x21d9f]
C  [msvcr100.dll+0x21e3b]
C  [KERNEL32.DLL+0x17604]
C  [ntdll.dll+0x526a1]


---------------  P R O C E S S  ---------------

Java Threads: ( => current thread )
  0x000000001fcdd000 JavaThread "build operations Thread 12" [_thread_blocked, id=12552, stack(0x0000000021f70000,0x0000000022070000)]
  0x000000001fcd5800 JavaThread "build operations Thread 11" [_thread_blocked, id=6228, stack(0x0000000021e70000,0x0000000021f70000)]
  0x000000001fcdc000 JavaThread "build operations Thread 10" [_thread_blocked, id=10280, stack(0x0000000021d70000,0x0000000021e70000)]
  0x000000001fcd4800 JavaThread "build operations Thread 9" [_thread_blocked, id=11792, stack(0x0000000021c70000,0x0000000021d70000)]
  0x000000001fcda800 JavaThread "build operations Thread 8" [_thread_blocked, id=7900, stack(0x0000000021b70000,0x0000000021c70000)]
  0x000000001fcd9000 JavaThread "build operations Thread 7" [_thread_blocked, id=7048, stack(0x00000000216e0000,0x00000000217e0000)]
  0x000000001fcd7800 JavaThread "build operations Thread 6" [_thread_blocked, id=11708, stack(0x00000000215e0000,0x00000000216e0000)]
  0x000000001fcd8800 JavaThread "build operations Thread 5" [_thread_blocked, id=7940, stack(0x00000000214e0000,0x00000000215e0000)]
  0x000000001fcda000 JavaThread "build operations Thread 4" [_thread_blocked, id=5888, stack(0x00000000213e0000,0x00000000214e0000)]
  0x000000001fcdb800 JavaThread "build operations Thread 3" [_thread_blocked, id=9936, stack(0x00000000212e0000,0x00000000213e0000)]
  0x0000000019341000 JavaThread "build operations Thread 2" [_thread_blocked, id=900, stack(0x000000001eb80000,0x000000001ec80000)]
  0x0000000019340800 JavaThread "build operations" [_thread_blocked, id=1916, stack(0x000000001ea80000,0x000000001eb80000)]
  0x000000001933f000 JavaThread "Cache worker for Artifact transforms cache (C:\Users\Administrator\.gradle\caches\transforms-1)" [_thread_blocked, id=7412, stack(0x0000000021a70000,0x0000000021b70000)]
  0x000000001a972000 JavaThread "Cache worker for file hash cache (D:\app\root\root\DustbinRoot\.gradle\4.1\fileHashes)" [_thread_blocked, id=7656, stack(0x000000001c5e0000,0x000000001c6e0000)]
  0x000000001a868800 JavaThread "File lock request listener" [_thread_in_native, id=12356, stack(0x000000001c2e0000,0x000000001c3e0000)]
  0x000000001a327000 JavaThread "Cache worker for file hash cache (C:\Users\Administrator\.gradle\caches\4.1\fileHashes)" [_thread_blocked, id=8844, stack(0x000000001c1e0000,0x000000001c2e0000)]
  0x0000000019bd1800 JavaThread "Stdin handler" [_thread_blocked, id=8080, stack(0x000000001c0e0000,0x000000001c1e0000)]
  0x0000000019bce800 JavaThread "Asynchronous log dispatcher for DefaultDaemonConnection: socket connection from /127.0.0.1:58161 to /127.0.0.1:58162" [_thread_blocked, id=12196, stack(0x000000001bfe0000,0x000000001c0e0000)]
  0x000000001a43f000 JavaThread "Daemon worker" [_thread_blocked, id=5816, stack(0x000000001bee0000,0x000000001bfe0000)]
  0x0000000019bd7000 JavaThread "Cancel handler" [_thread_blocked, id=7232, stack(0x000000001bde0000,0x000000001bee0000)]
  0x000000001a014800 JavaThread "Handler for socket connection from /127.0.0.1:58161 to /127.0.0.1:58162" [_thread_in_native, id=440, stack(0x000000001bae0000,0x000000001bbe0000)]
  0x0000000019de6800 JavaThread "Daemon" [_thread_blocked, id=10192, stack(0x000000001b9e0000,0x000000001bae0000)]
  0x0000000019f1f800 JavaThread "Daemon periodic checks" [_thread_blocked, id=5644, stack(0x000000001b8e0000,0x000000001b9e0000)]
  0x0000000019bfe800 JavaThread "Incoming local TCP Connector on port 58161" [_thread_in_native, id=10368, stack(0x000000001a550000,0x000000001a650000)]
  0x0000000017285800 JavaThread "Service Thread" daemon [_thread_blocked, id=8368, stack(0x0000000018b60000,0x0000000018c60000)]
  0x0000000017200800 JavaThread "C1 CompilerThread3" daemon [_thread_blocked, id=12824, stack(0x0000000018a60000,0x0000000018b60000)]
  0x00000000171fd000 JavaThread "C2 CompilerThread2" daemon [_thread_in_native, id=3980, stack(0x0000000018960000,0x0000000018a60000)]
  0x00000000171f8800 JavaThread "C2 CompilerThread1" daemon [_thread_in_native, id=12704, stack(0x0000000018860000,0x0000000018960000)]
  0x00000000171f3000 JavaThread "C2 CompilerThread0" daemon [_thread_blocked, id=11484, stack(0x0000000018760000,0x0000000018860000)]
  0x00000000171f1800 JavaThread "Attach Listener" daemon [_thread_blocked, id=11292, stack(0x0000000018660000,0x0000000018760000)]
  0x00000000171a4000 JavaThread "Signal Dispatcher" daemon [_thread_blocked, id=13036, stack(0x0000000018560000,0x0000000018660000)]
  0x0000000015aa1800 JavaThread "Finalizer" daemon [_thread_blocked, id=2784, stack(0x0000000018400000,0x0000000018500000)]
  0x0000000015a9a800 JavaThread "Reference Handler" daemon [_thread_blocked, id=8424, stack(0x0000000018300000,0x0000000018400000)]
  0x0000000002b7d800 JavaThread "main" [_thread_blocked, id=9044, stack(0x0000000002b80000,0x0000000002c80000)]

Other Threads:
  0x0000000015a94800 VMThread [stack: 0x0000000018200000,0x0000000018300000] [id=7172]
  0x0000000017286000 WatcherThread [stack: 0x0000000018c60000,0x0000000018d60000] [id=7808]

=>0x0000000002ca2000 (exited) GCTaskThread [stack: 0x0000000012ab0000,0x0000000012bb0000] [id=6380]

VM state:at safepoint (normal execution)

VM Mutex/Monitor currently owned by a thread:  ([mutex/lock_event])
[0x0000000002b7c820] Threads_lock - owner thread: 0x0000000015a94800
[0x0000000002b7c320] Heap_lock - owner thread: 0x000000001a43f000

Heap:
 PSYoungGen      total 181248K, used 9093K [0x00000000eab00000, 0x00000000f8180000, 0x0000000100000000)
  eden space 168448K, 0% used [0x00000000eab00000,0x00000000eab00000,0x00000000f4f80000)
  from space 12800K, 71% used [0x00000000f5b80000,0x00000000f64614c8,0x00000000f6800000)
  to   space 12288K, 0% used [0x00000000f4f80000,0x00000000f4f80000,0x00000000f5b80000)
 ParOldGen       total 96256K, used 7064K [0x00000000c0000000, 0x00000000c5e00000, 0x00000000eab00000)
  object space 96256K, 7% used [0x00000000c0000000,0x00000000c06e61c0,0x00000000c5e00000)
 Metaspace       used 34590K, capacity 35344K, committed 35416K, reserved 1079296K
  class space    used 4686K, capacity 4978K, committed 4992K, reserved 1048576K

Card table byte_map: [0x0000000012140000,0x0000000012350000] byte_map_base: 0x0000000011b40000

Marking Bits: (ParMarkBitMap*) 0x0000000065813950
 Begin Bits: [0x0000000012eb0000, 0x0000000013eb0000)
 End Bits:   [0x0000000013eb0000, 0x0000000014eb0000)

Polling page: 0x00000000026d0000

CodeCache: size=245760Kb used=13238Kb max_used=13238Kb free=232521Kb
 bounds [0x0000000002d80000, 0x0000000003a80000, 0x0000000011d80000]
 total_blobs=4318 nmethods=3619 adapters=612
 compilation: enabled

Compilation events (10 events):
Event: 4.200 Thread 0x0000000017200800 3647       3       java.lang.invoke.LambdaForm$NamedFunction::member (26 bytes)
Event: 4.200 Thread 0x0000000017200800 nmethod 3647 0x0000000003a73150 code [0x0000000003a732a0, 0x0000000003a73410]
Event: 4.200 Thread 0x0000000017200800 3648       3       jdk.internal.org.objectweb.asm.MethodWriter::noSuccessor (87 bytes)
Event: 4.201 Thread 0x0000000017200800 nmethod 3648 0x0000000003a73490 code [0x0000000003a73620, 0x0000000003a73b08]
Event: 4.201 Thread 0x0000000017200800 3649       3       jdk.internal.org.objectweb.asm.MethodWriter::visitLabel (281 bytes)
Event: 4.201 Thread 0x0000000017200800 nmethod 3649 0x0000000003a73d10 code [0x0000000003a73ec0, 0x0000000003a74688]
Event: 4.203 Thread 0x0000000017200800 3650       1       java.util.AbstractMap$SimpleImmutableEntry::getKey (5 bytes)
Event: 4.203 Thread 0x0000000017200800 nmethod 3650 0x0000000003a74ad0 code [0x0000000003a74c20, 0x0000000003a74d30]
Event: 4.207 Thread 0x0000000017200800 3651       3       sun.net.www.MessageHeader::grow (92 bytes)
Event: 4.207 Thread 0x0000000017200800 nmethod 3651 0x0000000003a74d90 code [0x0000000003a74f20, 0x0000000003a75458]

GC Heap History (10 events):
Event: 1.831 GC heap after
Heap after GC invocations=3 (full 0):
 PSYoungGen      total 75776K, used 7096K [0x00000000eab00000, 0x00000000f3f00000, 0x0000000100000000)
  eden space 65024K, 0% used [0x00000000eab00000,0x00000000eab00000,0x00000000eea80000)
  from space 10752K, 66% used [0x00000000eea80000,0x00000000ef16e340,0x00000000ef500000)
  to   space 10752K, 0% used [0x00000000f3480000,0x00000000f3480000,0x00000000f3f00000)
 ParOldGen       total 173568K, used 1292K [0x00000000c0000000, 0x00000000ca980000, 0x00000000eab00000)
  object space 173568K, 0% used [0x00000000c0000000,0x00000000c0143270,0x00000000ca980000)
 Metaspace       used 20709K, capacity 21120K, committed 21248K, reserved 1067008K
  class space    used 2852K, capacity 2989K, committed 3072K, reserved 1048576K
}
Event: 1.831 GC heap before
{Heap before GC invocations=4 (full 1):
 PSYoungGen      total 75776K, used 7096K [0x00000000eab00000, 0x00000000f3f00000, 0x0000000100000000)
  eden space 65024K, 0% used [0x00000000eab00000,0x00000000eab00000,0x00000000eea80000)
  from space 10752K, 66% used [0x00000000eea80000,0x00000000ef16e340,0x00000000ef500000)
  to   space 10752K, 0% used [0x00000000f3480000,0x00000000f3480000,0x00000000f3f00000)
 ParOldGen       total 173568K, used 1292K [0x00000000c0000000, 0x00000000ca980000, 0x00000000eab00000)
  object space 173568K, 0% used [0x00000000c0000000,0x00000000c0143270,0x00000000ca980000)
 Metaspace       used 20709K, capacity 21120K, committed 21248K, reserved 1067008K
  class space    used 2852K, capacity 2989K, committed 3072K, reserved 1048576K
Event: 1.856 GC heap after
Heap after GC invocations=4 (full 1):
 PSYoungGen      total 75776K, used 0K [0x00000000eab00000, 0x00000000f3f00000, 0x0000000100000000)
  eden space 65024K, 0% used [0x00000000eab00000,0x00000000eab00000,0x00000000eea80000)
  from space 10752K, 0% used [0x00000000eea80000,0x00000000eea80000,0x00000000ef500000)
  to   space 10752K, 0% used [0x00000000f3480000,0x00000000f3480000,0x00000000f3f00000)
 ParOldGen       total 96256K, used 6968K [0x00000000c0000000, 0x00000000c5e00000, 0x00000000eab00000)
  object space 96256K, 7% used [0x00000000c0000000,0x00000000c06ce1b0,0x00000000c5e00000)
 Metaspace       used 20709K, capacity 21120K, committed 21248K, reserved 1067008K
  class space    used 2852K, capacity 2989K, committed 3072K, reserved 1048576K
}
Event: 2.330 GC heap before
{Heap before GC invocations=5 (full 1):
 PSYoungGen      total 75776K, used 65024K [0x00000000eab00000, 0x00000000f3f00000, 0x0000000100000000)
  eden space 65024K, 100% used [0x00000000eab00000,0x00000000eea80000,0x00000000eea80000)
  from space 10752K, 0% used [0x00000000eea80000,0x00000000eea80000,0x00000000ef500000)
  to   space 10752K, 0% used [0x00000000f3480000,0x00000000f3480000,0x00000000f3f00000)
 ParOldGen       total 96256K, used 6968K [0x00000000c0000000, 0x00000000c5e00000, 0x00000000eab00000)
  object space 96256K, 7% used [0x00000000c0000000,0x00000000c06ce1b0,0x00000000c5e00000)
 Metaspace       used 25641K, capacity 26174K, committed 26240K, reserved 1071104K
  class space    used 3502K, capacity 3682K, committed 3712K, reserved 1048576K
Event: 2.335 GC heap after
Heap after GC invocations=5 (full 1):
 PSYoungGen      total 113152K, used 7150K [0x00000000eab00000, 0x00000000f3b80000, 0x0000000100000000)
  eden space 105984K, 0% used [0x00000000eab00000,0x00000000eab00000,0x00000000f1280000)
  from space 7168K, 99% used [0x00000000f3480000,0x00000000f3b7ba88,0x00000000f3b80000)
  to   space 10752K, 0% used [0x00000000f2680000,0x00000000f2680000,0x00000000f3100000)
 ParOldGen       total 96256K, used 6976K [0x00000000c0000000, 0x00000000c5e00000, 0x00000000eab00000)
  object space 96256K, 7% used [0x00000000c0000000,0x00000000c06d01b0,0x00000000c5e00000)
 Metaspace       used 25641K, capacity 26174K, committed 26240K, reserved 1071104K
  class space    used 3502K, capacity 3682K, committed 3712K, reserved 1048576K
}
Event: 3.283 GC heap before
{Heap before GC invocations=6 (full 1):
 PSYoungGen      total 113152K, used 113134K [0x00000000eab00000, 0x00000000f3b80000, 0x0000000100000000)
  eden space 105984K, 100% used [0x00000000eab00000,0x00000000f1280000,0x00000000f1280000)
  from space 7168K, 99% used [0x00000000f3480000,0x00000000f3b7ba88,0x00000000f3b80000)
  to   space 10752K, 0% used [0x00000000f2680000,0x00000000f2680000,0x00000000f3100000)
 ParOldGen       total 96256K, used 6976K [0x00000000c0000000, 0x00000000c5e00000, 0x00000000eab00000)
  object space 96256K, 7% used [0x00000000c0000000,0x00000000c06d01b0,0x00000000c5e00000)
 Metaspace       used 30936K, capacity 31680K, committed 31872K, reserved 1077248K
  class space    used 4210K, capacity 4471K, committed 4480K, reserved 1048576K
Event: 3.291 GC heap after
Heap after GC invocations=6 (full 1):
 PSYoungGen      total 137216K, used 9588K [0x00000000eab00000, 0x00000000f6800000, 0x0000000100000000)
  eden space 126464K, 0% used [0x00000000eab00000,0x00000000eab00000,0x00000000f2680000)
  from space 10752K, 89% used [0x00000000f2680000,0x00000000f2fdd308,0x00000000f3100000)
  to   space 12800K, 0% used [0x00000000f5b80000,0x00000000f5b80000,0x00000000f6800000)
 ParOldGen       total 96256K, used 7056K [0x00000000c0000000, 0x00000000c5e00000, 0x00000000eab00000)
  object space 96256K, 7% used [0x00000000c0000000,0x00000000c06e41c0,0x00000000c5e00000)
 Metaspace       used 30936K, capacity 31680K, committed 31872K, reserved 1077248K
  class space    used 4210K, capacity 4471K, committed 4480K, reserved 1048576K
}
Event: 4.215 GC heap before
{Heap before GC invocations=7 (full 1):
 PSYoungGen      total 137216K, used 32551K [0x00000000eab00000, 0x00000000f6800000, 0x0000000100000000)
  eden space 126464K, 18% used [0x00000000eab00000,0x00000000ec16cc00,0x00000000f2680000)
  from space 10752K, 89% used [0x00000000f2680000,0x00000000f2fdd308,0x00000000f3100000)
  to   space 12800K, 0% used [0x00000000f5b80000,0x00000000f5b80000,0x00000000f6800000)
 ParOldGen       total 96256K, used 7056K [0x00000000c0000000, 0x00000000c5e00000, 0x00000000eab00000)
  object space 96256K, 7% used [0x00000000c0000000,0x00000000c06e41c0,0x00000000c5e00000)
 Metaspace       used 34590K, capacity 35344K, committed 35416K, reserved 1079296K
  class space    used 4686K, capacity 4978K, committed 4992K, reserved 1048576K
Event: 4.221 GC heap after
Heap after GC invocations=7 (full 1):
 PSYoungGen      total 181248K, used 9093K [0x00000000eab00000, 0x00000000f8180000, 0x0000000100000000)
  eden space 168448K, 0% used [0x00000000eab00000,0x00000000eab00000,0x00000000f4f80000)
  from space 12800K, 71% used [0x00000000f5b80000,0x00000000f64614c8,0x00000000f6800000)
  to   space 12288K, 0% used [0x00000000f4f80000,0x00000000f4f80000,0x00000000f5b80000)
 ParOldGen       total 96256K, used 7064K [0x00000000c0000000, 0x00000000c5e00000, 0x00000000eab00000)
  object space 96256K, 7% used [0x00000000c0000000,0x00000000c06e61c0,0x00000000c5e00000)
 Metaspace       used 34590K, capacity 35344K, committed 35416K, reserved 1079296K
  class space    used 4686K, capacity 4978K, committed 4992K, reserved 1048576K
}
Event: 4.221 GC heap before
{Heap before GC invocations=8 (full 2):
 PSYoungGen      total 181248K, used 9093K [0x00000000eab00000, 0x00000000f8180000, 0x0000000100000000)
  eden space 168448K, 0% used [0x00000000eab00000,0x00000000eab00000,0x00000000f4f80000)
  from space 12800K, 71% used [0x00000000f5b80000,0x00000000f64614c8,0x00000000f6800000)
  to   space 12288K, 0% used [0x00000000f4f80000,0x00000000f4f80000,0x00000000f5b80000)
 ParOldGen       total 96256K, used 7064K [0x00000000c0000000, 0x00000000c5e00000, 0x00000000eab00000)
  object space 96256K, 7% used [0x00000000c0000000,0x00000000c06e61c0,0x00000000c5e00000)
 Metaspace       used 34590K, capacity 35344K, committed 35416K, reserved 1079296K
  class space    used 4686K, capacity 4978K, committed 4992K, reserved 1048576K

Deoptimization events (10 events):
Event: 4.076 Thread 0x000000001a43f000 Uncommon trap: reason=class_check action=maybe_recompile pc=0x00000000036f13fc method=java.util.Hashtable.get(Ljava/lang/Object;)Ljava/lang/Object; @ 6
Event: 4.076 Thread 0x000000001a43f000 Uncommon trap: reason=class_check action=maybe_recompile pc=0x00000000036f13fc method=java.util.Hashtable.get(Ljava/lang/Object;)Ljava/lang/Object; @ 6
Event: 4.076 Thread 0x000000001a43f000 Uncommon trap: reason=class_check action=maybe_recompile pc=0x00000000036f13fc method=java.util.Hashtable.get(Ljava/lang/Object;)Ljava/lang/Object; @ 6
Event: 4.076 Thread 0x000000001a43f000 Uncommon trap: reason=class_check action=maybe_recompile pc=0x00000000036f13fc method=java.util.Hashtable.get(Ljava/lang/Object;)Ljava/lang/Object; @ 6
Event: 4.089 Thread 0x000000001a43f000 Uncommon trap: reason=unstable_if action=reinterpret pc=0x0000000002f215f8 method=java.lang.String.replace(CC)Ljava/lang/String; @ 2
Event: 4.091 Thread 0x000000001a43f000 Uncommon trap: reason=bimorphic action=maybe_recompile pc=0x00000000034f56e0 method=org.codehaus.groovy.runtime.metaclass.MetaMethodIndex.addMethodToList(Ljava/lang/Object;Lgroovy/lang/MetaMethod;)Ljava/lang/Object; @ 96
Event: 4.091 Thread 0x000000001a43f000 Uncommon trap: reason=unstable_if action=reinterpret pc=0x000000000390bfc4 method=groovy.lang.MetaClassImpl$1MOPIter.methodNameAction(Ljava/lang/Class;Lorg/codehaus/groovy/runtime/metaclass/MetaMethodIndex$Entry;)V @ 259
Event: 4.153 Thread 0x000000001a43f000 Uncommon trap: reason=unstable_if action=reinterpret pc=0x00000000037143d0 method=java.lang.Integer.valueOf(I)Ljava/lang/Integer; @ 3
Event: 4.155 Thread 0x000000001a43f000 Uncommon trap: reason=predicate action=maybe_recompile pc=0x0000000003a35030 method=java.util.Arrays.binarySearch0([Ljava/lang/Object;IILjava/lang/Object;Ljava/util/Comparator;)I @ 28
Event: 4.155 Thread 0x000000001a43f000 Uncommon trap: reason=predicate action=maybe_recompile pc=0x0000000003a2bd64 method=java.util.Arrays.binarySearch0([Ljava/lang/Object;IILjava/lang/Object;Ljava/util/Comparator;)I @ 28

Classes redefined (0 events):
No events

Internal exceptions (10 events):
Event: 4.092 Thread 0x000000001a43f000 Exception <a 'java/lang/ClassNotFoundException': org/gradle/api/internal/project/DefaultAntBuilderBeanInfo> (0x00000000eb9ad410) thrown at [D:\src\AOSP-openjdk-cygwin\jdk8u\hotspot\src\share\vm\classfile\systemDictionary.cpp, line 210]
Event: 4.093 Thread 0x000000001a43f000 Exception <a 'java/lang/ClassNotFoundException': org/gradle/api/internal/project/ant/BasicAntBuilderBeanInfo> (0x00000000eb9dbae0) thrown at [D:\src\AOSP-openjdk-cygwin\jdk8u\hotspot\src\share\vm\classfile\systemDictionary.cpp, line 210]
Event: 4.093 Thread 0x000000001a43f000 Exception <a 'java/lang/ClassNotFoundException': org/gradle/api/AntBuilderBeanInfo> (0x00000000eb9fcbc8) thrown at [D:\src\AOSP-openjdk-cygwin\jdk8u\hotspot\src\share\vm\classfile\systemDictionary.cpp, line 210]
Event: 4.093 Thread 0x000000001a43f000 Exception <a 'java/lang/ClassNotFoundException': groovy/util/AntBuilderBeanInfo> (0x00000000eba1cf30) thrown at [D:\src\AOSP-openjdk-cygwin\jdk8u\hotspot\src\share\vm\classfile\systemDictionary.cpp, line 210]
Event: 4.094 Thread 0x000000001a43f000 Exception <a 'java/lang/ClassNotFoundException': groovy/util/BuilderSupportBeanInfo> (0x00000000eba3e978) thrown at [D:\src\AOSP-openjdk-cygwin\jdk8u\hotspot\src\share\vm\classfile\systemDictionary.cpp, line 210]
Event: 4.094 Thread 0x000000001a43f000 Exception <a 'java/lang/ClassNotFoundException': groovy/util/BuilderSupportCustomizer> (0x00000000eba62438) thrown at [D:\src\AOSP-openjdk-cygwin\jdk8u\hotspot\src\share\vm\classfile\systemDictionary.cpp, line 210]
Event: 4.095 Thread 0x000000001a43f000 Exception <a 'java/lang/ClassNotFoundException': groovy/util/AntBuilderCustomizer> (0x00000000eba86550) thrown at [D:\src\AOSP-openjdk-cygwin\jdk8u\hotspot\src\share\vm\classfile\systemDictionary.cpp, line 210]
Event: 4.095 Thread 0x000000001a43f000 Exception <a 'java/lang/ClassNotFoundException': org/gradle/api/AntBuilderCustomizer> (0x00000000ebaaf4a0) thrown at [D:\src\AOSP-openjdk-cygwin\jdk8u\hotspot\src\share\vm\classfile\systemDictionary.cpp, line 210]
Event: 4.102 Thread 0x000000001a43f000 Exception <a 'java/lang/ClassNotFoundException': org/gradle/api/internal/project/ant/BasicAntBuilderCustomizer> (0x00000000ebaebba8) thrown at [D:\src\AOSP-openjdk-cygwin\jdk8u\hotspot\src\share\vm\classfile\systemDictionary.cpp, line 210]
Event: 4.103 Thread 0x000000001a43f000 Exception <a 'java/lang/ClassNotFoundException': org/gradle/api/internal/project/DefaultAntBuilderCustomizer> (0x00000000ebb2ec90) thrown at [D:\src\AOSP-openjdk-cygwin\jdk8u\hotspot\src\share\vm\classfile\systemDictionary.cpp, line 210]

Events (10 events):
Event: 4.213 loading class sun/nio/ch/ChannelInputStream done
Event: 4.213 loading class com/google/gson/GsonBuilder
Event: 4.213 loading class com/google/gson/GsonBuilder done
Event: 4.214 loading class com/google/gson/FieldNamingStrategy
Event: 4.214 loading class com/google/gson/FieldNamingStrategy done
Event: 4.214 loading class com/google/gson/internal/Excluder
Event: 4.214 loading class com/google/gson/internal/Excluder done
Event: 4.215 loading class com/google/gson/TypeAdapterFactory
Event: 4.215 loading class com/google/gson/TypeAdapterFactory done
Event: 4.215 Executing VM operation: CollectForMetadataAllocation


Dynamic libraries:
0x00007ff64f330000 - 0x00007ff64f361000 	D:\android\APPS\jre\bin\java.exe
0x00007ff844530000 - 0x00007ff844728000 	C:\Windows\SYSTEM32\ntdll.dll
0x00007ff843150000 - 0x00007ff84320f000 	C:\Windows\System32\KERNEL32.DLL
0x00007ff8420c0000 - 0x00007ff84239a000 	C:\Windows\System32\KERNELBASE.dll
0x00007ff844110000 - 0x00007ff8441be000 	C:\Windows\System32\ADVAPI32.dll
0x00007ff842c30000 - 0x00007ff842cce000 	C:\Windows\System32\msvcrt.dll
0x00007ff842fc0000 - 0x00007ff84305c000 	C:\Windows\System32\sechost.dll
0x00007ff843fe0000 - 0x00007ff844106000 	C:\Windows\System32\RPCRT4.dll
0x00007ff843dd0000 - 0x00007ff843f6d000 	C:\Windows\System32\USER32.dll
0x00007ff841e50000 - 0x00007ff841e72000 	C:\Windows\System32\win32u.dll
0x00007ff8444c0000 - 0x00007ff8444eb000 	C:\Windows\System32\GDI32.dll
0x00007ff8423a0000 - 0x00007ff8424b0000 	C:\Windows\System32\gdi32full.dll
0x00007ff841db0000 - 0x00007ff841e4d000 	C:\Windows\System32\msvcp_win.dll
0x00007ff841cb0000 - 0x00007ff841db0000 	C:\Windows\System32\ucrtbase.dll
0x00007ff82df10000 - 0x00007ff82e1aa000 	C:\Windows\WinSxS\amd64_microsoft.windows.common-controls_6595b64144ccf1df_6.0.19041.1110_none_60b5254171f9507e\COMCTL32.dll
0x00007ff843110000 - 0x00007ff843140000 	C:\Windows\System32\IMM32.DLL
0x0000000065f20000 - 0x0000000065ff2000 	D:\android\APPS\jre\jre\bin\msvcr100.dll
0x0000000065050000 - 0x000000006588e000 	D:\android\APPS\jre\jre\bin\server\jvm.dll
0x00007ff843140000 - 0x00007ff843148000 	C:\Windows\System32\PSAPI.DLL
0x00007ff83db30000 - 0x00007ff83db39000 	C:\Windows\SYSTEM32\WSOCK32.dll
0x00007ff82aaa0000 - 0x00007ff82aac7000 	C:\Windows\SYSTEM32\WINMM.dll
0x00007ff83b570000 - 0x00007ff83b57a000 	C:\Windows\SYSTEM32\VERSION.dll
0x00007ff843f70000 - 0x00007ff843fdb000 	C:\Windows\System32\WS2_32.dll
0x00007ff83db00000 - 0x00007ff83db0f000 	D:\android\APPS\jre\jre\bin\verify.dll
0x00007ff83daa0000 - 0x00007ff83dac9000 	D:\android\APPS\jre\jre\bin\java.dll
0x00007ff83da80000 - 0x00007ff83da96000 	D:\android\APPS\jre\jre\bin\zip.dll
0x00007ff843210000 - 0x00007ff843954000 	C:\Windows\System32\SHELL32.dll
0x00007ff83fd00000 - 0x00007ff840493000 	C:\Windows\SYSTEM32\windows.storage.dll
0x00007ff8427f0000 - 0x00007ff842b44000 	C:\Windows\System32\combase.dll
0x00007ff8416a0000 - 0x00007ff8416ce000 	C:\Windows\SYSTEM32\Wldp.dll
0x00007ff843060000 - 0x00007ff84310d000 	C:\Windows\System32\SHCORE.dll
0x00007ff842d50000 - 0x00007ff842da5000 	C:\Windows\System32\shlwapi.dll
0x00007ff841b80000 - 0x00007ff841b9f000 	C:\Windows\SYSTEM32\profapi.dll
0x00007ff83c320000 - 0x00007ff83c33a000 	D:\android\APPS\jre\jre\bin\net.dll
0x00007ff841400000 - 0x00007ff84146a000 	C:\Windows\system32\mswsock.dll
0x00007ff83aed0000 - 0x00007ff83aee1000 	D:\android\APPS\jre\jre\bin\nio.dll
0x00007ff837830000 - 0x00007ff83784e000 	C:\Users\Administrator\.gradle\native\25\windows-amd64\native-platform.dll
0x00007ff83dae0000 - 0x00007ff83daed000 	D:\android\APPS\jre\jre\bin\management.dll
0x00007ff8415f0000 - 0x00007ff841608000 	C:\Windows\SYSTEM32\CRYPTSP.dll
0x00007ff840cb0000 - 0x00007ff840ce4000 	C:\Windows\system32\rsaenh.dll
0x00007ff842090000 - 0x00007ff8420b7000 	C:\Windows\System32\bcrypt.dll
0x00007ff841b40000 - 0x00007ff841b6e000 	C:\Windows\SYSTEM32\USERENV.dll
0x00007ff842500000 - 0x00007ff842582000 	C:\Windows\System32\bcryptprimitives.dll
0x00007ff841610000 - 0x00007ff84161c000 	C:\Windows\SYSTEM32\CRYPTBASE.dll
0x00007ff8410a0000 - 0x00007ff8410dc000 	C:\Windows\SYSTEM32\IPHLPAPI.DLL
0x00007ff8427e0000 - 0x00007ff8427e8000 	C:\Windows\System32\NSI.dll
0x00007ff8397c0000 - 0x00007ff8397d7000 	C:\Windows\SYSTEM32\dhcpcsvc6.DLL
0x00007ff839a80000 - 0x00007ff839a9d000 	C:\Windows\SYSTEM32\dhcpcsvc.DLL
0x00007ff8410e0000 - 0x00007ff8411ab000 	C:\Windows\SYSTEM32\DNSAPI.dll
0x00007ff82b070000 - 0x00007ff82b254000 	C:\Windows\SYSTEM32\dbghelp.dll

VM Arguments:
jvm_args: -XX:+HeapDumpOnOutOfMemoryError -Xmx1024m -Dfile.encoding=GBK -Duser.country=CN -Duser.language=zh -Duser.variant 
java_command: org.gradle.launcher.daemon.bootstrap.GradleDaemon 4.1
java_class_path (initial): C:\Users\Administrator\.gradle\wrapper\dists\gradle-4.1-all\bzyivzo6n839fup2jbap0tjew\gradle-4.1\lib\gradle-launcher-4.1.jar
Launcher Type: SUN_STANDARD

Environment Variables:
PATH=C:\Program Files (x86)\Common Files\Oracle\Java\javapath;C:\Windows\system32;C:\Windows;C:\Windows\System32\Wbem;C:\Windows\System32\WindowsPowerShell\v1.0\;C:\Windows\System32\OpenSSH\;C:\Program Files\Java\jdk1.8.0_281\bin;C:\Program Files\MySQL\MySQL Server 5.5\bin;C:\Users\Administrator\AppData\Local\Microsoft\WindowsApps;D:\oeder\Ω‚—π\app\
USERNAME=Administrator
OS=Windows_NT
PROCESSOR_IDENTIFIER=Intel64 Family 6 Model 158 Stepping 10, GenuineIntel



---------------  S Y S T E M  ---------------

OS: Windows 10.0 , 64 bit Build 19041 (10.0.19041.2788)

CPU:total 12 (initial active 12) (6 cores per cpu, 2 threads per core) family 6 model 158 stepping 10, cmov, cx8, fxsr, mmx, sse, sse2, sse3, ssse3, sse4.1, sse4.2, popcnt, avx, avx2, aes, clmul, erms, 3dnowpref, lzcnt, ht, tsc, tscinvbit, bmi1, bmi2, adx

Memory: 4k page, physical 16610356k(10646516k free), swap 19625012k(11990700k free)

vm_info: OpenJDK 64-Bit Server VM (25.152-b01) for windows-amd64 JRE (1.8.0_152-release-915-b01), built by "builder" with MS VC++ 10.0 (VS2010)

time: Thu Apr 20 15:32:58 2023
elapsed time: 4 seconds (0d 0h 0m 4s)

