#
# A fatal error has been detected by the Java Runtime Environment:
#
#  EXCEPTION_ACCESS_VIOLATION (0xc0000005) at pc=0x000000005d635447, pid=3404, tid=0x00000000000028a8
#
# JRE version: OpenJDK Runtime Environment (8.0_152-b01) (build 1.8.0_152-release-915-b01)
# Java VM: OpenJDK 64-Bit Server VM (25.152-b01 mixed mode windows-amd64 compressed oops)
# Problematic frame:
# V  [jvm.dll+0x435447]
#
# Failed to write core dump. Minidumps are not enabled by default on client versions of Windows
#
# If you would like to submit a bug report, please visit:
#   http://bugreport.java.com/bugreport/crash.jsp
#

---------------  T H R E A D  ---------------

Current thread (0x00000000174ec800):  JavaThread "C2 CompilerThread2" daemon [_thread_in_native, id=10408, stack(0x0000000018be0000,0x0000000018ce0000)]

siginfo: ExceptionCode=0xc0000005, reading address 0x0000000000000028

Registers:
RAX=0x000000001b2619e0, RBX=0x000000001d39b5a0, RCX=0x0000000000000000, RDX=0x0000000000000020
RSP=0x0000000018cdbdd0, RBP=0x000000000000001d, RSI=0x0000000018cdbf80, RDI=0x00000000000002e5
R8 =0x000000002133bcf0, R9 =0x0000000000000000, R10=0x0000000000047040, R11=0x000000001fa86eb0
R12=0x000000001efe74d0, R13=0x0000000000000001, R14=0x0000000000000008, R15=0x0000000000000000
RIP=0x000000005d635447, EFLAGS=0x0000000000010202

Top of Stack: (sp=0x0000000018cdbdd0)
0x0000000018cdbdd0:   0000000000000017 000000001d39b5a0
0x0000000018cdbde0:   0000000000000015 00000000000000b8
0x0000000018cdbdf0:   00000000000003d8 000000001900b238
0x0000000018cdbe00:   000000001900ae60 0000000000000000
0x0000000018cdbe10:   00000000000002e5 0000000000001728
0x0000000018cdbe20:   0000000018cdbf80 000000005d6353a4
0x0000000018cdbe30:   0000000018cdbf80 0000000000000000
0x0000000018cdbe40:   0000000018cdbf60 0000000018cdc1d0
0x0000000018cdbe50:   0000000018cdc1d0 000000005d634289
0x0000000018cdbe60:   000000001900ae50 0000000018cdc2e0
0x0000000018cdbe70:   0000000000000000 0000000000000000
0x0000000018cdbe80:   0000000000000002 000000001900ae50
0x0000000018cdbe90:   000000001b61c790 000000001b624720
0x0000000018cdbea0:   000000001b624778 00000000000f99f8
0x0000000018cdbeb0:   0000000000000002 000000001900a670
0x0000000018cdbec0:   000000001900a670 000000001900a680 

Instructions: (pc=0x000000005d635447)
0x000000005d635427:   4c 8b 41 68 0f 1f 44 00 00 85 d2 74 09 48 8b 43
0x000000005d635437:   20 48 8b 00 eb 02 33 c0 48 8b 40 08 48 8b 0c e8
0x000000005d635447:   8b 41 28 4d 39 24 c0 74 05 48 ff c5 eb db 83 7b
0x000000005d635457:   28 01 41 8b fd 76 4d 4c 8b 6c 24 60 49 8b f6 3b 


Register to memory mapping:

RAX=0x000000001b2619e0 is an unknown value
RBX=0x000000001d39b5a0 is an unknown value
RCX=0x0000000000000000 is an unknown value
RDX=0x0000000000000020 is an unknown value
RSP=0x0000000018cdbdd0 is pointing into the stack for thread: 0x00000000174ec800
RBP=0x000000000000001d is an unknown value
RSI=0x0000000018cdbf80 is pointing into the stack for thread: 0x00000000174ec800
RDI=0x00000000000002e5 is an unknown value
R8 =0x000000002133bcf0 is an unknown value
R9 =0x0000000000000000 is an unknown value
R10=0x0000000000047040 is an unknown value
R11=0x000000001fa86eb0 is an unknown value
R12=0x000000001efe74d0 is an unknown value
R13=0x0000000000000001 is an unknown value
R14=0x0000000000000008 is an unknown value
R15=0x0000000000000000 is an unknown value


Stack: [0x0000000018be0000,0x0000000018ce0000],  sp=0x0000000018cdbdd0,  free space=1007k
Native frames: (J=compiled Java code, j=interpreted, Vv=VM code, C=native code)
V  [jvm.dll+0x435447]
V  [jvm.dll+0x4353a4]
V  [jvm.dll+0x434289]
V  [jvm.dll+0x43f19b]
V  [jvm.dll+0x441a6e]
V  [jvm.dll+0x424b32]
V  [jvm.dll+0x80fa9]
V  [jvm.dll+0x818df]
V  [jvm.dll+0x21d06f]
V  [jvm.dll+0x26d4aa]
C  [msvcr100.dll+0x21d9f]
C  [msvcr100.dll+0x21e3b]
C  [KERNEL32.DLL+0x17614]
C  [ntdll.dll+0x526a1]


Current CompileTask:
C2: 678912 16553       4       java.util.Arrays::sort (47 bytes)


---------------  P R O C E S S  ---------------

Java Threads: ( => current thread )
  0x000000001d352000 JavaThread "Cache worker for Java compile cache (D:\app\ShareBikeClient\.gradle\4.1\javaCompile)" [_thread_blocked, id=12184, stack(0x00000000274e0000,0x00000000275e0000)]
  0x000000001d350000 JavaThread "Task worker for ':' Thread 11" [_thread_blocked, id=3368, stack(0x00000000272e0000,0x00000000273e0000)]
  0x000000001d350800 JavaThread "Task worker for ':' Thread 10" [_thread_blocked, id=6224, stack(0x00000000271e0000,0x00000000272e0000)]
  0x000000001d356800 JavaThread "Task worker for ':' Thread 9" [_thread_blocked, id=5536, stack(0x0000000026eb0000,0x0000000026fb0000)]
  0x000000001d353800 JavaThread "Task worker for ':' Thread 8" [_thread_blocked, id=2948, stack(0x0000000026bb0000,0x0000000026cb0000)]
  0x000000001d356000 JavaThread "Task worker for ':' Thread 7" [_thread_blocked, id=9912, stack(0x00000000266b0000,0x00000000267b0000)]
  0x000000001d34e800 JavaThread "Task worker for ':' Thread 6" [_thread_blocked, id=10396, stack(0x00000000265b0000,0x00000000266b0000)]
  0x000000001ac09800 JavaThread "Task worker for ':' Thread 5" [_thread_blocked, id=10832, stack(0x00000000264b0000,0x00000000265b0000)]
  0x000000001ac10800 JavaThread "Task worker for ':' Thread 4" [_thread_blocked, id=12068, stack(0x0000000024ed0000,0x0000000024fd0000)]
  0x000000001ac0f000 JavaThread "Task worker for ':' Thread 3" [_thread_blocked, id=4168, stack(0x0000000024dd0000,0x0000000024ed0000)]
  0x000000001ac0d800 JavaThread "Task worker for ':' Thread 2" [_thread_blocked, id=11796, stack(0x00000000249d0000,0x0000000024ad0000)]
  0x000000001ac0e000 JavaThread "Task worker for ':'" [_thread_in_native, id=7972, stack(0x0000000022ca0000,0x0000000022da0000)]
  0x000000001ac0f800 JavaThread "Cache worker for task history cache (D:\app\ShareBikeClient\.gradle\4.1\taskHistory)" [_thread_blocked, id=7824, stack(0x00000000224a0000,0x00000000225a0000)]
  0x000000001ac05000 JavaThread "Cache worker for file content cache (D:\app\ShareBikeClient\.gradle\4.1\fileContent)" [_thread_blocked, id=12232, stack(0x00000000222a0000,0x00000000223a0000)]
  0x000000001ac06000 JavaThread "build operations Thread 12" [_thread_blocked, id=1932, stack(0x00000000221a0000,0x00000000222a0000)]
  0x000000001ac08000 JavaThread "build operations Thread 11" [_thread_blocked, id=12264, stack(0x00000000220a0000,0x00000000221a0000)]
  0x000000001ac07800 JavaThread "build operations Thread 10" [_thread_blocked, id=2436, stack(0x0000000021fa0000,0x00000000220a0000)]
  0x000000001ac0b000 JavaThread "build operations Thread 9" [_thread_blocked, id=11488, stack(0x0000000021ea0000,0x0000000021fa0000)]
  0x000000001ac06800 JavaThread "build operations Thread 8" [_thread_blocked, id=9296, stack(0x0000000021da0000,0x0000000021ea0000)]
  0x000000001ac02000 JavaThread "build operations Thread 7" [_thread_blocked, id=9428, stack(0x0000000021ca0000,0x0000000021da0000)]
  0x000000001ac03800 JavaThread "build operations Thread 6" [_thread_blocked, id=8360, stack(0x00000000207c0000,0x00000000208c0000)]
  0x000000001ac09000 JavaThread "build operations Thread 5" [_thread_blocked, id=10556, stack(0x00000000206c0000,0x00000000207c0000)]
  0x000000001d0fc800 JavaThread "build operations Thread 4" [_thread_blocked, id=2688, stack(0x0000000020370000,0x0000000020470000)]
  0x000000001d0fe000 JavaThread "build operations Thread 3" [_thread_blocked, id=424, stack(0x0000000020270000,0x0000000020370000)]
  0x000000001d0f2800 JavaThread "build operations Thread 2" [_thread_blocked, id=9688, stack(0x0000000020170000,0x0000000020270000)]
  0x000000001d0f2000 JavaThread "build operations" [_thread_blocked, id=2000, stack(0x000000001c860000,0x000000001c960000)]
  0x000000001d0f8000 JavaThread "Cache worker for Artifact transforms cache (C:\Users\Administrator\.gradle\caches\transforms-1)" [_thread_blocked, id=12208, stack(0x000000001c360000,0x000000001c460000)]
  0x000000001d0ef000 JavaThread "Cache worker for file hash cache (D:\app\ShareBikeClient\.gradle\4.1\fileHashes)" [_thread_blocked, id=960, stack(0x000000001c260000,0x000000001c360000)]
  0x000000001d0f5000 JavaThread "Stdin handler" [_thread_blocked, id=11996, stack(0x000000001c160000,0x000000001c260000)]
  0x000000001d0f0800 JavaThread "Asynchronous log dispatcher for DefaultDaemonConnection: socket connection from /127.0.0.1:54409 to /127.0.0.1:55084" [_thread_blocked, id=7732, stack(0x000000001bd60000,0x000000001be60000)]
  0x000000001d0f5800 JavaThread "Cancel handler" [_thread_blocked, id=8756, stack(0x000000001bc60000,0x000000001bd60000)]
  0x000000001d0f4000 JavaThread "Handler for socket connection from /127.0.0.1:54409 to /127.0.0.1:55084" [_thread_in_native, id=9844, stack(0x0000000000df0000,0x0000000000ef0000)]
  0x000000001d0fd000 JavaThread "ForkJoinPool.commonPool-worker-2" daemon [_thread_blocked, id=11036, stack(0x00000000278e0000,0x00000000279e0000)]
  0x000000001d0f6800 JavaThread "ForkJoinPool.commonPool-worker-7" daemon [_thread_blocked, id=11572, stack(0x00000000273e0000,0x00000000274e0000)]
  0x000000001d0fa000 JavaThread "ForkJoinPool.commonPool-worker-5" daemon [_thread_blocked, id=5552, stack(0x00000000223a0000,0x00000000224a0000)]
  0x000000001d353000 JavaThread "Daemon worker Thread 2" [_thread_blocked, id=4668, stack(0x000000001c060000,0x000000001c160000)]
  0x000000001d355000 JavaThread "Daemon Thread 2" [_thread_blocked, id=6464, stack(0x0000000000ff0000,0x00000000010f0000)]
  0x000000001ac03000 JavaThread "Memory manager" [_thread_blocked, id=10788, stack(0x00000000229a0000,0x0000000022aa0000)]
  0x000000001a1b4800 JavaThread "File lock request listener" [_thread_in_native, id=7880, stack(0x000000001c760000,0x000000001c860000)]
  0x000000001abbd800 JavaThread "Cache worker for file hash cache (C:\Users\Administrator\.gradle\caches\4.1\fileHashes)" [_thread_blocked, id=2868, stack(0x000000001c460000,0x000000001c560000)]
  0x000000001a69b000 JavaThread "Daemon periodic checks" [_thread_blocked, id=236, stack(0x000000001bb60000,0x000000001bc60000)]
  0x000000001a7ad800 JavaThread "Incoming local TCP Connector on port 54409" [_thread_in_native, id=11540, stack(0x000000001a7b0000,0x000000001a8b0000)]
  0x000000001757d000 JavaThread "Service Thread" daemon [_thread_blocked, id=11316, stack(0x0000000018de0000,0x0000000018ee0000)]
  0x00000000174ed800 JavaThread "C1 CompilerThread3" daemon [_thread_in_native, id=10852, stack(0x0000000018ce0000,0x0000000018de0000)]
=>0x00000000174ec800 JavaThread "C2 CompilerThread2" daemon [_thread_in_native, id=10408, stack(0x0000000018be0000,0x0000000018ce0000)]
  0x00000000174e8000 JavaThread "C2 CompilerThread1" daemon [_thread_blocked, id=11924, stack(0x0000000018ae0000,0x0000000018be0000)]
  0x0000000015dac000 JavaThread "C2 CompilerThread0" daemon [_thread_in_native, id=11304, stack(0x00000000189e0000,0x0000000018ae0000)]
  0x00000000174e0800 JavaThread "Attach Listener" daemon [_thread_blocked, id=11776, stack(0x00000000188e0000,0x00000000189e0000)]
  0x000000001748f800 JavaThread "Signal Dispatcher" daemon [_thread_blocked, id=1776, stack(0x00000000187e0000,0x00000000188e0000)]
  0x0000000017473800 JavaThread "Finalizer" daemon [_thread_blocked, id=5524, stack(0x00000000186e0000,0x00000000187e0000)]
  0x000000000307a000 JavaThread "Reference Handler" daemon [_thread_blocked, id=2708, stack(0x00000000185e0000,0x00000000186e0000)]
  0x0000000002f7e000 JavaThread "main" [_thread_blocked, id=9716, stack(0x0000000002e40000,0x0000000002f40000)]

Other Threads:
  0x0000000015d94800 VMThread [stack: 0x00000000184e0000,0x00000000185e0000] [id=11280]
  0x000000001757e000 WatcherThread [stack: 0x0000000018ee0000,0x0000000018fe0000] [id=1656]

VM state:not at safepoint (normal execution)

VM Mutex/Monitor currently owned by a thread: None

Heap:
 PSYoungGen      total 312320K, used 50776K [0x00000000eab00000, 0x0000000100000000, 0x0000000100000000)
  eden space 276480K, 17% used [0x00000000eab00000,0x00000000ed995598,0x00000000fb900000)
  from space 35840K, 8% used [0x00000000fb900000,0x00000000fbc00df8,0x00000000fdc00000)
  to   space 36352K, 0% used [0x00000000fdc80000,0x00000000fdc80000,0x0000000100000000)
 ParOldGen       total 278016K, used 83351K [0x00000000c0000000, 0x00000000d0f80000, 0x00000000eab00000)
  object space 278016K, 29% used [0x00000000c0000000,0x00000000c5165ee0,0x00000000d0f80000)
 Metaspace       used 74665K, capacity 77864K, committed 78040K, reserved 1118208K
  class space    used 9444K, capacity 10172K, committed 10240K, reserved 1048576K

Card table byte_map: [0x0000000012440000,0x0000000012650000] byte_map_base: 0x0000000011e40000

Marking Bits: (ParMarkBitMap*) 0x000000005d9c3950
 Begin Bits: [0x00000000131b0000, 0x00000000141b0000)
 End Bits:   [0x00000000141b0000, 0x00000000151b0000)

Polling page: 0x00000000009f0000

CodeCache: size=245760Kb used=44336Kb max_used=44336Kb free=201423Kb
 bounds [0x0000000003080000, 0x0000000005c10000, 0x0000000012080000]
 total_blobs=14168 nmethods=13328 adapters=752
 compilation: enabled

Compilation events (10 events):
Event: 678.874 Thread 0x00000000174ed800 16554       3       com.google.common.collect.ImmutableMapEntrySet$RegularEntrySet::iterator (5 bytes)
Event: 678.875 Thread 0x00000000174ed800 nmethod 16554 0x0000000005991490 code [0x0000000005991600, 0x00000000059918e8]
Event: 678.875 Thread 0x00000000174ed800 16555       3       org.gradle.internal.classloader.VisitableURLClassLoader$Spec::<init> (10 bytes)
Event: 678.875 Thread 0x00000000174ed800 nmethod 16555 0x00000000038a5090 code [0x00000000038a5200, 0x00000000038a5430]
Event: 678.878 Thread 0x00000000174ed800 16556       1       org.gradle.api.internal.tasks.execution.DefaultTaskExecutionContext::getTaskArtifactState (5 bytes)
Event: 678.878 Thread 0x00000000174ed800 nmethod 16556 0x00000000038a4d90 code [0x00000000038a4ee0, 0x00000000038a4ff0]
Event: 678.878 Thread 0x00000000174ed800 16557       3       org.gradle.internal.classloader.VisitableURLClassLoader::visit (34 bytes)
Event: 678.879 Thread 0x00000000174ed800 nmethod 16557 0x0000000004719790 code [0x0000000004719a20, 0x000000000471ad68]
Event: 678.879 Thread 0x00000000174ed800 16558       3       org.gradle.internal.classloader.ClassLoaderVisitor::visitSpec (1 bytes)
Event: 678.879 Thread 0x00000000174ed800 nmethod 16558 0x00000000052ab750 code [0x00000000052ab8a0, 0x00000000052ab9f0]

GC Heap History (10 events):
Event: 10.344 GC heap before
{Heap before GC invocations=18 (full 3):
 PSYoungGen      total 305152K, used 301504K [0x00000000eab00000, 0x0000000100000000, 0x0000000100000000)
  eden space 269312K, 99% used [0x00000000eab00000,0x00000000fb0de3c0,0x00000000fb200000)
  from space 35840K, 93% used [0x00000000fdd00000,0x00000000ffd91dc8,0x0000000100000000)
  to   space 39936K, 0% used [0x00000000fb200000,0x00000000fb200000,0x00000000fd900000)
 ParOldGen       total 278016K, used 49486K [0x00000000c0000000, 0x00000000d0f80000, 0x00000000eab00000)
  object space 278016K, 17% used [0x00000000c0000000,0x00000000c30538c0,0x00000000d0f80000)
 Metaspace       used 69264K, capacity 71796K, committed 72024K, reserved 1112064K
  class space    used 8929K, capacity 9518K, committed 9600K, reserved 1048576K
Event: 10.354 GC heap after
Heap after GC invocations=18 (full 3):
 PSYoungGen      total 309248K, used 19835K [0x00000000eab00000, 0x0000000100000000, 0x0000000100000000)
  eden space 269312K, 0% used [0x00000000eab00000,0x00000000eab00000,0x00000000fb200000)
  from space 39936K, 49% used [0x00000000fb200000,0x00000000fc55ee08,0x00000000fd900000)
  to   space 38400K, 0% used [0x00000000fda80000,0x00000000fda80000,0x0000000100000000)
 ParOldGen       total 278016K, used 64946K [0x00000000c0000000, 0x00000000d0f80000, 0x00000000eab00000)
  object space 278016K, 23% used [0x00000000c0000000,0x00000000c3f6c818,0x00000000d0f80000)
 Metaspace       used 69264K, capacity 71796K, committed 72024K, reserved 1112064K
  class space    used 8929K, capacity 9518K, committed 9600K, reserved 1048576K
}
Event: 10.577 GC heap before
{Heap before GC invocations=19 (full 3):
 PSYoungGen      total 309248K, used 288263K [0x00000000eab00000, 0x0000000100000000, 0x0000000100000000)
  eden space 269312K, 99% used [0x00000000eab00000,0x00000000fb122e90,0x00000000fb200000)
  from space 39936K, 49% used [0x00000000fb200000,0x00000000fc55ee08,0x00000000fd900000)
  to   space 38400K, 0% used [0x00000000fda80000,0x00000000fda80000,0x0000000100000000)
 ParOldGen       total 278016K, used 64946K [0x00000000c0000000, 0x00000000d0f80000, 0x00000000eab00000)
  object space 278016K, 23% used [0x00000000c0000000,0x00000000c3f6c818,0x00000000d0f80000)
 Metaspace       used 69284K, capacity 71796K, committed 72024K, reserved 1112064K
  class space    used 8929K, capacity 9518K, committed 9600K, reserved 1048576K
Event: 10.583 GC heap after
Heap after GC invocations=19 (full 3):
 PSYoungGen      total 303616K, used 18995K [0x00000000eab00000, 0x00000000ffa80000, 0x0000000100000000)
  eden space 270848K, 0% used [0x00000000eab00000,0x00000000eab00000,0x00000000fb380000)
  from space 32768K, 57% used [0x00000000fda80000,0x00000000fed0cd80,0x00000000ffa80000)
  to   space 36352K, 0% used [0x00000000fb380000,0x00000000fb380000,0x00000000fd700000)
 ParOldGen       total 278016K, used 69836K [0x00000000c0000000, 0x00000000d0f80000, 0x00000000eab00000)
  object space 278016K, 25% used [0x00000000c0000000,0x00000000c4433110,0x00000000d0f80000)
 Metaspace       used 69284K, capacity 71796K, committed 72024K, reserved 1112064K
  class space    used 8929K, capacity 9518K, committed 9600K, reserved 1048576K
}
Event: 10.606 GC heap before
{Heap before GC invocations=20 (full 3):
 PSYoungGen      total 303616K, used 288848K [0x00000000eab00000, 0x00000000ffa80000, 0x0000000100000000)
  eden space 270848K, 99% used [0x00000000eab00000,0x00000000fb287548,0x00000000fb380000)
  from space 32768K, 57% used [0x00000000fda80000,0x00000000fed0cd80,0x00000000ffa80000)
  to   space 36352K, 0% used [0x00000000fb380000,0x00000000fb380000,0x00000000fd700000)
 ParOldGen       total 278016K, used 69836K [0x00000000c0000000, 0x00000000d0f80000, 0x00000000eab00000)
  object space 278016K, 25% used [0x00000000c0000000,0x00000000c4433110,0x00000000d0f80000)
 Metaspace       used 69284K, capacity 71796K, committed 72024K, reserved 1112064K
  class space    used 8929K, capacity 9518K, committed 9600K, reserved 1048576K
Event: 10.611 GC heap after
Heap after GC invocations=20 (full 3):
 PSYoungGen      total 307200K, used 9662K [0x00000000eab00000, 0x0000000100000000, 0x0000000100000000)
  eden space 270848K, 0% used [0x00000000eab00000,0x00000000eab00000,0x00000000fb380000)
  from space 36352K, 26% used [0x00000000fb380000,0x00000000fbcefb78,0x00000000fd700000)
  to   space 36352K, 0% used [0x00000000fdc80000,0x00000000fdc80000,0x0000000100000000)
 ParOldGen       total 278016K, used 77538K [0x00000000c0000000, 0x00000000d0f80000, 0x00000000eab00000)
  object space 278016K, 27% used [0x00000000c0000000,0x00000000c4bb8828,0x00000000d0f80000)
 Metaspace       used 69284K, capacity 71796K, committed 72024K, reserved 1112064K
  class space    used 8929K, capacity 9518K, committed 9600K, reserved 1048576K
}
Event: 618.688 GC heap before
{Heap before GC invocations=21 (full 3):
 PSYoungGen      total 307200K, used 280510K [0x00000000eab00000, 0x0000000100000000, 0x0000000100000000)
  eden space 270848K, 100% used [0x00000000eab00000,0x00000000fb380000,0x00000000fb380000)
  from space 36352K, 26% used [0x00000000fb380000,0x00000000fbcefb78,0x00000000fd700000)
  to   space 36352K, 0% used [0x00000000fdc80000,0x00000000fdc80000,0x0000000100000000)
 ParOldGen       total 278016K, used 77538K [0x00000000c0000000, 0x00000000d0f80000, 0x00000000eab00000)
  object space 278016K, 27% used [0x00000000c0000000,0x00000000c4bb8828,0x00000000d0f80000)
 Metaspace       used 74134K, capacity 77250K, committed 77400K, reserved 1116160K
  class space    used 9417K, capacity 10103K, committed 10112K, reserved 1048576K
Event: 618.694 GC heap after
Heap after GC invocations=21 (full 3):
 PSYoungGen      total 311808K, used 10051K [0x00000000eab00000, 0x00000000fff00000, 0x0000000100000000)
  eden space 276480K, 0% used [0x00000000eab00000,0x00000000eab00000,0x00000000fb900000)
  from space 35328K, 28% used [0x00000000fdc80000,0x00000000fe650ec0,0x00000000fff00000)
  to   space 35840K, 0% used [0x00000000fb900000,0x00000000fb900000,0x00000000fdc00000)
 ParOldGen       total 278016K, used 78120K [0x00000000c0000000, 0x00000000d0f80000, 0x00000000eab00000)
  object space 278016K, 28% used [0x00000000c0000000,0x00000000c4c4a220,0x00000000d0f80000)
 Metaspace       used 74134K, capacity 77250K, committed 77400K, reserved 1116160K
  class space    used 9417K, capacity 10103K, committed 10112K, reserved 1048576K
}
Event: 678.430 GC heap before
{Heap before GC invocations=22 (full 3):
 PSYoungGen      total 311808K, used 286531K [0x00000000eab00000, 0x00000000fff00000, 0x0000000100000000)
  eden space 276480K, 100% used [0x00000000eab00000,0x00000000fb900000,0x00000000fb900000)
  from space 35328K, 28% used [0x00000000fdc80000,0x00000000fe650ec0,0x00000000fff00000)
  to   space 35840K, 0% used [0x00000000fb900000,0x00000000fb900000,0x00000000fdc00000)
 ParOldGen       total 278016K, used 78120K [0x00000000c0000000, 0x00000000d0f80000, 0x00000000eab00000)
  object space 278016K, 28% used [0x00000000c0000000,0x00000000c4c4a220,0x00000000d0f80000)
 Metaspace       used 74468K, capacity 77662K, committed 77784K, reserved 1116160K
  class space    used 9431K, capacity 10149K, committed 10240K, reserved 1048576K
Event: 678.434 GC heap after
Heap after GC invocations=22 (full 3):
 PSYoungGen      total 312320K, used 3075K [0x00000000eab00000, 0x0000000100000000, 0x0000000100000000)
  eden space 276480K, 0% used [0x00000000eab00000,0x00000000eab00000,0x00000000fb900000)
  from space 35840K, 8% used [0x00000000fb900000,0x00000000fbc00df8,0x00000000fdc00000)
  to   space 36352K, 0% used [0x00000000fdc80000,0x00000000fdc80000,0x0000000100000000)
 ParOldGen       total 278016K, used 83351K [0x00000000c0000000, 0x00000000d0f80000, 0x00000000eab00000)
  object space 278016K, 29% used [0x00000000c0000000,0x00000000c5165ee0,0x00000000d0f80000)
 Metaspace       used 74468K, capacity 77662K, committed 77784K, reserved 1116160K
  class space    used 9431K, capacity 10149K, committed 10240K, reserved 1048576K
}

Deoptimization events (10 events):
Event: 678.276 Thread 0x000000001d353000 Uncommon trap: reason=array_check action=maybe_recompile pc=0x000000000327b484 method=java.util.ComparableTimSort.binarySort([Ljava/lang/Object;III)V @ 215
Event: 678.434 Thread 0x000000000307a000 Uncommon trap: reason=unstable_if action=reinterpret pc=0x000000000360a9f4 method=java.lang.ref.Reference.tryHandlePending(Z)Z @ 20
Event: 678.481 Thread 0x000000001ac02000 Uncommon trap: reason=unstable_if action=reinterpret pc=0x0000000003b0726c method=java.util.concurrent.ConcurrentLinkedQueue.offer(Ljava/lang/Object;)Z @ 40
Event: 678.674 Thread 0x000000001ac0e000 Uncommon trap: reason=unstable_if action=reinterpret pc=0x00000000047d6b30 method=com.sun.tools.javac.util.BaseFileManager.getKind(Ljava/lang/String;)Ljavax/tools/JavaFileObject$Kind; @ 10
Event: 678.675 Thread 0x000000001ac0e000 Uncommon trap: reason=unstable_if action=reinterpret pc=0x0000000004cd3944 method=java.util.EnumSet.noneOf(Ljava/lang/Class;)Ljava/util/EnumSet; @ 40
Event: 678.675 Thread 0x000000001ac0e000 Uncommon trap: reason=unstable_if action=reinterpret pc=0x00000000047d97d4 method=com.sun.tools.javac.file.Locations.lazy()V @ 4
Event: 678.713 Thread 0x000000001ac0e000 Uncommon trap: reason=unstable_if action=reinterpret pc=0x0000000004879fa4 method=com.sun.tools.javac.code.Types$18.visitClassType(Lcom/sun/tools/javac/code/Type$ClassType;Ljava/lang/Void;)Lcom/sun/tools/javac/code/Type; @ 4
Event: 678.758 Thread 0x000000001ac0e000 Uncommon trap: reason=unstable_if action=reinterpret pc=0x0000000004db1ae0 method=com.sun.tools.javac.code.Lint$AugmentVisitor.initSyms()V @ 4
Event: 678.759 Thread 0x000000001ac0e000 Uncommon trap: reason=unstable_if action=reinterpret pc=0x0000000004be4894 method=com.sun.tools.javac.code.Types.rank(Lcom/sun/tools/javac/code/Type;)I @ 88
Event: 678.759 Thread 0x000000001ac0e000 Uncommon trap: reason=unstable_if action=reinterpret pc=0x0000000004a1ca44 method=com.sun.tools.javac.code.Types.rank(Lcom/sun/tools/javac/code/Type;)I @ 88

Classes redefined (0 events):
No events

Internal exceptions (10 events):
Event: 11.082 Thread 0x000000001a045800 Exception <a 'java/lang/NoSuchMethodError': <clinit>> (0x00000000f0dc1d78) thrown at [D:\src\AOSP-openjdk-cygwin\jdk8u\hotspot\src\share\vm\prims\jni.cpp, line 1613]
Event: 11.082 Thread 0x000000001a045800 Exception <a 'java/lang/NoSuchMethodError': <clinit>> (0x00000000f0dd4d50) thrown at [D:\src\AOSP-openjdk-cygwin\jdk8u\hotspot\src\share\vm\prims\jni.cpp, line 1613]
Event: 11.082 Thread 0x000000001a045800 Exception <a 'java/lang/NoSuchMethodError': <clinit>> (0x00000000f0dd9430) thrown at [D:\src\AOSP-openjdk-cygwin\jdk8u\hotspot\src\share\vm\prims\jni.cpp, line 1613]
Event: 11.090 Thread 0x000000001a05c800 Exception <a 'java/lang/NoSuchMethodError': <clinit>> (0x00000000f100c050) thrown at [D:\src\AOSP-openjdk-cygwin\jdk8u\hotspot\src\share\vm\prims\jni.cpp, line 1613]
Event: 617.322 Thread 0x000000001d353000 Exception <a 'java/lang/ClassNotFoundException': sync_local_repo7437_3ck2ux5937xgdd30140qnc1jlBeanInfo> (0x00000000f20e9af0) thrown at [D:\src\AOSP-openjdk-cygwin\jdk8u\hotspot\src\share\vm\classfile\systemDictionary.cpp, line 210]
Event: 617.322 Thread 0x000000001d353000 Exception <a 'java/lang/ClassNotFoundException': sync_local_repo7437_3ck2ux5937xgdd30140qnc1jlCustomizer> (0x00000000f20f4420) thrown at [D:\src\AOSP-openjdk-cygwin\jdk8u\hotspot\src\share\vm\classfile\systemDictionary.cpp, line 210]
Event: 619.812 Thread 0x000000001d353000 Implicit null exception at 0x0000000004fcf8f5 to 0x0000000004fcfbdd
Event: 619.823 Thread 0x000000001d353000 Exception <a 'sun/nio/fs/WindowsException'> (0x00000000f776f228) thrown at [D:\src\AOSP-openjdk-cygwin\jdk8u\hotspot\src\share\vm\prims\jni.cpp, line 709]
Event: 678.265 Thread 0x000000001d353000 Exception <a 'java/lang/ClassNotFoundException': sync_local_repo5505_91jyj0nxkp0ik5qbg2bxh81ewBeanInfo> (0x00000000f846c1f8) thrown at [D:\src\AOSP-openjdk-cygwin\jdk8u\hotspot\src\share\vm\classfile\systemDictionary.cpp, line 210]
Event: 678.265 Thread 0x000000001d353000 Exception <a 'java/lang/ClassNotFoundException': sync_local_repo5505_91jyj0nxkp0ik5qbg2bxh81ewCustomizer> (0x00000000f8476b28) thrown at [D:\src\AOSP-openjdk-cygwin\jdk8u\hotspot\src\share\vm\classfile\systemDictionary.cpp, line 210]

Events (10 events):
Event: 678.736 Thread 0x00000000174ed800 flushing nmethod 0x00000000059912d0
Event: 678.758 Thread 0x000000001ac0e000 Uncommon trap: trap_request=0xffffff65 fr.pc=0x0000000004db1ae0
Event: 678.758 Thread 0x000000001ac0e000 DEOPT PACKING pc=0x0000000004db1ae0 sp=0x0000000022d9ca40
Event: 678.758 Thread 0x000000001ac0e000 DEOPT UNPACKING pc=0x00000000030c556a sp=0x0000000022d9c990 mode 2
Event: 678.759 Thread 0x000000001ac0e000 Uncommon trap: trap_request=0xffffff65 fr.pc=0x0000000004be4894
Event: 678.759 Thread 0x000000001ac0e000 DEOPT PACKING pc=0x0000000004be4894 sp=0x0000000022d9c4f0
Event: 678.759 Thread 0x000000001ac0e000 DEOPT UNPACKING pc=0x00000000030c556a sp=0x0000000022d9c428 mode 2
Event: 678.759 Thread 0x000000001ac0e000 Uncommon trap: trap_request=0xffffff65 fr.pc=0x0000000004a1ca44
Event: 678.759 Thread 0x000000001ac0e000 DEOPT PACKING pc=0x0000000004a1ca44 sp=0x0000000022d9c420
Event: 678.759 Thread 0x000000001ac0e000 DEOPT UNPACKING pc=0x00000000030c556a sp=0x0000000022d9c3b0 mode 2


Dynamic libraries:
0x00007ff679920000 - 0x00007ff679951000 	D:\android\app\jre\bin\java.exe
0x00007ff86c7f0000 - 0x00007ff86c9e8000 	C:\Windows\SYSTEM32\ntdll.dll
0x00007ff86ad10000 - 0x00007ff86adcf000 	C:\Windows\System32\KERNEL32.DLL
0x00007ff86a070000 - 0x00007ff86a342000 	C:\Windows\System32\KERNELBASE.dll
0x00007ff86c580000 - 0x00007ff86c62e000 	C:\Windows\System32\ADVAPI32.dll
0x00007ff86a900000 - 0x00007ff86a99e000 	C:\Windows\System32\msvcrt.dll
0x00007ff86c230000 - 0x00007ff86c2cc000 	C:\Windows\System32\sechost.dll
0x00007ff86ae80000 - 0x00007ff86afa4000 	C:\Windows\System32\RPCRT4.dll
0x00007ff86a9b0000 - 0x00007ff86ab51000 	C:\Windows\System32\USER32.dll
0x00007ff86a040000 - 0x00007ff86a062000 	C:\Windows\System32\win32u.dll
0x00007ff86bd70000 - 0x00007ff86bd9b000 	C:\Windows\System32\GDI32.dll
0x00007ff86a730000 - 0x00007ff86a83f000 	C:\Windows\System32\gdi32full.dll
0x00007ff86a530000 - 0x00007ff86a5cd000 	C:\Windows\System32\msvcp_win.dll
0x00007ff86a430000 - 0x00007ff86a530000 	C:\Windows\System32\ucrtbase.dll
0x00007ff8692f0000 - 0x00007ff86958a000 	C:\Windows\WinSxS\amd64_microsoft.windows.common-controls_6595b64144ccf1df_6.0.19041.1110_none_60b5254171f9507e\COMCTL32.dll
0x00007ff86c350000 - 0x00007ff86c380000 	C:\Windows\System32\IMM32.DLL
0x000000005d040000 - 0x000000005d112000 	D:\android\app\jre\jre\bin\msvcr100.dll
0x000000005d200000 - 0x000000005da3e000 	D:\android\app\jre\jre\bin\server\jvm.dll
0x00007ff86a9a0000 - 0x00007ff86a9a8000 	C:\Windows\System32\PSAPI.DLL
0x00007ff867160000 - 0x00007ff867169000 	C:\Windows\SYSTEM32\WSOCK32.dll
0x00007ff861440000 - 0x00007ff86144a000 	C:\Windows\SYSTEM32\VERSION.dll
0x00007ff855530000 - 0x00007ff855557000 	C:\Windows\SYSTEM32\WINMM.dll
0x00007ff86c3e0000 - 0x00007ff86c44b000 	C:\Windows\System32\WS2_32.dll
0x00007ff866490000 - 0x00007ff86649f000 	D:\android\app\jre\jre\bin\verify.dll
0x00007ff857cc0000 - 0x00007ff857ce9000 	D:\android\app\jre\jre\bin\java.dll
0x00007ff857d60000 - 0x00007ff857d76000 	D:\android\app\jre\jre\bin\zip.dll
0x00007ff86b2c0000 - 0x00007ff86ba05000 	C:\Windows\System32\SHELL32.dll
0x00007ff867940000 - 0x00007ff8680d2000 	C:\Windows\SYSTEM32\windows.storage.dll
0x00007ff86ba10000 - 0x00007ff86bd65000 	C:\Windows\System32\combase.dll
0x00007ff869250000 - 0x00007ff869280000 	C:\Windows\SYSTEM32\Wldp.dll
0x00007ff86a850000 - 0x00007ff86a8fd000 	C:\Windows\System32\SHCORE.dll
0x00007ff86b130000 - 0x00007ff86b185000 	C:\Windows\System32\shlwapi.dll
0x00007ff869e30000 - 0x00007ff869e4f000 	C:\Windows\SYSTEM32\profapi.dll
0x00007ff857ca0000 - 0x00007ff857cba000 	D:\android\app\jre\jre\bin\net.dll
0x00007ff869120000 - 0x00007ff86918a000 	C:\Windows\system32\mswsock.dll
0x00007ff857bd0000 - 0x00007ff857be1000 	D:\android\app\jre\jre\bin\nio.dll
0x00007ff8620f0000 - 0x00007ff86210e000 	C:\Users\Administrator\.gradle\native\25\windows-amd64\native-platform.dll
0x00007ff864940000 - 0x00007ff86494d000 	D:\android\app\jre\jre\bin\management.dll
0x00007ff869c80000 - 0x00007ff869c98000 	C:\Windows\SYSTEM32\CRYPTSP.dll
0x00007ff868930000 - 0x00007ff868964000 	C:\Windows\system32\rsaenh.dll
0x00007ff869ef0000 - 0x00007ff869f17000 	C:\Windows\System32\bcrypt.dll
0x00007ff869df0000 - 0x00007ff869e1e000 	C:\Windows\SYSTEM32\USERENV.dll
0x00007ff86a350000 - 0x00007ff86a3d2000 	C:\Windows\System32\bcryptprimitives.dll
0x00007ff869210000 - 0x00007ff86921c000 	C:\Windows\SYSTEM32\CRYPTBASE.dll
0x00007ff868ca0000 - 0x00007ff868cdb000 	C:\Windows\SYSTEM32\IPHLPAPI.DLL
0x00007ff86afb0000 - 0x00007ff86afb8000 	C:\Windows\System32\NSI.dll
0x00007ff862970000 - 0x00007ff862987000 	C:\Windows\SYSTEM32\dhcpcsvc6.DLL
0x00007ff862950000 - 0x00007ff86296d000 	C:\Windows\SYSTEM32\dhcpcsvc.DLL
0x00007ff868ce0000 - 0x00007ff868dab000 	C:\Windows\SYSTEM32\DNSAPI.dll
0x00007ff869c40000 - 0x00007ff869c73000 	C:\Windows\SYSTEM32\ntmarta.dll
0x00007ff8698a0000 - 0x00007ff869a84000 	C:\Windows\SYSTEM32\dbghelp.dll

VM Arguments:
jvm_args: -XX:+HeapDumpOnOutOfMemoryError -Xmx1024m -Dfile.encoding=GBK -Duser.country=CN -Duser.language=zh -Duser.variant 
java_command: org.gradle.launcher.daemon.bootstrap.GradleDaemon 4.1
java_class_path (initial): D:\android\app\gradle\gradle-4.1\lib\gradle-launcher-4.1.jar
Launcher Type: SUN_STANDARD

Environment Variables:
JAVA_HOME=C:\Program Files\Java\jdk1.8.0_281
PATH=C:\Program Files (x86)\Common Files\Oracle\Java\javapath;D:\VMmare\bin\;C:\Windows\system32;C:\Windows;C:\Windows\System32\Wbem;C:\Windows\System32\WindowsPowerShell\v1.0\;C:\Windows\System32\OpenSSH\;C:\Program Files\Tomact\apache-tomcat-8.0.50\bin;C:\Program Files\Tomact\apache-tomcat-8.0.50\lib;C:\Program Files\Java\jdk1.8.0_281\bin;D:\program\apache-maven-3.6.1\bin;D:\android\SDK\platform-tools;D:\Program Files\Nox\bin;D:\eclipse毕业设计专套\java\apache-tomcat-7.0.65-windows-x64\apache-tomcat-7.0.65\bin;C:\Program Files\dotnet\;C:\Program Files\MySQL\MySQL Server 8.0\bin;C:\Users\Administrator\AppData\Local\Microsoft\WindowsApps;D:\oeder\解压\;D:\IntelliJ IDEA\bin;
USERNAME=Administrator
OS=Windows_NT
PROCESSOR_IDENTIFIER=Intel64 Family 6 Model 158 Stepping 10, GenuineIntel



---------------  S Y S T E M  ---------------

OS: Windows 10.0 , 64 bit Build 19041 (10.0.19041.2546)

CPU:total 12 (initial active 12) (6 cores per cpu, 2 threads per core) family 6 model 158 stepping 10, cmov, cx8, fxsr, mmx, sse, sse2, sse3, ssse3, sse4.1, sse4.2, popcnt, avx, avx2, aes, clmul, erms, 3dnowpref, lzcnt, ht, tsc, tscinvbit, bmi1, bmi2, adx

Memory: 4k page, physical 16610356k(9216068k free), swap 33387572k(22244840k free)

vm_info: OpenJDK 64-Bit Server VM (25.152-b01) for windows-amd64 JRE (1.8.0_152-release-915-b01), built by "builder" with MS VC++ 10.0 (VS2010)

time: Wed Mar 29 15:25:21 2023
elapsed time: 678 seconds (0d 0h 11m 18s)

