#
# A fatal error has been detected by the Java Runtime Environment:
#
#  EXCEPTION_ACCESS_VIOLATION (0xc0000005) at pc=0x000000006541a45f, pid=5444, tid=0x000000000000198c
#
# JRE version: OpenJDK Runtime Environment (8.0_152-b01) (build 1.8.0_152-release-915-b01)
# Java VM: OpenJDK 64-Bit Server VM (25.152-b01 mixed mode windows-amd64 compressed oops)
# Problematic frame:
# V  [jvm.dll+0x3ca45f]
#
# Failed to write core dump. Minidumps are not enabled by default on client versions of Windows
#
# If you would like to submit a bug report, please visit:
#   http://bugreport.java.com/bugreport/crash.jsp
#

---------------  T H R E A D  ---------------

Current thread (0x0000000003508800):  GCTaskThread [stack: 0x0000000012e20000,0x0000000012f20000] [id=6540]

siginfo: ExceptionCode=0xc0000005, reading address 0x0000000104065ad8

Registers:
RAX=0x00000000c18d9368, RBX=0x0000000012f1fba8, RCX=0x0000000000000003, RDX=0x00000000390fce50
RSP=0x0000000012f1fb00, RBP=0x0000000007540000, RSI=0x000000000753ac39, RDI=0x0000000000000003
R8 =0x00000000c18d9368, R9 =0x0000000104065ad0, R10=0x00000000001d5000, R11=0x00000000c18d9368
R12=0x0000000065813950, R13=0x0000000000000753, R14=0x00000000faa00000, R15=0x0000000012f1fba8
RIP=0x000000006541a45f, EFLAGS=0x0000000000010202

Top of Stack: (sp=0x0000000012f1fb00)
0x0000000012f1fb00:   0000000012f1fba8 0000000007540000
0x0000000012f1fb10:   000000000753ac36 0000000065418b85
0x0000000012f1fb20:   0000000007540000 000000006540fcfd
0x0000000012f1fb30:   000000000753ac37 000000006541b4da
0x0000000012f1fb40:   00000000000066c1 000000006541a2af
0x0000000012f1fb50:   00000000fc17fb10 00000000faa00000
0x0000000012f1fb60:   0000000000000753 0000000000000002
0x0000000012f1fb70:   0000000001760000 000000006541b754
0x0000000012f1fb80:   00000000c2280000 0000000012f1fbe8
0x0000000012f1fb90:   00000000c2280000 0000000012f1fbe8
0x0000000012f1fba0:   0000000001760000 0000000065664978
0x0000000012f1fbb0:   0000000065813950 00000000035e6640
0x0000000012f1fbc0:   0000000000004d93 00000000fa9d61b8
0x0000000012f1fbd0:   0000000003502300 00000000c18d9368
0x0000000012f1fbe0:   0000000000000000 0000000003508eb0
0x0000000012f1fbf0:   0000000003508ea0 00000000034fda10 

Instructions: (pc=0x000000006541a45f)
0x000000006541a43f:   4c 8b 43 30 74 16 45 8b 48 08 8b 0d 09 02 39 00
0x000000006541a44f:   49 d3 e1 4c 03 0d f7 01 39 00 eb 04 4d 8b 48 08
0x000000006541a45f:   41 81 79 08 00 00 00 c0 73 10 49 8b 01 48 8b 53
0x000000006541a46f:   10 49 8b c9 ff 90 28 01 00 00 48 29 7b 18 48 8d 


Register to memory mapping:

RAX=
[error occurred during error reporting (printing register info), id 0xc0000005]

Stack: [0x0000000012e20000,0x0000000012f20000],  sp=0x0000000012f1fb00,  free space=1022k
Native frames: (J=compiled Java code, j=interpreted, Vv=VM code, C=native code)
V  [jvm.dll+0x3ca45f]
V  [jvm.dll+0x3bfcfd]
V  [jvm.dll+0x3cb754]
V  [jvm.dll+0x3c0bdd]
V  [jvm.dll+0x3be2ce]
V  [jvm.dll+0x26d4aa]
C  [msvcr100.dll+0x21d9f]
C  [msvcr100.dll+0x21e3b]
C  [KERNEL32.DLL+0x17604]
C  [ntdll.dll+0x526a1]


---------------  P R O C E S S  ---------------

Java Threads: ( => current thread )
  0x000000001abaf000 JavaThread "Memory manager" [_thread_blocked, id=8600, stack(0x0000000023140000,0x0000000023240000)]
  0x000000001abae000 JavaThread "build operations Thread 12" [_thread_blocked, id=6576, stack(0x0000000022a40000,0x0000000022b40000)]
  0x000000001abad800 JavaThread "build operations Thread 11" [_thread_blocked, id=2612, stack(0x0000000022940000,0x0000000022a40000)]
  0x000000001abac000 JavaThread "build operations Thread 10" [_thread_blocked, id=2704, stack(0x0000000022840000,0x0000000022940000)]
  0x000000001abaa800 JavaThread "build operations Thread 9" [_thread_blocked, id=12656, stack(0x0000000022740000,0x0000000022840000)]
  0x000000001aba9000 JavaThread "build operations Thread 8" [_thread_blocked, id=10156, stack(0x0000000022640000,0x0000000022740000)]
  0x000000001aba9800 JavaThread "build operations Thread 7" [_thread_blocked, id=12432, stack(0x0000000022540000,0x0000000022640000)]
  0x000000001abac800 JavaThread "build operations Thread 6" [_thread_blocked, id=8492, stack(0x0000000022440000,0x0000000022540000)]
  0x000000001d200800 JavaThread "build operations Thread 5" [_thread_blocked, id=6044, stack(0x0000000022340000,0x0000000022440000)]
  0x000000001d206800 JavaThread "build operations Thread 4" [_thread_blocked, id=10484, stack(0x0000000022240000,0x0000000022340000)]
  0x000000001d205000 JavaThread "build operations Thread 3" [_thread_blocked, id=8264, stack(0x0000000022140000,0x0000000022240000)]
  0x000000001d203800 JavaThread "build operations Thread 2" [_thread_blocked, id=10196, stack(0x0000000022040000,0x0000000022140000)]
  0x000000001d207800 JavaThread "build operations" [_thread_blocked, id=8284, stack(0x00000000214a0000,0x00000000215a0000)]
  0x000000001d202000 JavaThread "Cache worker for Artifact transforms cache (C:\Users\Administrator\.gradle\caches\transforms-1)" [_thread_blocked, id=12136, stack(0x0000000021860000,0x0000000021960000)]
  0x000000001b00b800 JavaThread "Cache worker for file hash cache (D:\app\root\DustBin\.gradle\4.1\fileHashes)" [_thread_blocked, id=7260, stack(0x000000001cdb0000,0x000000001ceb0000)]
  0x000000001a599800 JavaThread "File lock request listener" [_thread_in_native, id=1356, stack(0x000000001ccb0000,0x000000001cdb0000)]
  0x000000001a598800 JavaThread "Cache worker for file hash cache (C:\Users\Administrator\.gradle\caches\4.1\fileHashes)" [_thread_blocked, id=10904, stack(0x000000001c9b0000,0x000000001cab0000)]
  0x000000001a410800 JavaThread "Stdin handler" [_thread_blocked, id=1796, stack(0x000000001c8b0000,0x000000001c9b0000)]
  0x000000001a40f800 JavaThread "Asynchronous log dispatcher for DefaultDaemonConnection: socket connection from /127.0.0.1:56490 to /127.0.0.1:56491" [_thread_blocked, id=13208, stack(0x000000001c7b0000,0x000000001c8b0000)]
  0x000000001a5a3800 JavaThread "Daemon worker" [_thread_blocked, id=2356, stack(0x000000001c6b0000,0x000000001c7b0000)]
  0x000000001a5ff800 JavaThread "Cancel handler" [_thread_blocked, id=5260, stack(0x000000001c5b0000,0x000000001c6b0000)]
  0x000000001ad83000 JavaThread "Handler for socket connection from /127.0.0.1:56490 to /127.0.0.1:56491" [_thread_in_native, id=4932, stack(0x000000001c2b0000,0x000000001c3b0000)]
  0x000000001a444800 JavaThread "Daemon" [_thread_blocked, id=5724, stack(0x000000001c1b0000,0x000000001c2b0000)]
  0x000000001a6da000 JavaThread "Daemon periodic checks" [_thread_blocked, id=7564, stack(0x000000001c0b0000,0x000000001c1b0000)]
  0x000000001a6d7000 JavaThread "Incoming local TCP Connector on port 56490" [_thread_in_native, id=3028, stack(0x000000001bf00000,0x000000001c000000)]
  0x0000000017af7800 JavaThread "Service Thread" daemon [_thread_blocked, id=8296, stack(0x0000000019360000,0x0000000019460000)]
  0x0000000017a6d800 JavaThread "C1 CompilerThread3" daemon [_thread_blocked, id=10020, stack(0x0000000019260000,0x0000000019360000)]
  0x0000000017a6d000 JavaThread "C2 CompilerThread2" daemon [_thread_blocked, id=6600, stack(0x0000000019160000,0x0000000019260000)]
  0x0000000017a68000 JavaThread "C2 CompilerThread1" daemon [_thread_blocked, id=5016, stack(0x0000000019060000,0x0000000019160000)]
  0x000000001631d800 JavaThread "C2 CompilerThread0" daemon [_thread_blocked, id=4828, stack(0x0000000018f60000,0x0000000019060000)]
  0x000000001631a000 JavaThread "Attach Listener" daemon [_thread_blocked, id=2556, stack(0x0000000018e60000,0x0000000018f60000)]
  0x0000000017a62800 JavaThread "Signal Dispatcher" daemon [_thread_blocked, id=7208, stack(0x0000000018d60000,0x0000000018e60000)]
  0x00000000035ea800 JavaThread "Finalizer" daemon [_thread_blocked, id=1168, stack(0x0000000018c60000,0x0000000018d60000)]
  0x00000000035e9000 JavaThread "Reference Handler" daemon [_thread_blocked, id=3164, stack(0x0000000018b60000,0x0000000018c60000)]
  0x00000000033ed800 JavaThread "main" [_thread_blocked, id=5528, stack(0x00000000033f0000,0x00000000034f0000)]

Other Threads:
  0x0000000016304800 VMThread [stack: 0x0000000018a60000,0x0000000018b60000] [id=2996]
  0x0000000017af9000 WatcherThread [stack: 0x0000000019460000,0x0000000019560000] [id=12504]

=>0x0000000003508800 (exited) GCTaskThread [stack: 0x0000000012e20000,0x0000000012f20000] [id=6540]

VM state:at safepoint (normal execution)

VM Mutex/Monitor currently owned by a thread:  ([mutex/lock_event])
[0x00000000033ec880] Threads_lock - owner thread: 0x0000000016304800
[0x00000000033ec400] Heap_lock - owner thread: 0x000000001a5a3800

Heap:
 PSYoungGen      total 285184K, used 24574K [0x00000000eab00000, 0x0000000100000000, 0x0000000100000000)
  eden space 260608K, 0% used [0x00000000eab00000,0x00000000eab00000,0x00000000fa980000)
  from space 24576K, 99% used [0x00000000fa980000,0x00000000fc17fb10,0x00000000fc180000)
  to   space 29184K, 0% used [0x00000000fe380000,0x00000000fe380000,0x0000000100000000)
 ParOldGen       total 138240K, used 35551K [0x00000000c0000000, 0x00000000c8700000, 0x00000000eab00000)
  object space 138240K, 25% used [0x00000000c0000000,0x00000000c22b7d00,0x00000000c8700000)
 Metaspace       used 56395K, capacity 58880K, committed 59028K, reserved 1099776K
  class space    used 7736K, capacity 8342K, committed 8448K, reserved 1048576K

Card table byte_map: [0x00000000129b0000,0x0000000012bc0000] byte_map_base: 0x00000000123b0000

Marking Bits: (ParMarkBitMap*) 0x0000000065813950
 Begin Bits: [0x0000000013720000, 0x0000000014720000)
 End Bits:   [0x0000000014720000, 0x0000000015720000)

Polling page: 0x0000000001730000

CodeCache: size=245760Kb used=22656Kb max_used=22853Kb free=223103Kb
 bounds [0x00000000035f0000, 0x0000000004c60000, 0x00000000125f0000]
 total_blobs=7385 nmethods=6621 adapters=676
 compilation: enabled

Compilation events (10 events):
Event: 7.555 Thread 0x0000000017a6d800 7494       1       java.lang.reflect.Constructor::getRawParameterAnnotations (5 bytes)
Event: 7.555 Thread 0x0000000017a6d800 nmethod 7494 0x0000000003a0ae50 code [0x0000000003a0afa0, 0x0000000003a0b0b0]
Event: 7.560 Thread 0x0000000017a6d800 7498       3       java.io.ObjectOutputStream::writeShort (9 bytes)
Event: 7.560 Thread 0x0000000017a6d800 nmethod 7498 0x0000000004107b10 code [0x0000000004107c80, 0x0000000004107e08]
Event: 7.561 Thread 0x0000000017a6d800 7499       3       java.io.ObjectStreamClass::matchFields (247 bytes)
Event: 7.562 Thread 0x0000000017a6d800 nmethod 7499 0x0000000004361150 code [0x00000000043614c0, 0x00000000043632f8]
Event: 7.562 Thread 0x0000000017a6d800 7500       3       java.lang.Class::getDeclaredConstructor (16 bytes)
Event: 7.562 Thread 0x0000000017a6d800 nmethod 7500 0x0000000004107690 code [0x0000000004107820, 0x0000000004107a28]
Event: 7.564 Thread 0x0000000017a6d800 7502       1       java.lang.invoke.MethodHandleImpl$IntrinsicMethodHandle::getTarget (5 bytes)
Event: 7.564 Thread 0x0000000017a6d800 nmethod 7502 0x0000000003d2b250 code [0x0000000003d2b3a0, 0x0000000003d2b4b0]

GC Heap History (10 events):
Event: 5.019 GC heap after
Heap after GC invocations=7 (full 1):
 PSYoungGen      total 188416K, used 10301K [0x00000000eab00000, 0x00000000f8700000, 0x0000000100000000)
  eden space 175104K, 0% used [0x00000000eab00000,0x00000000eab00000,0x00000000f5600000)
  from space 13312K, 77% used [0x00000000f6380000,0x00000000f6d8f798,0x00000000f7080000)
  to   space 13824K, 0% used [0x00000000f5600000,0x00000000f5600000,0x00000000f6380000)
 ParOldGen       total 92672K, used 7011K [0x00000000c0000000, 0x00000000c5a80000, 0x00000000eab00000)
  object space 92672K, 7% used [0x00000000c0000000,0x00000000c06d8f98,0x00000000c5a80000)
 Metaspace       used 34392K, capacity 35280K, committed 35416K, reserved 1079296K
  class space    used 4692K, capacity 5006K, committed 5120K, reserved 1048576K
}
Event: 5.019 GC heap before
{Heap before GC invocations=8 (full 2):
 PSYoungGen      total 188416K, used 10301K [0x00000000eab00000, 0x00000000f8700000, 0x0000000100000000)
  eden space 175104K, 0% used [0x00000000eab00000,0x00000000eab00000,0x00000000f5600000)
  from space 13312K, 77% used [0x00000000f6380000,0x00000000f6d8f798,0x00000000f7080000)
  to   space 13824K, 0% used [0x00000000f5600000,0x00000000f5600000,0x00000000f6380000)
 ParOldGen       total 92672K, used 7011K [0x00000000c0000000, 0x00000000c5a80000, 0x00000000eab00000)
  object space 92672K, 7% used [0x00000000c0000000,0x00000000c06d8f98,0x00000000c5a80000)
 Metaspace       used 34392K, capacity 35280K, committed 35416K, reserved 1079296K
  class space    used 4692K, capacity 5006K, committed 5120K, reserved 1048576K
Event: 5.053 GC heap after
Heap after GC invocations=8 (full 2):
 PSYoungGen      total 188416K, used 0K [0x00000000eab00000, 0x00000000f8700000, 0x0000000100000000)
  eden space 175104K, 0% used [0x00000000eab00000,0x00000000eab00000,0x00000000f5600000)
  from space 13312K, 0% used [0x00000000f6380000,0x00000000f6380000,0x00000000f7080000)
  to   space 13824K, 0% used [0x00000000f5600000,0x00000000f5600000,0x00000000f6380000)
 ParOldGen       total 138240K, used 16541K [0x00000000c0000000, 0x00000000c8700000, 0x00000000eab00000)
  object space 138240K, 11% used [0x00000000c0000000,0x00000000c1027770,0x00000000c8700000)
 Metaspace       used 34392K, capacity 35280K, committed 35416K, reserved 1079296K
  class space    used 4692K, capacity 5006K, committed 5120K, reserved 1048576K
}
Event: 6.192 GC heap before
{Heap before GC invocations=9 (full 2):
 PSYoungGen      total 188416K, used 175104K [0x00000000eab00000, 0x00000000f8700000, 0x0000000100000000)
  eden space 175104K, 100% used [0x00000000eab00000,0x00000000f5600000,0x00000000f5600000)
  from space 13312K, 0% used [0x00000000f6380000,0x00000000f6380000,0x00000000f7080000)
  to   space 13824K, 0% used [0x00000000f5600000,0x00000000f5600000,0x00000000f6380000)
 ParOldGen       total 138240K, used 16541K [0x00000000c0000000, 0x00000000c8700000, 0x00000000eab00000)
  object space 138240K, 11% used [0x00000000c0000000,0x00000000c1027770,0x00000000c8700000)
 Metaspace       used 47030K, capacity 48194K, committed 48256K, reserved 1091584K
  class space    used 6317K, capacity 6742K, committed 6784K, reserved 1048576K
Event: 6.200 GC heap after
Heap after GC invocations=9 (full 2):
 PSYoungGen      total 188928K, used 13822K [0x00000000eab00000, 0x00000000fd200000, 0x0000000100000000)
  eden space 175104K, 0% used [0x00000000eab00000,0x00000000eab00000,0x00000000f5600000)
  from space 13824K, 99% used [0x00000000f5600000,0x00000000f637fac8,0x00000000f6380000)
  to   space 16896K, 0% used [0x00000000fc180000,0x00000000fc180000,0x00000000fd200000)
 ParOldGen       total 138240K, used 19984K [0x00000000c0000000, 0x00000000c8700000, 0x00000000eab00000)
  object space 138240K, 14% used [0x00000000c0000000,0x00000000c13840a0,0x00000000c8700000)
 Metaspace       used 47030K, capacity 48194K, committed 48256K, reserved 1091584K
  class space    used 6317K, capacity 6742K, committed 6784K, reserved 1048576K
}
Event: 7.040 GC heap before
{Heap before GC invocations=10 (full 2):
 PSYoungGen      total 188928K, used 188926K [0x00000000eab00000, 0x00000000fd200000, 0x0000000100000000)
  eden space 175104K, 100% used [0x00000000eab00000,0x00000000f5600000,0x00000000f5600000)
  from space 13824K, 99% used [0x00000000f5600000,0x00000000f637fac8,0x00000000f6380000)
  to   space 16896K, 0% used [0x00000000fc180000,0x00000000fc180000,0x00000000fd200000)
 ParOldGen       total 138240K, used 19984K [0x00000000c0000000, 0x00000000c8700000, 0x00000000eab00000)
  object space 138240K, 14% used [0x00000000c0000000,0x00000000c13840a0,0x00000000c8700000)
 Metaspace       used 54324K, capacity 56450K, committed 56704K, reserved 1097728K
  class space    used 7457K, capacity 8007K, committed 8064K, reserved 1048576K
Event: 7.052 GC heap after
Heap after GC invocations=10 (full 2):
 PSYoungGen      total 277504K, used 16888K [0x00000000eab00000, 0x00000000fe280000, 0x0000000100000000)
  eden space 260608K, 0% used [0x00000000eab00000,0x00000000eab00000,0x00000000fa980000)
  from space 16896K, 99% used [0x00000000fc180000,0x00000000fd1fe0c0,0x00000000fd200000)
  to   space 24576K, 0% used [0x00000000fa980000,0x00000000fa980000,0x00000000fc180000)
 ParOldGen       total 138240K, used 32629K [0x00000000c0000000, 0x00000000c8700000, 0x00000000eab00000)
  object space 138240K, 23% used [0x00000000c0000000,0x00000000c1fdd438,0x00000000c8700000)
 Metaspace       used 54324K, capacity 56450K, committed 56704K, reserved 1097728K
  class space    used 7457K, capacity 8007K, committed 8064K, reserved 1048576K
}
Event: 7.575 GC heap before
{Heap before GC invocations=11 (full 2):
 PSYoungGen      total 277504K, used 112546K [0x00000000eab00000, 0x00000000fe280000, 0x0000000100000000)
  eden space 260608K, 36% used [0x00000000eab00000,0x00000000f086a810,0x00000000fa980000)
  from space 16896K, 99% used [0x00000000fc180000,0x00000000fd1fe0c0,0x00000000fd200000)
  to   space 24576K, 0% used [0x00000000fa980000,0x00000000fa980000,0x00000000fc180000)
 ParOldGen       total 138240K, used 32629K [0x00000000c0000000, 0x00000000c8700000, 0x00000000eab00000)
  object space 138240K, 23% used [0x00000000c0000000,0x00000000c1fdd438,0x00000000c8700000)
 Metaspace       used 56395K, capacity 58880K, committed 59028K, reserved 1099776K
  class space    used 7736K, capacity 8342K, committed 8448K, reserved 1048576K
Event: 7.586 GC heap after
Heap after GC invocations=11 (full 2):
 PSYoungGen      total 285184K, used 24574K [0x00000000eab00000, 0x0000000100000000, 0x0000000100000000)
  eden space 260608K, 0% used [0x00000000eab00000,0x00000000eab00000,0x00000000fa980000)
  from space 24576K, 99% used [0x00000000fa980000,0x00000000fc17fb10,0x00000000fc180000)
  to   space 29184K, 0% used [0x00000000fe380000,0x00000000fe380000,0x0000000100000000)
 ParOldGen       total 138240K, used 35551K [0x00000000c0000000, 0x00000000c8700000, 0x00000000eab00000)
  object space 138240K, 25% used [0x00000000c0000000,0x00000000c22b7d00,0x00000000c8700000)
 Metaspace       used 56395K, capacity 58880K, committed 59028K, reserved 1099776K
  class space    used 7736K, capacity 8342K, committed 8448K, reserved 1048576K
}
Event: 7.586 GC heap before
{Heap before GC invocations=12 (full 3):
 PSYoungGen      total 285184K, used 24574K [0x00000000eab00000, 0x0000000100000000, 0x0000000100000000)
  eden space 260608K, 0% used [0x00000000eab00000,0x00000000eab00000,0x00000000fa980000)
  from space 24576K, 99% used [0x00000000fa980000,0x00000000fc17fb10,0x00000000fc180000)
  to   space 29184K, 0% used [0x00000000fe380000,0x00000000fe380000,0x0000000100000000)
 ParOldGen       total 138240K, used 35551K [0x00000000c0000000, 0x00000000c8700000, 0x00000000eab00000)
  object space 138240K, 25% used [0x00000000c0000000,0x00000000c22b7d00,0x00000000c8700000)
 Metaspace       used 56395K, capacity 58880K, committed 59028K, reserved 1099776K
  class space    used 7736K, capacity 8342K, committed 8448K, reserved 1048576K

Deoptimization events (10 events):
Event: 7.247 Thread 0x000000001a5a3800 Uncommon trap: reason=class_check action=maybe_recompile pc=0x00000000048d46bc method=com.google.common.collect.AbstractMapBasedMultimap$WrappedCollection.refreshIfEmpty()V @ 59
Event: 7.247 Thread 0x000000001a5a3800 Uncommon trap: reason=class_check action=maybe_recompile pc=0x00000000045a5b40 method=com.google.common.collect.AbstractMapBasedMultimap$WrappedCollection.refreshIfEmpty()V @ 59
Event: 7.270 Thread 0x000000001a5a3800 Uncommon trap: reason=unstable_if action=reinterpret pc=0x0000000003e3f598 method=java.lang.String.regionMatches(ZILjava/lang/String;II)Z @ 102
Event: 7.519 Thread 0x000000001a5a3800 Uncommon trap: reason=unstable_if action=reinterpret pc=0x00000000049a17c4 method=java.lang.reflect.Executable.sharedToGenericString(IZ)Ljava/lang/String; @ 65
Event: 7.523 Thread 0x000000001a5a3800 Uncommon trap: reason=class_check action=maybe_recompile pc=0x0000000004bfcf04 method=java.io.ObjectOutputStream$BlockDataOutputStream.drain()V @ 36
Event: 7.524 Thread 0x000000001a5a3800 Uncommon trap: reason=class_check action=maybe_recompile pc=0x0000000004bfcf04 method=java.io.ObjectOutputStream$BlockDataOutputStream.drain()V @ 36
Event: 7.524 Thread 0x000000001a5a3800 Uncommon trap: reason=class_check action=maybe_recompile pc=0x0000000004bfcf04 method=java.io.ObjectOutputStream$BlockDataOutputStream.drain()V @ 36
Event: 7.524 Thread 0x000000001a5a3800 Uncommon trap: reason=class_check action=maybe_recompile pc=0x0000000004bfcf04 method=java.io.ObjectOutputStream$BlockDataOutputStream.drain()V @ 36
Event: 7.525 Thread 0x000000001a5a3800 Uncommon trap: reason=unstable_if action=reinterpret pc=0x0000000003f92f38 method=java.lang.reflect.Proxy.isProxyClass(Ljava/lang/Class;)Z @ 6
Event: 7.528 Thread 0x000000001a5a3800 Uncommon trap: reason=unstable_if action=reinterpret pc=0x0000000004c33488 method=java.io.ObjectOutputStream$HandleTable.assign(Ljava/lang/Object;)I @ 24

Classes redefined (0 events):
No events

Internal exceptions (10 events):
Event: 7.163 Thread 0x000000001a5a3800 Exception <a 'java/lang/ClassNotFoundException': org/jetbrains/plugins/gradle/model/DefaultExternalPluginCustomizer> (0x00000000edab09e0) thrown at [D:\src\AOSP-openjdk-cygwin\jdk8u\hotspot\src\share\vm\classfile\systemDictionary.cpp, line 210]
Event: 7.165 Thread 0x000000001a5a3800 Exception <a 'java/lang/ClassNotFoundException': org/gradle/api/internal/artifacts/DefaultPublishArtifactSetBeanInfo> (0x00000000edb05538) thrown at [D:\src\AOSP-openjdk-cygwin\jdk8u\hotspot\src\share\vm\classfile\systemDictionary.cpp, line 210]
Event: 7.165 Thread 0x000000001a5a3800 Exception <a 'java/lang/ClassNotFoundException': org/gradle/api/internal/artifacts/DefaultPublishArtifactSetCustomizer> (0x00000000edb2b028) thrown at [D:\src\AOSP-openjdk-cygwin\jdk8u\hotspot\src\share\vm\classfile\systemDictionary.cpp, line 210]
Event: 7.166 Thread 0x000000001a5a3800 Exception <a 'java/lang/ClassNotFoundException': org/gradle/api/internal/file/DefaultFileCollectionFactory$1BeanInfo> (0x00000000edb643d0) thrown at [D:\src\AOSP-openjdk-cygwin\jdk8u\hotspot\src\share\vm\classfile\systemDictionary.cpp, line 210]
Event: 7.166 Thread 0x000000001a5a3800 Exception <a 'java/lang/ClassNotFoundException': org/gradle/api/internal/file/collections/FileCollectionAdapterBeanInfo> (0x00000000edb79298) thrown at [D:\src\AOSP-openjdk-cygwin\jdk8u\hotspot\src\share\vm\classfile\systemDictionary.cpp, line 210]
Event: 7.166 Thread 0x000000001a5a3800 Exception <a 'java/lang/ClassNotFoundException': org/gradle/api/internal/file/collections/FileCollectionAdapterCustomizer> (0x00000000edb8e8d8) thrown at [D:\src\AOSP-openjdk-cygwin\jdk8u\hotspot\src\share\vm\classfile\systemDictionary.cpp, line 210]
Event: 7.166 Thread 0x000000001a5a3800 Exception <a 'java/lang/ClassNotFoundException': org/gradle/api/internal/file/DefaultFileCollectionFactory$1Customizer> (0x00000000edbac710) thrown at [D:\src\AOSP-openjdk-cygwin\jdk8u\hotspot\src\share\vm\classfile\systemDictionary.cpp, line 210]
Event: 7.435 Thread 0x000000001a5a3800 Exception <a 'java/lang/NoSuchMethodError': java.lang.Object.lambda$negate$1(Ljava/lang/Object;)Z> (0x00000000ee82c6f8) thrown at [D:\src\AOSP-openjdk-cygwin\jdk8u\hotspot\src\share\vm\interpreter\linkResolver.cpp, line 584]
Event: 7.518 Thread 0x000000001a5a3800 Exception <a 'java/lang/ClassNotFoundException': java/util/CollectionsBeanInfo> (0x00000000f000bce0) thrown at [D:\src\AOSP-openjdk-cygwin\jdk8u\hotspot\src\share\vm\classfile\systemDictionary.cpp, line 210]
Event: 7.519 Thread 0x000000001a5a3800 Exception <a 'java/lang/ClassNotFoundException': java/util/CollectionsCustomizer> (0x00000000f0012698) thrown at [D:\src\AOSP-openjdk-cygwin\jdk8u\hotspot\src\share\vm\classfile\systemDictionary.cpp, line 210]

Events (10 events):
Event: 7.572 loading class com/android/dx/cf/direct/ClassPathOpener$FileNameFilter done
Event: 7.572 loading class com/android/dx/rop/type/Prototype
Event: 7.572 loading class com/android/dx/rop/type/Prototype done
Event: 7.573 loading class com/android/dx/rop/code/RegisterSpec
Event: 7.573 loading class com/android/dx/rop/code/RegisterSpec done
Event: 7.574 loading class com/android/dx/rop/type/TypeBearer
Event: 7.574 loading class com/android/dx/rop/type/TypeBearer done
Event: 7.574 loading class com/android/dx/util/ToHuman
Event: 7.574 loading class com/android/dx/util/ToHuman done
Event: 7.575 Executing VM operation: CollectForMetadataAllocation


Dynamic libraries:
0x00007ff7a8570000 - 0x00007ff7a85a1000 	D:\android\APPS\jre\bin\java.exe
0x00007ff844530000 - 0x00007ff844728000 	C:\Windows\SYSTEM32\ntdll.dll
0x00007ff843150000 - 0x00007ff84320f000 	C:\Windows\System32\KERNEL32.DLL
0x00007ff8420c0000 - 0x00007ff84239a000 	C:\Windows\System32\KERNELBASE.dll
0x00007ff844110000 - 0x00007ff8441be000 	C:\Windows\System32\ADVAPI32.dll
0x00007ff842c30000 - 0x00007ff842cce000 	C:\Windows\System32\msvcrt.dll
0x00007ff842fc0000 - 0x00007ff84305c000 	C:\Windows\System32\sechost.dll
0x00007ff843fe0000 - 0x00007ff844106000 	C:\Windows\System32\RPCRT4.dll
0x00007ff843dd0000 - 0x00007ff843f6d000 	C:\Windows\System32\USER32.dll
0x00007ff841e50000 - 0x00007ff841e72000 	C:\Windows\System32\win32u.dll
0x00007ff8444c0000 - 0x00007ff8444eb000 	C:\Windows\System32\GDI32.dll
0x00007ff8423a0000 - 0x00007ff8424b0000 	C:\Windows\System32\gdi32full.dll
0x00007ff841db0000 - 0x00007ff841e4d000 	C:\Windows\System32\msvcp_win.dll
0x00007ff841cb0000 - 0x00007ff841db0000 	C:\Windows\System32\ucrtbase.dll
0x00007ff82df10000 - 0x00007ff82e1aa000 	C:\Windows\WinSxS\amd64_microsoft.windows.common-controls_6595b64144ccf1df_6.0.19041.1110_none_60b5254171f9507e\COMCTL32.dll
0x00007ff843110000 - 0x00007ff843140000 	C:\Windows\System32\IMM32.DLL
0x0000000065f20000 - 0x0000000065ff2000 	D:\android\APPS\jre\jre\bin\msvcr100.dll
0x0000000065050000 - 0x000000006588e000 	D:\android\APPS\jre\jre\bin\server\jvm.dll
0x00007ff843140000 - 0x00007ff843148000 	C:\Windows\System32\PSAPI.DLL
0x00007ff8377b0000 - 0x00007ff8377b9000 	C:\Windows\SYSTEM32\WSOCK32.dll
0x00007ff82aaa0000 - 0x00007ff82aac7000 	C:\Windows\SYSTEM32\WINMM.dll
0x00007ff83b570000 - 0x00007ff83b57a000 	C:\Windows\SYSTEM32\VERSION.dll
0x00007ff843f70000 - 0x00007ff843fdb000 	C:\Windows\System32\WS2_32.dll
0x00007ff836940000 - 0x00007ff83694f000 	D:\android\APPS\jre\jre\bin\verify.dll
0x00007ff81fcb0000 - 0x00007ff81fcd9000 	D:\android\APPS\jre\jre\bin\java.dll
0x00007ff82d8f0000 - 0x00007ff82d906000 	D:\android\APPS\jre\jre\bin\zip.dll
0x00007ff843210000 - 0x00007ff843954000 	C:\Windows\System32\SHELL32.dll
0x00007ff83fd00000 - 0x00007ff840493000 	C:\Windows\SYSTEM32\windows.storage.dll
0x00007ff8427f0000 - 0x00007ff842b44000 	C:\Windows\System32\combase.dll
0x00007ff8416a0000 - 0x00007ff8416ce000 	C:\Windows\SYSTEM32\Wldp.dll
0x00007ff843060000 - 0x00007ff84310d000 	C:\Windows\System32\SHCORE.dll
0x00007ff842d50000 - 0x00007ff842da5000 	C:\Windows\System32\shlwapi.dll
0x00007ff841b80000 - 0x00007ff841b9f000 	C:\Windows\SYSTEM32\profapi.dll
0x00007ff81fc90000 - 0x00007ff81fcaa000 	D:\android\APPS\jre\jre\bin\net.dll
0x00007ff841400000 - 0x00007ff84146a000 	C:\Windows\system32\mswsock.dll
0x00007ff81fc70000 - 0x00007ff81fc81000 	D:\android\APPS\jre\jre\bin\nio.dll
0x00007ff83c810000 - 0x00007ff83c82e000 	C:\Users\Administrator\.gradle\native\25\windows-amd64\native-platform.dll
0x00007ff8365d0000 - 0x00007ff8365dd000 	D:\android\APPS\jre\jre\bin\management.dll
0x00007ff8415f0000 - 0x00007ff841608000 	C:\Windows\SYSTEM32\CRYPTSP.dll
0x00007ff840cb0000 - 0x00007ff840ce4000 	C:\Windows\system32\rsaenh.dll
0x00007ff842090000 - 0x00007ff8420b7000 	C:\Windows\System32\bcrypt.dll
0x00007ff841b40000 - 0x00007ff841b6e000 	C:\Windows\SYSTEM32\USERENV.dll
0x00007ff842500000 - 0x00007ff842582000 	C:\Windows\System32\bcryptprimitives.dll
0x00007ff841610000 - 0x00007ff84161c000 	C:\Windows\SYSTEM32\CRYPTBASE.dll
0x00007ff8410a0000 - 0x00007ff8410dc000 	C:\Windows\SYSTEM32\IPHLPAPI.DLL
0x00007ff8427e0000 - 0x00007ff8427e8000 	C:\Windows\System32\NSI.dll
0x00007ff8397c0000 - 0x00007ff8397d7000 	C:\Windows\SYSTEM32\dhcpcsvc6.DLL
0x00007ff839a80000 - 0x00007ff839a9d000 	C:\Windows\SYSTEM32\dhcpcsvc.DLL
0x00007ff8410e0000 - 0x00007ff8411ab000 	C:\Windows\SYSTEM32\DNSAPI.dll
0x00007ff82b070000 - 0x00007ff82b254000 	C:\Windows\SYSTEM32\dbghelp.dll

VM Arguments:
jvm_args: -XX:+HeapDumpOnOutOfMemoryError -Xmx1024m -Dfile.encoding=GBK -Duser.country=CN -Duser.language=zh -Duser.variant 
java_command: org.gradle.launcher.daemon.bootstrap.GradleDaemon 4.1
java_class_path (initial): C:\Users\Administrator\.gradle\wrapper\dists\gradle-4.1-all\bzyivzo6n839fup2jbap0tjew\gradle-4.1\lib\gradle-launcher-4.1.jar
Launcher Type: SUN_STANDARD

Environment Variables:
PATH=C:\Program Files (x86)\Common Files\Oracle\Java\javapath;C:\Windows\system32;C:\Windows;C:\Windows\System32\Wbem;C:\Windows\System32\WindowsPowerShell\v1.0\;C:\Windows\System32\OpenSSH\;C:\Program Files\Java\jdk1.8.0_281\bin;C:\Program Files\MySQL\MySQL Server 5.5\bin;C:\Users\Administrator\AppData\Local\Microsoft\WindowsApps;D:\oeder\Ω‚—π\app\
USERNAME=Administrator
OS=Windows_NT
PROCESSOR_IDENTIFIER=Intel64 Family 6 Model 158 Stepping 10, GenuineIntel



---------------  S Y S T E M  ---------------

OS: Windows 10.0 , 64 bit Build 19041 (10.0.19041.2788)

CPU:total 12 (initial active 12) (6 cores per cpu, 2 threads per core) family 6 model 158 stepping 10, cmov, cx8, fxsr, mmx, sse, sse2, sse3, ssse3, sse4.1, sse4.2, popcnt, avx, avx2, aes, clmul, erms, 3dnowpref, lzcnt, ht, tsc, tscinvbit, bmi1, bmi2, adx

Memory: 4k page, physical 16610356k(11842880k free), swap 19625012k(13574904k free)

vm_info: OpenJDK 64-Bit Server VM (25.152-b01) for windows-amd64 JRE (1.8.0_152-release-915-b01), built by "builder" with MS VC++ 10.0 (VS2010)

time: Thu Apr 20 22:26:30 2023
elapsed time: 7 seconds (0d 0h 0m 7s)

