#
# A fatal error has been detected by the Java Runtime Environment:
#
#  EXCEPTION_ACCESS_VIOLATION (0xc0000005) at pc=0x000000006552fb31, pid=11628, tid=0x0000000000001208
#
# JRE version: OpenJDK Runtime Environment (8.0_152-b01) (build 1.8.0_152-release-915-b01)
# Java VM: OpenJDK 64-Bit Server VM (25.152-b01 mixed mode windows-amd64 compressed oops)
# Problematic frame:
# V  [jvm.dll+0x4dfb31]
#
# Failed to write core dump. Minidumps are not enabled by default on client versions of Windows
#
# If you would like to submit a bug report, please visit:
#   http://bugreport.java.com/bugreport/crash.jsp
#

---------------  T H R E A D  ---------------

Current thread (0x0000000015c5d000):  JavaThread "C2 CompilerThread0" daemon [_thread_in_native, id=4616, stack(0x0000000018910000,0x0000000018a10000)]

siginfo: ExceptionCode=0xc0000005, reading address 0x0000000000040000

Registers:
RAX=0x000000001d32be78, RBX=0x0000000000000021, RCX=0x000000001a5a5af0, RDX=0x000000001e392950
RSP=0x0000000018a0c2f0, RBP=0x0000000018a0c3f0, RSI=0x0000000018a0eda0, RDI=0x000000001d32be28
R8 =0x00000000000050d2, R9 =0x00000000173e2410, R10=0x0000000000000040, R11=0x00000000000002d0
R12=0x000000000000001d, R13=0x0000000000000001, R14=0x0000000000000000, R15=0x0000000000040000
RIP=0x000000006552fb31, EFLAGS=0x0000000000010287

Top of Stack: (sp=0x0000000018a0c2f0)
0x0000000018a0c2f0:   00000000173ec2d0 000000001f342d88
0x0000000018a0c300:   000000001f342d88 0000000018a0c3f0
0x0000000018a0c310:   0000000000002731 000000000000272f
0x0000000018a0c320:   000000001c9c0000 0000000018a0c400
0x0000000018a0c330:   0000000018a0c5f0 0000000000000047
0x0000000018a0c340:   0000000000000004 00000000173e2410
0x0000000018a0c350:   0000000000000001 0000000000000001
0x0000000018a0c360:   000000001a68779a 000000010000011f
0x0000000018a0c370:   0000163200000000 0000000018a0c6c0
0x0000000018a0c380:   000000000000000f 000000001f2b1c80
0x0000000018a0c390:   000000000000005a 000016320000011f
0x0000000018a0c3a0:   0000000018a0c6c0 000000000000000f
0x0000000018a0c3b0:   000000001b1184d0 00000000000003ef
0x0000000018a0c3c0:   000000001a687110 0000000017679620
0x0000000018a0c3d0:   ffffffffe59791c0 00000000000003d8
0x0000000018a0c3e0:   00000000176799f8 0000000017679610 

Instructions: (pc=0x000000006552fb31)
0x000000006552fb11:   48 8d 8e 98 01 00 00 41 8d 50 50 e8 4f 8e bc ff
0x000000006552fb21:   48 8b f8 eb 07 48 89 86 b0 01 00 00 48 89 77 10
0x000000006552fb31:   49 8b 07 49 8b cf ff 50 28 4c 8b 6c 24 58 49 8b
0x000000006552fb41:   cd 48 8b d8 e8 86 e1 f3 ff 48 8b cf 8b 50 18 48 


Register to memory mapping:

RAX=0x000000001d32be78 is an unknown value
RBX=0x0000000000000021 is an unknown value
RCX=0x000000001a5a5af0 is an unknown value
RDX=0x000000001e392950 is an unknown value
RSP=0x0000000018a0c2f0 is pointing into the stack for thread: 0x0000000015c5d000
RBP=0x0000000018a0c3f0 is pointing into the stack for thread: 0x0000000015c5d000
RSI=0x0000000018a0eda0 is pointing into the stack for thread: 0x0000000015c5d000
RDI=0x000000001d32be28 is an unknown value
R8 =0x00000000000050d2 is an unknown value
R9 =0x00000000173e2410 is an unknown value
R10=0x0000000000000040 is an unknown value
R11=0x00000000000002d0 is an unknown value
R12=0x000000000000001d is an unknown value
R13=0x0000000000000001 is an unknown value
R14=0x0000000000000000 is an unknown value
R15=0x0000000000040000 is an unknown value


Stack: [0x0000000018910000,0x0000000018a10000],  sp=0x0000000018a0c2f0,  free space=1008k
Native frames: (J=compiled Java code, j=interpreted, Vv=VM code, C=native code)
V  [jvm.dll+0x4dfb31]
V  [jvm.dll+0x4343b6]
V  [jvm.dll+0x43f19b]
V  [jvm.dll+0x441a6e]
V  [jvm.dll+0x424b32]
V  [jvm.dll+0x80fa9]
V  [jvm.dll+0x818df]
V  [jvm.dll+0x21d06f]
V  [jvm.dll+0x26d4aa]
C  [msvcr100.dll+0x21d9f]
C  [msvcr100.dll+0x21e3b]
C  [KERNEL32.DLL+0x17604]
C  [ntdll.dll+0x526a1]


Current CompileTask:
C2:   6026 7558   !   4       java.io.ObjectOutputStream::writeObject0 (619 bytes)


---------------  P R O C E S S  ---------------

Java Threads: ( => current thread )
  0x000000001cb76000 JavaThread "Memory manager" [_thread_blocked, id=7936, stack(0x0000000022b60000,0x0000000022c60000)]
  0x000000001cb77800 JavaThread "build operations Thread 12" [_thread_blocked, id=12304, stack(0x00000000223c0000,0x00000000224c0000)]
  0x000000001cb76800 JavaThread "build operations Thread 11" [_thread_blocked, id=9588, stack(0x00000000222c0000,0x00000000223c0000)]
  0x000000001cb78000 JavaThread "build operations Thread 10" [_thread_blocked, id=5900, stack(0x00000000221c0000,0x00000000222c0000)]
  0x000000001cb75000 JavaThread "build operations Thread 9" [_thread_blocked, id=6368, stack(0x00000000220c0000,0x00000000221c0000)]
  0x000000001cb79000 JavaThread "build operations Thread 8" [_thread_blocked, id=8384, stack(0x0000000021fc0000,0x00000000220c0000)]
  0x000000001cb79800 JavaThread "build operations Thread 7" [_thread_blocked, id=7576, stack(0x0000000021ec0000,0x0000000021fc0000)]
  0x000000001cc43800 JavaThread "build operations Thread 6" [_thread_blocked, id=8448, stack(0x0000000021dc0000,0x0000000021ec0000)]
  0x000000001cc42800 JavaThread "build operations Thread 5" [_thread_blocked, id=10172, stack(0x0000000021cc0000,0x0000000021dc0000)]
  0x000000001cc40800 JavaThread "build operations Thread 4" [_thread_blocked, id=7736, stack(0x0000000021bc0000,0x0000000021cc0000)]
  0x000000001cc3d800 JavaThread "build operations Thread 3" [_thread_blocked, id=5680, stack(0x0000000021840000,0x0000000021940000)]
  0x000000001cc41000 JavaThread "build operations Thread 2" [_thread_blocked, id=2608, stack(0x000000001fe50000,0x000000001ff50000)]
  0x000000001cc3f800 JavaThread "build operations" [_thread_blocked, id=11536, stack(0x000000001ed80000,0x000000001ee80000)]
  0x000000001cc3c800 JavaThread "Cache worker for Artifact transforms cache (C:\Users\Administrator\.gradle\caches\transforms-1)" [_thread_blocked, id=6576, stack(0x000000001ec80000,0x000000001ed80000)]
  0x0000000019f02800 JavaThread "Cache worker for file hash cache (D:\app\root\DustBin\.gradle\4.1\fileHashes)" [_thread_blocked, id=11148, stack(0x000000001c780000,0x000000001c880000)]
  0x000000001aa11800 JavaThread "File lock request listener" [_thread_in_native, id=244, stack(0x000000001c680000,0x000000001c780000)]
  0x0000000019e8f000 JavaThread "Cache worker for file hash cache (C:\Users\Administrator\.gradle\caches\4.1\fileHashes)" [_thread_blocked, id=9792, stack(0x000000001c380000,0x000000001c480000)]
  0x0000000019ef0800 JavaThread "Stdin handler" [_thread_blocked, id=3984, stack(0x000000001c280000,0x000000001c380000)]
  0x0000000019eef800 JavaThread "Asynchronous log dispatcher for DefaultDaemonConnection: socket connection from /127.0.0.1:60523 to /127.0.0.1:60524" [_thread_blocked, id=908, stack(0x000000001c180000,0x000000001c280000)]
  0x000000001a254000 JavaThread "Daemon worker" [_thread_in_Java, id=2648, stack(0x000000001c080000,0x000000001c180000)]
  0x000000001a253000 JavaThread "Cancel handler" [_thread_blocked, id=11912, stack(0x000000001bf80000,0x000000001c080000)]
  0x0000000019e15800 JavaThread "Handler for socket connection from /127.0.0.1:60523 to /127.0.0.1:60524" [_thread_in_native, id=10720, stack(0x000000001bc80000,0x000000001bd80000)]
  0x0000000019d30800 JavaThread "Daemon" [_thread_blocked, id=5296, stack(0x000000001bb80000,0x000000001bc80000)]
  0x000000001a07d800 JavaThread "Daemon periodic checks" [_thread_blocked, id=11860, stack(0x000000001ba80000,0x000000001bb80000)]
  0x0000000019dbf000 JavaThread "Incoming local TCP Connector on port 60523" [_thread_in_native, id=3024, stack(0x000000001b8d0000,0x000000001b9d0000)]
  0x000000001739e000 JavaThread "Service Thread" daemon [_thread_blocked, id=12784, stack(0x0000000018d10000,0x0000000018e10000)]
  0x000000001739c800 JavaThread "C1 CompilerThread3" daemon [_thread_in_native, id=2116, stack(0x0000000018c10000,0x0000000018d10000)]
  0x000000001739c000 JavaThread "C2 CompilerThread2" daemon [_thread_blocked, id=10576, stack(0x0000000018b10000,0x0000000018c10000)]
  0x0000000017397000 JavaThread "C2 CompilerThread1" daemon [_thread_in_native, id=9248, stack(0x0000000018a10000,0x0000000018b10000)]
=>0x0000000015c5d000 JavaThread "C2 CompilerThread0" daemon [_thread_in_native, id=4616, stack(0x0000000018910000,0x0000000018a10000)]
  0x0000000017344800 JavaThread "Attach Listener" daemon [_thread_blocked, id=1756, stack(0x0000000018810000,0x0000000018910000)]
  0x0000000017392800 JavaThread "Signal Dispatcher" daemon [_thread_blocked, id=10692, stack(0x0000000018710000,0x0000000018810000)]
  0x0000000017323000 JavaThread "Finalizer" daemon [_thread_blocked, id=6696, stack(0x00000000185a0000,0x00000000186a0000)]
  0x0000000015c4a800 JavaThread "Reference Handler" daemon [_thread_blocked, id=12404, stack(0x00000000184a0000,0x00000000185a0000)]
  0x0000000002d2d800 JavaThread "main" [_thread_blocked, id=2480, stack(0x0000000002d30000,0x0000000002e30000)]

Other Threads:
  0x0000000015c44800 VMThread [stack: 0x00000000183a0000,0x00000000184a0000] [id=6496]
  0x000000001739e800 WatcherThread [stack: 0x0000000018e10000,0x0000000018f10000] [id=2192]

VM state:not at safepoint (normal execution)

VM Mutex/Monitor currently owned by a thread: None

Heap:
 PSYoungGen      total 301056K, used 24026K [0x00000000eab00000, 0x0000000100000000, 0x0000000100000000)
  eden space 274944K, 8% used [0x00000000eab00000,0x00000000ec276978,0x00000000fb780000)
  from space 26112K, 0% used [0x00000000fb780000,0x00000000fb780000,0x00000000fd100000)
  to   space 29696K, 0% used [0x00000000fe300000,0x00000000fe300000,0x0000000100000000)
 ParOldGen       total 229888K, used 53718K [0x00000000c0000000, 0x00000000ce080000, 0x00000000eab00000)
  object space 229888K, 23% used [0x00000000c0000000,0x00000000c3475978,0x00000000ce080000)
 Metaspace       used 59280K, capacity 62002K, committed 62208K, reserved 1103872K
  class space    used 7985K, capacity 8635K, committed 8704K, reserved 1048576K

Card table byte_map: [0x00000000122f0000,0x0000000012500000] byte_map_base: 0x0000000011cf0000

Marking Bits: (ParMarkBitMap*) 0x0000000065813950
 Begin Bits: [0x0000000013060000, 0x0000000014060000)
 End Bits:   [0x0000000014060000, 0x0000000015060000)

Polling page: 0x0000000002cd0000

CodeCache: size=245760Kb used=22451Kb max_used=23752Kb free=223308Kb
 bounds [0x0000000002f30000, 0x00000000046b0000, 0x0000000011f30000]
 total_blobs=7557 nmethods=6773 adapters=697
 compilation: enabled

Compilation events (10 events):
Event: 6.003 Thread 0x000000001739c800 7765       3       com.google.protobuf.TextFormat$Printer::printFieldValue (324 bytes)
Event: 6.004 Thread 0x000000001739c800 nmethod 7765 0x0000000003adcb10 code [0x0000000003add100, 0x0000000003ae0df8]
Event: 6.004 Thread 0x000000001739c800 7766       3       java.lang.Boolean::<init> (10 bytes)
Event: 6.004 Thread 0x000000001739c800 nmethod 7766 0x0000000003e8ff90 code [0x0000000003e900e0, 0x0000000003e90290]
Event: 6.004 Thread 0x000000001739c800 7767       3       com.google.gson.stream.JsonWriter::replaceTop (13 bytes)
Event: 6.004 Thread 0x000000001739c800 nmethod 7767 0x0000000003eae810 code [0x0000000003eae960, 0x0000000003eaead0]
Event: 6.004 Thread 0x000000001739c800 7762       1       com.google.protobuf.GeneratedMessageV3$FieldAccessorTable::access$000 (5 bytes)
Event: 6.004 Thread 0x000000001739c800 nmethod 7762 0x00000000040efb90 code [0x00000000040efce0, 0x00000000040efdd0]
Event: 6.004 Thread 0x000000001739c800 7763       1       com.google.protobuf.UnknownFieldSet::asMap (5 bytes)
Event: 6.004 Thread 0x000000001739c800 nmethod 7763 0x00000000040ef8d0 code [0x00000000040efa20, 0x00000000040efb30]

GC Heap History (10 events):
Event: 3.446 GC heap before
{Heap before GC invocations=8 (full 2):
 PSYoungGen      total 200704K, used 10279K [0x00000000eab00000, 0x00000000f9480000, 0x0000000100000000)
  eden space 187392K, 0% used [0x00000000eab00000,0x00000000eab00000,0x00000000f6200000)
  from space 13312K, 77% used [0x00000000f6f00000,0x00000000f7909c68,0x00000000f7c00000)
  to   space 13312K, 0% used [0x00000000f6200000,0x00000000f6200000,0x00000000f6f00000)
 ParOldGen       total 90624K, used 7131K [0x00000000c0000000, 0x00000000c5880000, 0x00000000eab00000)
  object space 90624K, 7% used [0x00000000c0000000,0x00000000c06f6f08,0x00000000c5880000)
 Metaspace       used 34505K, capacity 35316K, committed 35416K, reserved 1079296K
  class space    used 4707K, capacity 5038K, committed 5120K, reserved 1048576K
Event: 3.473 GC heap after
Heap after GC invocations=8 (full 2):
 PSYoungGen      total 200704K, used 0K [0x00000000eab00000, 0x00000000f9480000, 0x0000000100000000)
  eden space 187392K, 0% used [0x00000000eab00000,0x00000000eab00000,0x00000000f6200000)
  from space 13312K, 0% used [0x00000000f6f00000,0x00000000f6f00000,0x00000000f7c00000)
  to   space 13312K, 0% used [0x00000000f6200000,0x00000000f6200000,0x00000000f6f00000)
 ParOldGen       total 137216K, used 16505K [0x00000000c0000000, 0x00000000c8600000, 0x00000000eab00000)
  object space 137216K, 12% used [0x00000000c0000000,0x00000000c101e490,0x00000000c8600000)
 Metaspace       used 34505K, capacity 35316K, committed 35416K, reserved 1079296K
  class space    used 4707K, capacity 5038K, committed 5120K, reserved 1048576K
}
Event: 4.428 GC heap before
{Heap before GC invocations=9 (full 2):
 PSYoungGen      total 200704K, used 187392K [0x00000000eab00000, 0x00000000f9480000, 0x0000000100000000)
  eden space 187392K, 100% used [0x00000000eab00000,0x00000000f6200000,0x00000000f6200000)
  from space 13312K, 0% used [0x00000000f6f00000,0x00000000f6f00000,0x00000000f7c00000)
  to   space 13312K, 0% used [0x00000000f6200000,0x00000000f6200000,0x00000000f6f00000)
 ParOldGen       total 137216K, used 16505K [0x00000000c0000000, 0x00000000c8600000, 0x00000000eab00000)
  object space 137216K, 12% used [0x00000000c0000000,0x00000000c101e490,0x00000000c8600000)
 Metaspace       used 47077K, capacity 48266K, committed 48512K, reserved 1091584K
  class space    used 6316K, capacity 6742K, committed 6784K, reserved 1048576K
Event: 4.436 GC heap after
Heap after GC invocations=9 (full 2):
 PSYoungGen      total 200704K, used 13285K [0x00000000eab00000, 0x00000000fe200000, 0x0000000100000000)
  eden space 187392K, 0% used [0x00000000eab00000,0x00000000eab00000,0x00000000f6200000)
  from space 13312K, 99% used [0x00000000f6200000,0x00000000f6ef94d8,0x00000000f6f00000)
  to   space 17408K, 0% used [0x00000000fd100000,0x00000000fd100000,0x00000000fe200000)
 ParOldGen       total 137216K, used 21047K [0x00000000c0000000, 0x00000000c8600000, 0x00000000eab00000)
  object space 137216K, 15% used [0x00000000c0000000,0x00000000c148ddf0,0x00000000c8600000)
 Metaspace       used 47077K, capacity 48266K, committed 48512K, reserved 1091584K
  class space    used 6316K, capacity 6742K, committed 6784K, reserved 1048576K
}
Event: 5.265 GC heap before
{Heap before GC invocations=10 (full 2):
 PSYoungGen      total 200704K, used 200677K [0x00000000eab00000, 0x00000000fe200000, 0x0000000100000000)
  eden space 187392K, 100% used [0x00000000eab00000,0x00000000f6200000,0x00000000f6200000)
  from space 13312K, 99% used [0x00000000f6200000,0x00000000f6ef94d8,0x00000000f6f00000)
  to   space 17408K, 0% used [0x00000000fd100000,0x00000000fd100000,0x00000000fe200000)
 ParOldGen       total 137216K, used 21047K [0x00000000c0000000, 0x00000000c8600000, 0x00000000eab00000)
  object space 137216K, 15% used [0x00000000c0000000,0x00000000c148ddf0,0x00000000c8600000)
 Metaspace       used 54421K, capacity 56588K, committed 56704K, reserved 1097728K
  class space    used 7462K, capacity 8008K, committed 8064K, reserved 1048576K
Event: 5.277 GC heap after
Heap after GC invocations=10 (full 2):
 PSYoungGen      total 292352K, used 17392K [0x00000000eab00000, 0x00000000ff180000, 0x0000000100000000)
  eden space 274944K, 0% used [0x00000000eab00000,0x00000000eab00000,0x00000000fb780000)
  from space 17408K, 99% used [0x00000000fd100000,0x00000000fe1fc0d0,0x00000000fe200000)
  to   space 26112K, 0% used [0x00000000fb780000,0x00000000fb780000,0x00000000fd100000)
 ParOldGen       total 137216K, used 35835K [0x00000000c0000000, 0x00000000c8600000, 0x00000000eab00000)
  object space 137216K, 26% used [0x00000000c0000000,0x00000000c22fef20,0x00000000c8600000)
 Metaspace       used 54421K, capacity 56588K, committed 56704K, reserved 1097728K
  class space    used 7462K, capacity 8008K, committed 8064K, reserved 1048576K
}
Event: 5.693 GC heap before
{Heap before GC invocations=11 (full 2):
 PSYoungGen      total 292352K, used 84365K [0x00000000eab00000, 0x00000000ff180000, 0x0000000100000000)
  eden space 274944K, 24% used [0x00000000eab00000,0x00000000eec67718,0x00000000fb780000)
  from space 17408K, 99% used [0x00000000fd100000,0x00000000fe1fc0d0,0x00000000fe200000)
  to   space 26112K, 0% used [0x00000000fb780000,0x00000000fb780000,0x00000000fd100000)
 ParOldGen       total 137216K, used 35835K [0x00000000c0000000, 0x00000000c8600000, 0x00000000eab00000)
  object space 137216K, 26% used [0x00000000c0000000,0x00000000c22fef20,0x00000000c8600000)
 Metaspace       used 56408K, capacity 58880K, committed 59028K, reserved 1099776K
  class space    used 7736K, capacity 8342K, committed 8448K, reserved 1048576K
Event: 5.705 GC heap after
Heap after GC invocations=11 (full 2):
 PSYoungGen      total 301056K, used 25222K [0x00000000eab00000, 0x0000000100000000, 0x0000000100000000)
  eden space 274944K, 0% used [0x00000000eab00000,0x00000000eab00000,0x00000000fb780000)
  from space 26112K, 96% used [0x00000000fb780000,0x00000000fd021be0,0x00000000fd100000)
  to   space 29696K, 0% used [0x00000000fe300000,0x00000000fe300000,0x0000000100000000)
 ParOldGen       total 137216K, used 35843K [0x00000000c0000000, 0x00000000c8600000, 0x00000000eab00000)
  object space 137216K, 26% used [0x00000000c0000000,0x00000000c2300f20,0x00000000c8600000)
 Metaspace       used 56408K, capacity 58880K, committed 59028K, reserved 1099776K
  class space    used 7736K, capacity 8342K, committed 8448K, reserved 1048576K
}
Event: 5.705 GC heap before
{Heap before GC invocations=12 (full 3):
 PSYoungGen      total 301056K, used 25222K [0x00000000eab00000, 0x0000000100000000, 0x0000000100000000)
  eden space 274944K, 0% used [0x00000000eab00000,0x00000000eab00000,0x00000000fb780000)
  from space 26112K, 96% used [0x00000000fb780000,0x00000000fd021be0,0x00000000fd100000)
  to   space 29696K, 0% used [0x00000000fe300000,0x00000000fe300000,0x0000000100000000)
 ParOldGen       total 137216K, used 35843K [0x00000000c0000000, 0x00000000c8600000, 0x00000000eab00000)
  object space 137216K, 26% used [0x00000000c0000000,0x00000000c2300f20,0x00000000c8600000)
 Metaspace       used 56408K, capacity 58880K, committed 59028K, reserved 1099776K
  class space    used 7736K, capacity 8342K, committed 8448K, reserved 1048576K
Event: 5.892 GC heap after
Heap after GC invocations=12 (full 3):
 PSYoungGen      total 301056K, used 0K [0x00000000eab00000, 0x0000000100000000, 0x0000000100000000)
  eden space 274944K, 0% used [0x00000000eab00000,0x00000000eab00000,0x00000000fb780000)
  from space 26112K, 0% used [0x00000000fb780000,0x00000000fb780000,0x00000000fd100000)
  to   space 29696K, 0% used [0x00000000fe300000,0x00000000fe300000,0x0000000100000000)
 ParOldGen       total 229888K, used 53718K [0x00000000c0000000, 0x00000000ce080000, 0x00000000eab00000)
  object space 229888K, 23% used [0x00000000c0000000,0x00000000c3475978,0x00000000ce080000)
 Metaspace       used 56408K, capacity 58880K, committed 59028K, reserved 1099776K
  class space    used 7736K, capacity 8342K, committed 8448K, reserved 1048576K
}

Deoptimization events (10 events):
Event: 5.564 Thread 0x000000001a254000 Uncommon trap: reason=bimorphic action=maybe_recompile pc=0x000000000391029c method=com.google.common.collect.Iterators$5.hasNext()Z @ 24
Event: 5.571 Thread 0x000000001cc43800 Uncommon trap: reason=unstable_if action=reinterpret pc=0x000000000340eaa0 method=com.esotericsoftware.kryo.io.Output.writeString(Ljava/lang/CharSequence;)V @ 1
Event: 5.648 Thread 0x000000001a254000 Uncommon trap: reason=class_check action=maybe_recompile pc=0x00000000038e9504 method=java.io.ObjectOutputStream$BlockDataOutputStream.drain()V @ 36
Event: 5.649 Thread 0x000000001a254000 Uncommon trap: reason=class_check action=maybe_recompile pc=0x00000000038e9504 method=java.io.ObjectOutputStream$BlockDataOutputStream.drain()V @ 36
Event: 5.649 Thread 0x000000001a254000 Uncommon trap: reason=class_check action=maybe_recompile pc=0x00000000038e9504 method=java.io.ObjectOutputStream$BlockDataOutputStream.drain()V @ 36
Event: 5.649 Thread 0x000000001a254000 Uncommon trap: reason=class_check action=maybe_recompile pc=0x00000000038e9504 method=java.io.ObjectOutputStream$BlockDataOutputStream.drain()V @ 36
Event: 5.650 Thread 0x000000001a254000 Uncommon trap: reason=unstable_if action=reinterpret pc=0x0000000003ffad38 method=java.lang.reflect.Proxy.isProxyClass(Ljava/lang/Class;)Z @ 6
Event: 5.652 Thread 0x000000001a254000 Uncommon trap: reason=unstable_if action=reinterpret pc=0x00000000036bc748 method=java.io.ObjectOutputStream$HandleTable.assign(Ljava/lang/Object;)I @ 24
Event: 5.899 Thread 0x000000001a254000 Uncommon trap: reason=unstable_if action=reinterpret pc=0x000000000351fdb8 method=java.util.concurrent.ConcurrentHashMap.addCount(JI)V @ 7
Event: 5.988 Thread 0x000000001a254000 Uncommon trap: reason=unstable_if action=reinterpret pc=0x00000000042198c0 method=java.nio.Buffer.limit(I)Ljava/nio/Buffer; @ 33

Classes redefined (0 events):
No events

Internal exceptions (10 events):
Event: 5.340 Thread 0x000000001a254000 Exception <a 'java/lang/ClassNotFoundException': org/gradle/api/internal/file/collections/FileCollectionAdapterCustomizer> (0x00000000ec064bd8) thrown at [D:\src\AOSP-openjdk-cygwin\jdk8u\hotspot\src\share\vm\classfile\systemDictionary.cpp, line 210]
Event: 5.341 Thread 0x000000001a254000 Exception <a 'java/lang/ClassNotFoundException': org/gradle/api/internal/file/DefaultFileCollectionFactory$1Customizer> (0x00000000ec082a80) thrown at [D:\src\AOSP-openjdk-cygwin\jdk8u\hotspot\src\share\vm\classfile\systemDictionary.cpp, line 210]
Event: 5.563 Thread 0x000000001a254000 Exception <a 'java/lang/NoSuchMethodError': java.lang.Object.lambda$negate$1(Ljava/lang/Object;)Z> (0x00000000ecc829b8) thrown at [D:\src\AOSP-openjdk-cygwin\jdk8u\hotspot\src\share\vm\interpreter\linkResolver.cpp, line 584]
Event: 5.571 Thread 0x000000001cc43800 Implicit null exception at 0x000000000340e730 to 0x000000000340ea8d
Event: 5.644 Thread 0x000000001a254000 Exception <a 'java/lang/ClassNotFoundException': java/util/CollectionsBeanInfo> (0x00000000ee2abff8) thrown at [D:\src\AOSP-openjdk-cygwin\jdk8u\hotspot\src\share\vm\classfile\systemDictionary.cpp, line 210]
Event: 5.644 Thread 0x000000001a254000 Exception <a 'java/lang/ClassNotFoundException': java/util/CollectionsCustomizer> (0x00000000ee2b29f8) thrown at [D:\src\AOSP-openjdk-cygwin\jdk8u\hotspot\src\share\vm\classfile\systemDictionary.cpp, line 210]
Event: 5.911 Thread 0x000000001a254000 Exception <a 'sun/nio/fs/WindowsException'> (0x00000000eacab380) thrown at [D:\src\AOSP-openjdk-cygwin\jdk8u\hotspot\src\share\vm\prims\jni.cpp, line 709]
Event: 5.911 Thread 0x000000001a254000 Exception <a 'sun/nio/fs/WindowsException'> (0x00000000eacac040) thrown at [D:\src\AOSP-openjdk-cygwin\jdk8u\hotspot\src\share\vm\prims\jni.cpp, line 709]
Event: 5.911 Thread 0x000000001a254000 Exception <a 'sun/nio/fs/WindowsException'> (0x00000000eacac7c8) thrown at [D:\src\AOSP-openjdk-cygwin\jdk8u\hotspot\src\share\vm\prims\jni.cpp, line 709]
Event: 5.911 Thread 0x000000001a254000 Exception <a 'sun/nio/fs/WindowsException'> (0x00000000eacada48) thrown at [D:\src\AOSP-openjdk-cygwin\jdk8u\hotspot\src\share\vm\prims\jni.cpp, line 709]

Events (10 events):
Event: 6.012 loading class com/google/wireless/android/sdk/stats/AdbAssistantStats
Event: 6.012 loading class com/google/wireless/android/sdk/stats/AdbAssistantStats done
Event: 6.013 loading class com/google/wireless/android/sdk/stats/ApkAnalyzerStats
Event: 6.013 loading class com/google/wireless/android/sdk/stats/ApkAnalyzerStats done
Event: 6.013 loading class com/google/wireless/android/sdk/stats/GradleSyncStats
Event: 6.013 loading class com/google/wireless/android/sdk/stats/GradleSyncStats done
Event: 6.013 loading class com/google/wireless/android/sdk/stats/ApkDebugProject
Event: 6.013 loading class com/google/wireless/android/sdk/stats/ApkDebugProject done
Event: 6.014 loading class com/google/wireless/android/sdk/stats/KotlinSupport
Event: 6.014 loading class com/google/wireless/android/sdk/stats/KotlinSupport done


Dynamic libraries:
0x00007ff7868d0000 - 0x00007ff786901000 	D:\android\APPS\jre\bin\java.exe
0x00007ff844530000 - 0x00007ff844728000 	C:\Windows\SYSTEM32\ntdll.dll
0x00007ff843150000 - 0x00007ff84320f000 	C:\Windows\System32\KERNEL32.DLL
0x00007ff8420c0000 - 0x00007ff84239a000 	C:\Windows\System32\KERNELBASE.dll
0x00007ff844110000 - 0x00007ff8441be000 	C:\Windows\System32\ADVAPI32.dll
0x00007ff842c30000 - 0x00007ff842cce000 	C:\Windows\System32\msvcrt.dll
0x00007ff842fc0000 - 0x00007ff84305c000 	C:\Windows\System32\sechost.dll
0x00007ff843fe0000 - 0x00007ff844106000 	C:\Windows\System32\RPCRT4.dll
0x00007ff843dd0000 - 0x00007ff843f6d000 	C:\Windows\System32\USER32.dll
0x00007ff841e50000 - 0x00007ff841e72000 	C:\Windows\System32\win32u.dll
0x00007ff8444c0000 - 0x00007ff8444eb000 	C:\Windows\System32\GDI32.dll
0x00007ff8423a0000 - 0x00007ff8424b0000 	C:\Windows\System32\gdi32full.dll
0x00007ff841db0000 - 0x00007ff841e4d000 	C:\Windows\System32\msvcp_win.dll
0x00007ff841cb0000 - 0x00007ff841db0000 	C:\Windows\System32\ucrtbase.dll
0x00007ff82df10000 - 0x00007ff82e1aa000 	C:\Windows\WinSxS\amd64_microsoft.windows.common-controls_6595b64144ccf1df_6.0.19041.1110_none_60b5254171f9507e\COMCTL32.dll
0x00007ff843110000 - 0x00007ff843140000 	C:\Windows\System32\IMM32.DLL
0x0000000065f20000 - 0x0000000065ff2000 	D:\android\APPS\jre\jre\bin\msvcr100.dll
0x0000000065050000 - 0x000000006588e000 	D:\android\APPS\jre\jre\bin\server\jvm.dll
0x00007ff843140000 - 0x00007ff843148000 	C:\Windows\System32\PSAPI.DLL
0x00007ff83cce0000 - 0x00007ff83cce9000 	C:\Windows\SYSTEM32\WSOCK32.dll
0x00007ff843f70000 - 0x00007ff843fdb000 	C:\Windows\System32\WS2_32.dll
0x00007ff82aaa0000 - 0x00007ff82aac7000 	C:\Windows\SYSTEM32\WINMM.dll
0x00007ff83b570000 - 0x00007ff83b57a000 	C:\Windows\SYSTEM32\VERSION.dll
0x00007ff83c7b0000 - 0x00007ff83c7bf000 	D:\android\APPS\jre\jre\bin\verify.dll
0x00007ff83b450000 - 0x00007ff83b479000 	D:\android\APPS\jre\jre\bin\java.dll
0x00007ff83b320000 - 0x00007ff83b336000 	D:\android\APPS\jre\jre\bin\zip.dll
0x00007ff843210000 - 0x00007ff843954000 	C:\Windows\System32\SHELL32.dll
0x00007ff83fd00000 - 0x00007ff840493000 	C:\Windows\SYSTEM32\windows.storage.dll
0x00007ff8427f0000 - 0x00007ff842b44000 	C:\Windows\System32\combase.dll
0x00007ff8416a0000 - 0x00007ff8416ce000 	C:\Windows\SYSTEM32\Wldp.dll
0x00007ff843060000 - 0x00007ff84310d000 	C:\Windows\System32\SHCORE.dll
0x00007ff842d50000 - 0x00007ff842da5000 	C:\Windows\System32\shlwapi.dll
0x00007ff841b80000 - 0x00007ff841b9f000 	C:\Windows\SYSTEM32\profapi.dll
0x00007ff83b300000 - 0x00007ff83b31a000 	D:\android\APPS\jre\jre\bin\net.dll
0x00007ff841400000 - 0x00007ff84146a000 	C:\Windows\system32\mswsock.dll
0x00007ff83ad50000 - 0x00007ff83ad61000 	D:\android\APPS\jre\jre\bin\nio.dll
0x00007ff82f9c0000 - 0x00007ff82f9de000 	C:\Users\Administrator\.gradle\native\25\windows-amd64\native-platform.dll
0x00007ff83c350000 - 0x00007ff83c35d000 	D:\android\APPS\jre\jre\bin\management.dll
0x00007ff8415f0000 - 0x00007ff841608000 	C:\Windows\SYSTEM32\CRYPTSP.dll
0x00007ff840cb0000 - 0x00007ff840ce4000 	C:\Windows\system32\rsaenh.dll
0x00007ff842090000 - 0x00007ff8420b7000 	C:\Windows\System32\bcrypt.dll
0x00007ff841b40000 - 0x00007ff841b6e000 	C:\Windows\SYSTEM32\USERENV.dll
0x00007ff842500000 - 0x00007ff842582000 	C:\Windows\System32\bcryptprimitives.dll
0x00007ff841610000 - 0x00007ff84161c000 	C:\Windows\SYSTEM32\CRYPTBASE.dll
0x00007ff8410a0000 - 0x00007ff8410dc000 	C:\Windows\SYSTEM32\IPHLPAPI.DLL
0x00007ff8427e0000 - 0x00007ff8427e8000 	C:\Windows\System32\NSI.dll
0x00007ff8397c0000 - 0x00007ff8397d7000 	C:\Windows\SYSTEM32\dhcpcsvc6.DLL
0x00007ff839a80000 - 0x00007ff839a9d000 	C:\Windows\SYSTEM32\dhcpcsvc.DLL
0x00007ff8410e0000 - 0x00007ff8411ab000 	C:\Windows\SYSTEM32\DNSAPI.dll
0x00007ff82b070000 - 0x00007ff82b254000 	C:\Windows\SYSTEM32\dbghelp.dll

VM Arguments:
jvm_args: -XX:+HeapDumpOnOutOfMemoryError -Xmx1024m -Dfile.encoding=GBK -Duser.country=CN -Duser.language=zh -Duser.variant 
java_command: org.gradle.launcher.daemon.bootstrap.GradleDaemon 4.1
java_class_path (initial): C:\Users\Administrator\.gradle\wrapper\dists\gradle-4.1-all\bzyivzo6n839fup2jbap0tjew\gradle-4.1\lib\gradle-launcher-4.1.jar
Launcher Type: SUN_STANDARD

Environment Variables:
PATH=C:\Program Files (x86)\Common Files\Oracle\Java\javapath;C:\Windows\system32;C:\Windows;C:\Windows\System32\Wbem;C:\Windows\System32\WindowsPowerShell\v1.0\;C:\Windows\System32\OpenSSH\;C:\Program Files\Java\jdk1.8.0_281\bin;C:\Program Files\MySQL\MySQL Server 5.5\bin;C:\Users\Administrator\AppData\Local\Microsoft\WindowsApps;D:\oeder\Ω‚—π\app\
USERNAME=Administrator
OS=Windows_NT
PROCESSOR_IDENTIFIER=Intel64 Family 6 Model 158 Stepping 10, GenuineIntel



---------------  S Y S T E M  ---------------

OS: Windows 10.0 , 64 bit Build 19041 (10.0.19041.2788)

CPU:total 12 (initial active 12) (6 cores per cpu, 2 threads per core) family 6 model 158 stepping 10, cmov, cx8, fxsr, mmx, sse, sse2, sse3, ssse3, sse4.1, sse4.2, popcnt, avx, avx2, aes, clmul, erms, 3dnowpref, lzcnt, ht, tsc, tscinvbit, bmi1, bmi2, adx

Memory: 4k page, physical 16610356k(11009060k free), swap 19625012k(12550508k free)

vm_info: OpenJDK 64-Bit Server VM (25.152-b01) for windows-amd64 JRE (1.8.0_152-release-915-b01), built by "builder" with MS VC++ 10.0 (VS2010)

time: Thu Apr 20 22:18:41 2023
elapsed time: 6 seconds (0d 0h 0m 6s)

