#
# A fatal error has been detected by the Java Runtime Environment:
#
#  EXCEPTION_ACCESS_VIOLATION (0xc0000005) at pc=0x0000000000000000, pid=9988, tid=0x00000000000005d8
#
# JRE version: OpenJDK Runtime Environment (8.0_152-b01) (build 1.8.0_152-release-915-b01)
# Java VM: OpenJDK 64-Bit Server VM (25.152-b01 mixed mode windows-amd64 compressed oops)
# Problematic frame:
# C  0x0000000000000000
#
# Failed to write core dump. Minidumps are not enabled by default on client versions of Windows
#
# If you would like to submit a bug report, please visit:
#   http://bugreport.java.com/bugreport/crash.jsp
#

---------------  T H R E A D  ---------------

Current thread (0x000000002013f800):  JavaThread "Daemon worker Thread 2" [_thread_in_Java, id=1496, stack(0x000000001b8b0000,0x000000001b9b0000)]

siginfo: ExceptionCode=0xc0000005, ExceptionInformation=0x0000000000000008 0x0000000000000000

Registers:
RAX=0x0000000000000000, RBX=0x000000001599f380, RCX=0x0000000024805a48, RDX=0x0000000002877e20
RSP=0x000000001b9ac2d8, RBP=0x000000001b9ac330, RSI=0x0000000000200021, RDI=0x00000000ef676c10
R8 =0x0000000000000001, R9 =0x00000000c038d5b0, R10=0x00000000657fa660, R11=0x000000000297edc0
R12=0x0000000000000000, R13=0x000000001b9ac2e0, R14=0x000000001b9ac348, R15=0x000000002013f800
RIP=0x0000000000000000, EFLAGS=0x0000000000010246

Top of Stack: (sp=0x000000001b9ac2d8)
0x000000001b9ac2d8:   0000000002877e20 00000000c01b0008
0x000000001b9ac2e8:   00000000ef676c10 000000001b9ac2f0
0x000000001b9ac2f8:   00000000247acd86 000000001b9ac348
0x000000001b9ac308:   0000000024805a48 0000000000000000
0x000000001b9ac318:   00000000247acdc0 000000001b9ac2e0
0x000000001b9ac328:   000000001b9ac340 000000001b9ac398
0x000000001b9ac338:   000000000287809d 00000000c01b0008
0x000000001b9ac348:   00000000ef676c10 00000000ef676c10
0x000000001b9ac358:   000000001b9ac358 00000000247c2a48
0x000000001b9ac368:   000000001b9ac3b0 00000000247c2b88
0x000000001b9ac378:   0000000000000000 00000000247c2a70
0x000000001b9ac388:   000000001b9ac340 000000001b9ac3b0
0x000000001b9ac398:   000000001b9ac3f8 0000000002877e20
0x000000001b9ac3a8:   00000000c01b0008 00000000ef594990
0x000000001b9ac3b8:   000000001b9ac3b8 00000000247c2af9
0x000000001b9ac3c8:   000000001b9ac408 00000000247c2b88 

Instructions: (pc=0x0000000000000000)
0xffffffffffffffe0:   


Register to memory mapping:

RAX=0x0000000000000000 is an unknown value
RBX=0x000000001599f380 is an unknown value
RCX=0x0000000024805a48 is pointing into metadata
RDX=0x0000000002877e20 is at code_begin+1664 in an Interpreter codelet
invoke return entry points  [0x00000000028777a0, 0x0000000002878180]  2528 bytes
RSP=0x000000001b9ac2d8 is pointing into the stack for thread: 0x000000002013f800
RBP=0x000000001b9ac330 is pointing into the stack for thread: 0x000000002013f800
RSI=0x0000000000200021 is an unknown value
RDI=0x00000000ef676c10 is an oop
org.gradle.plugins.ide.idea.model.IdeaLanguageLevel 
 - klass: 'org/gradle/plugins/ide/idea/model/IdeaLanguageLevel'
R8 =0x0000000000000001 is an unknown value
R9 =0x00000000c038d5b0 is an oop
java.lang.Class 
 - klass: 'java/lang/Class'
R10=0x00000000657fa660 is an unknown value
R11=0x000000000297edc0 is at entry_point+32 in (nmethod*)0x000000000297ec50
R12=0x0000000000000000 is an unknown value
R13=0x000000001b9ac2e0 is pointing into the stack for thread: 0x000000002013f800
R14=0x000000001b9ac348 is pointing into the stack for thread: 0x000000002013f800
R15=0x000000002013f800 is a thread


Stack: [0x000000001b8b0000,0x000000001b9b0000],  sp=0x000000001b9ac2d8,  free space=1008k
Native frames: (J=compiled Java code, j=interpreted, Vv=VM code, C=native code)


---------------  P R O C E S S  ---------------

Java Threads: ( => current thread )
  0x000000001ac66800 JavaThread "build operations Thread 12" [_thread_blocked, id=3276, stack(0x0000000024190000,0x0000000024290000)]
  0x000000001ac66000 JavaThread "build operations Thread 11" [_thread_blocked, id=10312, stack(0x0000000022e90000,0x0000000022f90000)]
  0x000000001ac6c000 JavaThread "build operations Thread 10" [_thread_blocked, id=12668, stack(0x0000000022b70000,0x0000000022c70000)]
  0x000000001ac6b000 JavaThread "build operations Thread 9" [_thread_blocked, id=10368, stack(0x0000000021d30000,0x0000000021e30000)]
  0x000000001ac68000 JavaThread "build operations Thread 8" [_thread_blocked, id=5748, stack(0x0000000021c30000,0x0000000021d30000)]
  0x000000001ac6a800 JavaThread "build operations Thread 7" [_thread_blocked, id=11272, stack(0x0000000021b30000,0x0000000021c30000)]
  0x000000001ac69000 JavaThread "build operations Thread 6" [_thread_blocked, id=10176, stack(0x0000000021a30000,0x0000000021b30000)]
  0x000000001ac69800 JavaThread "build operations Thread 5" [_thread_blocked, id=2876, stack(0x0000000021930000,0x0000000021a30000)]
  0x000000001ac6c800 JavaThread "build operations Thread 4" [_thread_blocked, id=11788, stack(0x0000000021830000,0x0000000021930000)]
  0x000000002014b000 JavaThread "build operations Thread 3" [_thread_blocked, id=12100, stack(0x0000000021730000,0x0000000021830000)]
  0x000000002014a000 JavaThread "build operations Thread 2" [_thread_blocked, id=5816, stack(0x00000000213f0000,0x00000000214f0000)]
  0x0000000020149800 JavaThread "build operations" [_thread_blocked, id=12756, stack(0x00000000212f0000,0x00000000213f0000)]
  0x0000000020142000 JavaThread "Cache worker for Artifact transforms cache (C:\Users\Administrator\.gradle\caches\transforms-1)" [_thread_blocked, id=3340, stack(0x000000001c0b0000,0x000000001c1b0000)]
  0x0000000020144000 JavaThread "Cache worker for file hash cache (D:\app\root\DustBin\.gradle\4.1\fileHashes)" [_thread_blocked, id=2856, stack(0x000000001bbb0000,0x000000001bcb0000)]
  0x0000000020141000 JavaThread "Stdin handler" [_thread_blocked, id=13000, stack(0x000000001bab0000,0x000000001bbb0000)]
  0x0000000020148000 JavaThread "Asynchronous log dispatcher for DefaultDaemonConnection: socket connection from /127.0.0.1:60533 to /127.0.0.1:60600" [_thread_blocked, id=10500, stack(0x000000001b9b0000,0x000000001bab0000)]
=>0x000000002013f800 JavaThread "Daemon worker Thread 2" [_thread_in_Java, id=1496, stack(0x000000001b8b0000,0x000000001b9b0000)]
  0x0000000020145800 JavaThread "Cancel handler" [_thread_blocked, id=11376, stack(0x000000001b5b0000,0x000000001b6b0000)]
  0x0000000020140800 JavaThread "Handler for socket connection from /127.0.0.1:60533 to /127.0.0.1:60600" [_thread_in_native, id=11880, stack(0x000000001b4b0000,0x000000001b5b0000)]
  0x000000002013d800 JavaThread "Daemon Thread 2" [_thread_blocked, id=12548, stack(0x0000000000710000,0x0000000000810000)]
  0x000000001ac6f000 JavaThread "ForkJoinPool.commonPool-worker-13" daemon [_thread_blocked, id=2892, stack(0x0000000025d80000,0x0000000025e80000)]
  0x000000001ac72800 JavaThread "ForkJoinPool.commonPool-worker-4" daemon [_thread_blocked, id=12356, stack(0x0000000025a70000,0x0000000025b70000)]
  0x000000002013e000 JavaThread "Memory manager" [_thread_blocked, id=11068, stack(0x0000000021e30000,0x0000000021f30000)]
  0x0000000019a2d800 JavaThread "File lock request listener" [_thread_in_native, id=11680, stack(0x000000001bfb0000,0x000000001c0b0000)]
  0x000000001a2b0000 JavaThread "Cache worker for file hash cache (C:\Users\Administrator\.gradle\caches\4.1\fileHashes)" [_thread_blocked, id=5356, stack(0x000000001bcb0000,0x000000001bdb0000)]
  0x000000001976a800 JavaThread "Daemon periodic checks" [_thread_blocked, id=9288, stack(0x000000001b3b0000,0x000000001b4b0000)]
  0x0000000019767800 JavaThread "Incoming local TCP Connector on port 60533" [_thread_in_native, id=9432, stack(0x000000001b200000,0x000000001b300000)]
  0x0000000016d75800 JavaThread "Service Thread" daemon [_thread_blocked, id=6036, stack(0x0000000018640000,0x0000000018740000)]
  0x0000000016cee800 JavaThread "C1 CompilerThread3" daemon [_thread_blocked, id=8484, stack(0x0000000018540000,0x0000000018640000)]
  0x0000000016cee000 JavaThread "C2 CompilerThread2" daemon [_thread_in_native, id=12596, stack(0x0000000018440000,0x0000000018540000)]
  0x0000000016ce9000 JavaThread "C2 CompilerThread1" daemon [_thread_in_native, id=12312, stack(0x0000000018340000,0x0000000018440000)]
  0x0000000016ce3000 JavaThread "C2 CompilerThread0" daemon [_thread_blocked, id=9672, stack(0x0000000018240000,0x0000000018340000)]
  0x0000000016c8b000 JavaThread "Attach Listener" daemon [_thread_blocked, id=4004, stack(0x0000000018140000,0x0000000018240000)]
  0x0000000016ce2000 JavaThread "Signal Dispatcher" daemon [_thread_blocked, id=11900, stack(0x0000000018040000,0x0000000018140000)]
  0x0000000015591800 JavaThread "Finalizer" daemon [_thread_blocked, id=10776, stack(0x0000000017ee0000,0x0000000017fe0000)]
  0x0000000002869000 JavaThread "Reference Handler" daemon [_thread_blocked, id=9496, stack(0x0000000017de0000,0x0000000017ee0000)]
  0x00000000023fd800 JavaThread "main" [_thread_blocked, id=8196, stack(0x00000000022e0000,0x00000000023e0000)]

Other Threads:
  0x0000000016c52800 VMThread [stack: 0x0000000017ce0000,0x0000000017de0000] [id=11772]
  0x0000000016d76000 WatcherThread [stack: 0x0000000018740000,0x0000000018840000] [id=8324]

VM state:not at safepoint (normal execution)

VM Mutex/Monitor currently owned by a thread: None

Heap:
 PSYoungGen      total 320512K, used 88655K [0x00000000eab00000, 0x0000000100000000, 0x0000000100000000)
  eden space 291328K, 26% used [0x00000000eab00000,0x00000000ef6db808,0x00000000fc780000)
  from space 29184K, 37% used [0x00000000fe380000,0x00000000fee386c8,0x0000000100000000)
  to   space 28672K, 0% used [0x00000000fc780000,0x00000000fc780000,0x00000000fe380000)
 ParOldGen       total 233984K, used 49636K [0x00000000c0000000, 0x00000000ce480000, 0x00000000eab00000)
  object space 233984K, 21% used [0x00000000c0000000,0x00000000c30793d0,0x00000000ce480000)
 Metaspace       used 63922K, capacity 67100K, committed 67328K, reserved 1107968K
  class space    used 8554K, capacity 9375K, committed 9472K, reserved 1048576K

Card table byte_map: [0x0000000011c30000,0x0000000011e40000] byte_map_base: 0x0000000011630000

Marking Bits: (ParMarkBitMap*) 0x0000000065813950
 Begin Bits: [0x00000000129a0000, 0x00000000139a0000)
 End Bits:   [0x00000000139a0000, 0x00000000149a0000)

Polling page: 0x0000000000a90000

CodeCache: size=245760Kb used=29417Kb max_used=29432Kb free=216342Kb
 bounds [0x0000000002870000, 0x0000000004550000, 0x0000000011870000]
 total_blobs=9496 nmethods=8704 adapters=704
 compilation: enabled

Compilation events (10 events):
Event: 83.509 Thread 0x0000000016cee800 10381       3       org.gradle.api.internal.project.DefaultProject::getRootDir (10 bytes)
Event: 83.509 Thread 0x0000000016cee800 nmethod 10381 0x0000000004545810 code [0x0000000004545960, 0x0000000004545b90]
Event: 83.509 Thread 0x0000000016cee800 10382       3       org.gradle.api.internal.AbstractTask::toString (43 bytes)
Event: 83.509 Thread 0x0000000016cee800 nmethod 10382 0x0000000004542b10 code [0x0000000004542d40, 0x0000000004543b48]
Event: 83.509 Thread 0x0000000016cee800 10383       3       org.gradle.tooling.internal.gradle.DefaultProjectIdentifier::<init> (14 bytes)
Event: 83.509 Thread 0x0000000016cee800 nmethod 10383 0x0000000004544b90 code [0x0000000004544d60, 0x00000000045453b8]
Event: 83.509 Thread 0x0000000016cee800 10384       3       org.gradle.tooling.internal.gradle.DefaultProjectIdentifier::<init> (15 bytes)
Event: 83.509 Thread 0x0000000016cee800 nmethod 10384 0x00000000045447d0 code [0x0000000004544920, 0x0000000004544af0]
Event: 83.509 Thread 0x0000000016cee800 10385       3       org.gradle.internal.serialize.BaseSerializerFactory$EnumSerializer::write (10 bytes)
Event: 83.510 Thread 0x0000000016cee800 nmethod 10385 0x0000000004545c50 code [0x0000000004545de0, 0x0000000004546208]

GC Heap History (10 events):
Event: 3.795 GC heap before
{Heap before GC invocations=9 (full 2):
 PSYoungGen      total 189440K, used 176128K [0x00000000eab00000, 0x00000000f8c80000, 0x0000000100000000)
  eden space 176128K, 100% used [0x00000000eab00000,0x00000000f5700000,0x00000000f5700000)
  from space 13312K, 0% used [0x00000000f6400000,0x00000000f6400000,0x00000000f7100000)
  to   space 13312K, 0% used [0x00000000f5700000,0x00000000f5700000,0x00000000f6400000)
 ParOldGen       total 143360K, used 16469K [0x00000000c0000000, 0x00000000c8c00000, 0x00000000eab00000)
  object space 143360K, 11% used [0x00000000c0000000,0x00000000c1015420,0x00000000c8c00000)
 Metaspace       used 46988K, capacity 48198K, committed 48256K, reserved 1091584K
  class space    used 6317K, capacity 6742K, committed 6784K, reserved 1048576K
Event: 3.803 GC heap after
Heap after GC invocations=9 (full 2):
 PSYoungGen      total 189440K, used 13299K [0x00000000eab00000, 0x00000000fca80000, 0x0000000100000000)
  eden space 176128K, 0% used [0x00000000eab00000,0x00000000eab00000,0x00000000f5700000)
  from space 13312K, 99% used [0x00000000f5700000,0x00000000f63fcd90,0x00000000f6400000)
  to   space 16896K, 0% used [0x00000000fba00000,0x00000000fba00000,0x00000000fca80000)
 ParOldGen       total 143360K, used 20689K [0x00000000c0000000, 0x00000000c8c00000, 0x00000000eab00000)
  object space 143360K, 14% used [0x00000000c0000000,0x00000000c14346e0,0x00000000c8c00000)
 Metaspace       used 46988K, capacity 48198K, committed 48256K, reserved 1091584K
  class space    used 6317K, capacity 6742K, committed 6784K, reserved 1048576K
}
Event: 4.603 GC heap before
{Heap before GC invocations=10 (full 2):
 PSYoungGen      total 189440K, used 189427K [0x00000000eab00000, 0x00000000fca80000, 0x0000000100000000)
  eden space 176128K, 100% used [0x00000000eab00000,0x00000000f5700000,0x00000000f5700000)
  from space 13312K, 99% used [0x00000000f5700000,0x00000000f63fcd90,0x00000000f6400000)
  to   space 16896K, 0% used [0x00000000fba00000,0x00000000fba00000,0x00000000fca80000)
 ParOldGen       total 143360K, used 20689K [0x00000000c0000000, 0x00000000c8c00000, 0x00000000eab00000)
  object space 143360K, 14% used [0x00000000c0000000,0x00000000c14346e0,0x00000000c8c00000)
 Metaspace       used 54363K, capacity 56514K, committed 56704K, reserved 1097728K
  class space    used 7461K, capacity 8007K, committed 8064K, reserved 1048576K
Event: 4.614 GC heap after
Heap after GC invocations=10 (full 2):
 PSYoungGen      total 269824K, used 16864K [0x00000000eab00000, 0x00000000fd780000, 0x0000000100000000)
  eden space 252928K, 0% used [0x00000000eab00000,0x00000000eab00000,0x00000000fa200000)
  from space 16896K, 99% used [0x00000000fba00000,0x00000000fca780c0,0x00000000fca80000)
  to   space 24576K, 0% used [0x00000000fa200000,0x00000000fa200000,0x00000000fba00000)
 ParOldGen       total 143360K, used 33436K [0x00000000c0000000, 0x00000000c8c00000, 0x00000000eab00000)
  object space 143360K, 23% used [0x00000000c0000000,0x00000000c20a7098,0x00000000c8c00000)
 Metaspace       used 54363K, capacity 56514K, committed 56704K, reserved 1097728K
  class space    used 7461K, capacity 8007K, committed 8064K, reserved 1048576K
}
Event: 5.087 GC heap before
{Heap before GC invocations=11 (full 2):
 PSYoungGen      total 269824K, used 112773K [0x00000000eab00000, 0x00000000fd780000, 0x0000000100000000)
  eden space 252928K, 37% used [0x00000000eab00000,0x00000000f08a94b0,0x00000000fa200000)
  from space 16896K, 99% used [0x00000000fba00000,0x00000000fca780c0,0x00000000fca80000)
  to   space 24576K, 0% used [0x00000000fa200000,0x00000000fa200000,0x00000000fba00000)
 ParOldGen       total 143360K, used 33436K [0x00000000c0000000, 0x00000000c8c00000, 0x00000000eab00000)
  object space 143360K, 23% used [0x00000000c0000000,0x00000000c20a7098,0x00000000c8c00000)
 Metaspace       used 56450K, capacity 58912K, committed 59028K, reserved 1099776K
  class space    used 7740K, capacity 8374K, committed 8448K, reserved 1048576K
Event: 5.096 GC heap after
Heap after GC invocations=11 (full 2):
 PSYoungGen      total 277504K, used 24574K [0x00000000eab00000, 0x0000000100000000, 0x0000000100000000)
  eden space 252928K, 0% used [0x00000000eab00000,0x00000000eab00000,0x00000000fa200000)
  from space 24576K, 99% used [0x00000000fa200000,0x00000000fb9ffb00,0x00000000fba00000)
  to   space 29184K, 0% used [0x00000000fe380000,0x00000000fe380000,0x0000000100000000)
 ParOldGen       total 143360K, used 36290K [0x00000000c0000000, 0x00000000c8c00000, 0x00000000eab00000)
  object space 143360K, 25% used [0x00000000c0000000,0x00000000c2370ab8,0x00000000c8c00000)
 Metaspace       used 56450K, capacity 58912K, committed 59028K, reserved 1099776K
  class space    used 7740K, capacity 8374K, committed 8448K, reserved 1048576K
}
Event: 5.096 GC heap before
{Heap before GC invocations=12 (full 3):
 PSYoungGen      total 277504K, used 24574K [0x00000000eab00000, 0x0000000100000000, 0x0000000100000000)
  eden space 252928K, 0% used [0x00000000eab00000,0x00000000eab00000,0x00000000fa200000)
  from space 24576K, 99% used [0x00000000fa200000,0x00000000fb9ffb00,0x00000000fba00000)
  to   space 29184K, 0% used [0x00000000fe380000,0x00000000fe380000,0x0000000100000000)
 ParOldGen       total 143360K, used 36290K [0x00000000c0000000, 0x00000000c8c00000, 0x00000000eab00000)
  object space 143360K, 25% used [0x00000000c0000000,0x00000000c2370ab8,0x00000000c8c00000)
 Metaspace       used 56450K, capacity 58912K, committed 59028K, reserved 1099776K
  class space    used 7740K, capacity 8374K, committed 8448K, reserved 1048576K
Event: 5.269 GC heap after
Heap after GC invocations=12 (full 3):
 PSYoungGen      total 277504K, used 0K [0x00000000eab00000, 0x0000000100000000, 0x0000000100000000)
  eden space 252928K, 0% used [0x00000000eab00000,0x00000000eab00000,0x00000000fa200000)
  from space 24576K, 0% used [0x00000000fa200000,0x00000000fa200000,0x00000000fba00000)
  to   space 29184K, 0% used [0x00000000fe380000,0x00000000fe380000,0x0000000100000000)
 ParOldGen       total 233984K, used 49628K [0x00000000c0000000, 0x00000000ce480000, 0x00000000eab00000)
  object space 233984K, 21% used [0x00000000c0000000,0x00000000c30773d0,0x00000000ce480000)
 Metaspace       used 56450K, capacity 58912K, committed 59028K, reserved 1099776K
  class space    used 7740K, capacity 8374K, committed 8448K, reserved 1048576K
}
Event: 82.934 GC heap before
{Heap before GC invocations=13 (full 3):
 PSYoungGen      total 277504K, used 252928K [0x00000000eab00000, 0x0000000100000000, 0x0000000100000000)
  eden space 252928K, 100% used [0x00000000eab00000,0x00000000fa200000,0x00000000fa200000)
  from space 24576K, 0% used [0x00000000fa200000,0x00000000fa200000,0x00000000fba00000)
  to   space 29184K, 0% used [0x00000000fe380000,0x00000000fe380000,0x0000000100000000)
 ParOldGen       total 233984K, used 49628K [0x00000000c0000000, 0x00000000ce480000, 0x00000000eab00000)
  object space 233984K, 21% used [0x00000000c0000000,0x00000000c30773d0,0x00000000ce480000)
 Metaspace       used 63551K, capacity 66718K, committed 66944K, reserved 1107968K
  class space    used 8518K, capacity 9340K, committed 9344K, reserved 1048576K
Event: 82.940 GC heap after
Heap after GC invocations=13 (full 3):
 PSYoungGen      total 320512K, used 10977K [0x00000000eab00000, 0x0000000100000000, 0x0000000100000000)
  eden space 291328K, 0% used [0x00000000eab00000,0x00000000eab00000,0x00000000fc780000)
  from space 29184K, 37% used [0x00000000fe380000,0x00000000fee386c8,0x0000000100000000)
  to   space 28672K, 0% used [0x00000000fc780000,0x00000000fc780000,0x00000000fe380000)
 ParOldGen       total 233984K, used 49636K [0x00000000c0000000, 0x00000000ce480000, 0x00000000eab00000)
  object space 233984K, 21% used [0x00000000c0000000,0x00000000c30793d0,0x00000000ce480000)
 Metaspace       used 63551K, capacity 66718K, committed 66944K, reserved 1107968K
  class space    used 8518K, capacity 9340K, committed 9344K, reserved 1048576K
}

Deoptimization events (10 events):
Event: 82.336 Thread 0x000000002013f800 Uncommon trap: reason=array_check action=maybe_recompile pc=0x00000000036e7014 method=java.util.TimSort.binarySort([Ljava/lang/Object;IIILjava/util/Comparator;)V @ 193
Event: 82.336 Thread 0x000000002013f800 Uncommon trap: reason=array_check action=maybe_recompile pc=0x00000000036e70dc method=java.util.TimSort.binarySort([Ljava/lang/Object;IIILjava/util/Comparator;)V @ 183
Event: 82.337 Thread 0x000000002013f800 Uncommon trap: reason=array_check action=maybe_recompile pc=0x00000000036e6f50 method=java.util.TimSort.binarySort([Ljava/lang/Object;IIILjava/util/Comparator;)V @ 215
Event: 82.339 Thread 0x000000002013f800 Uncommon trap: reason=array_check action=maybe_recompile pc=0x00000000036e7014 method=java.util.TimSort.binarySort([Ljava/lang/Object;IIILjava/util/Comparator;)V @ 193
Event: 82.344 Thread 0x000000001a2b0000 Uncommon trap: reason=bimorphic action=maybe_recompile pc=0x0000000002d5d100 method=java.io.DataOutputStream.writeShort(I)V @ 12
Event: 82.940 Thread 0x0000000002869000 Uncommon trap: reason=unstable_if action=reinterpret pc=0x00000000030cd5f4 method=java.lang.ref.Reference.tryHandlePending(Z)Z @ 20
Event: 83.217 Thread 0x000000002013f800 Uncommon trap: reason=array_check action=maybe_recompile pc=0x0000000003dac884 method=com.google.common.collect.RegularImmutableMap.fromEntryArray(I[Ljava/util/Map$Entry;)Lcom/google/common/collect/RegularImmutableMap; @ 200
Event: 83.217 Thread 0x000000002013f800 Uncommon trap: reason=array_check action=maybe_recompile pc=0x0000000003dac884 method=com.google.common.collect.RegularImmutableMap.fromEntryArray(I[Ljava/util/Map$Entry;)Lcom/google/common/collect/RegularImmutableMap; @ 200
Event: 83.440 Thread 0x000000002013f800 Uncommon trap: reason=bimorphic action=maybe_recompile pc=0x0000000003dac938 method=com.google.common.collect.RegularImmutableMap.fromEntryArray(I[Ljava/util/Map$Entry;)Lcom/google/common/collect/RegularImmutableMap; @ 70
Event: 83.442 Thread 0x0000000020148000 Uncommon trap: reason=unstable_if action=reinterpret pc=0x0000000003a58e1c method=com.esotericsoftware.kryo.io.Output.writeUtf8Length(I)V @ 42

Classes redefined (0 events):
No events

Internal exceptions (10 events):
Event: 83.365 Thread 0x000000002013f800 Exception <a 'sun/nio/fs/WindowsException'> (0x00000000ed259000) thrown at [D:\src\AOSP-openjdk-cygwin\jdk8u\hotspot\src\share\vm\prims\jni.cpp, line 709]
Event: 83.365 Thread 0x000000002013f800 Exception <a 'sun/nio/fs/WindowsException'> (0x00000000ed259aa8) thrown at [D:\src\AOSP-openjdk-cygwin\jdk8u\hotspot\src\share\vm\prims\jni.cpp, line 709]
Event: 83.365 Thread 0x000000002013f800 Exception <a 'sun/nio/fs/WindowsException'> (0x00000000ed25c090) thrown at [D:\src\AOSP-openjdk-cygwin\jdk8u\hotspot\src\share\vm\prims\jni.cpp, line 709]
Event: 83.365 Thread 0x000000002013f800 Exception <a 'sun/nio/fs/WindowsException'> (0x00000000ed25cb70) thrown at [D:\src\AOSP-openjdk-cygwin\jdk8u\hotspot\src\share\vm\prims\jni.cpp, line 709]
Event: 83.365 Thread 0x000000002013f800 Exception <a 'sun/nio/fs/WindowsException'> (0x00000000ed25e698) thrown at [D:\src\AOSP-openjdk-cygwin\jdk8u\hotspot\src\share\vm\prims\jni.cpp, line 709]
Event: 83.365 Thread 0x000000002013f800 Exception <a 'sun/nio/fs/WindowsException'> (0x00000000ed25f1b0) thrown at [D:\src\AOSP-openjdk-cygwin\jdk8u\hotspot\src\share\vm\prims\jni.cpp, line 709]
Event: 83.366 Thread 0x000000002013f800 Exception <a 'sun/nio/fs/WindowsException'> (0x00000000ed261a70) thrown at [D:\src\AOSP-openjdk-cygwin\jdk8u\hotspot\src\share\vm\prims\jni.cpp, line 709]
Event: 83.366 Thread 0x000000002013f800 Exception <a 'sun/nio/fs/WindowsException'> (0x00000000ed2625c8) thrown at [D:\src\AOSP-openjdk-cygwin\jdk8u\hotspot\src\share\vm\prims\jni.cpp, line 709]
Event: 83.366 Thread 0x000000002013f800 Exception <a 'sun/nio/fs/WindowsException'> (0x00000000ed264168) thrown at [D:\src\AOSP-openjdk-cygwin\jdk8u\hotspot\src\share\vm\prims\jni.cpp, line 709]
Event: 83.366 Thread 0x000000002013f800 Exception <a 'sun/nio/fs/WindowsException'> (0x00000000ed264cf8) thrown at [D:\src\AOSP-openjdk-cygwin\jdk8u\hotspot\src\share\vm\prims\jni.cpp, line 709]

Events (10 events):
Event: 83.505 loading class org/jetbrains/plugins/gradle/model/ExternalLibraryDependency
Event: 83.505 loading class org/jetbrains/plugins/gradle/model/ExternalLibraryDependency done
Event: 83.505 loading class org/jetbrains/plugins/gradle/model/FileCollectionDependency
Event: 83.505 loading class org/jetbrains/plugins/gradle/model/FileCollectionDependency done
Event: 83.506 loading class org/jetbrains/plugins/gradle/model/UnresolvedExternalDependency
Event: 83.506 loading class org/jetbrains/plugins/gradle/model/UnresolvedExternalDependency done
Event: 83.506 loading class com/google/common/base/Objects
Event: 83.506 loading class com/google/common/base/Objects done
Event: 83.506 loading class org/gradle/tooling/internal/consumer/versioning/ModelMapping$DefaultModelIdentifier
Event: 83.506 loading class org/gradle/tooling/internal/consumer/versioning/ModelMapping$DefaultModelIdentifier done


Dynamic libraries:
0x00007ff7868d0000 - 0x00007ff786901000 	D:\android\APPS\jre\bin\java.exe
0x00007ff844530000 - 0x00007ff844728000 	C:\Windows\SYSTEM32\ntdll.dll
0x00007ff843150000 - 0x00007ff84320f000 	C:\Windows\System32\KERNEL32.DLL
0x00007ff8420c0000 - 0x00007ff84239a000 	C:\Windows\System32\KERNELBASE.dll
0x00007ff844110000 - 0x00007ff8441be000 	C:\Windows\System32\ADVAPI32.dll
0x00007ff842c30000 - 0x00007ff842cce000 	C:\Windows\System32\msvcrt.dll
0x00007ff842fc0000 - 0x00007ff84305c000 	C:\Windows\System32\sechost.dll
0x00007ff843fe0000 - 0x00007ff844106000 	C:\Windows\System32\RPCRT4.dll
0x00007ff843dd0000 - 0x00007ff843f6d000 	C:\Windows\System32\USER32.dll
0x00007ff841e50000 - 0x00007ff841e72000 	C:\Windows\System32\win32u.dll
0x00007ff8444c0000 - 0x00007ff8444eb000 	C:\Windows\System32\GDI32.dll
0x00007ff8423a0000 - 0x00007ff8424b0000 	C:\Windows\System32\gdi32full.dll
0x00007ff841db0000 - 0x00007ff841e4d000 	C:\Windows\System32\msvcp_win.dll
0x00007ff841cb0000 - 0x00007ff841db0000 	C:\Windows\System32\ucrtbase.dll
0x00007ff82df10000 - 0x00007ff82e1aa000 	C:\Windows\WinSxS\amd64_microsoft.windows.common-controls_6595b64144ccf1df_6.0.19041.1110_none_60b5254171f9507e\COMCTL32.dll
0x00007ff843110000 - 0x00007ff843140000 	C:\Windows\System32\IMM32.DLL
0x0000000065f20000 - 0x0000000065ff2000 	D:\android\APPS\jre\jre\bin\msvcr100.dll
0x0000000065050000 - 0x000000006588e000 	D:\android\APPS\jre\jre\bin\server\jvm.dll
0x00007ff843140000 - 0x00007ff843148000 	C:\Windows\System32\PSAPI.DLL
0x00007ff83cce0000 - 0x00007ff83cce9000 	C:\Windows\SYSTEM32\WSOCK32.dll
0x00007ff82aaa0000 - 0x00007ff82aac7000 	C:\Windows\SYSTEM32\WINMM.dll
0x00007ff83b570000 - 0x00007ff83b57a000 	C:\Windows\SYSTEM32\VERSION.dll
0x00007ff843f70000 - 0x00007ff843fdb000 	C:\Windows\System32\WS2_32.dll
0x00007ff83c7b0000 - 0x00007ff83c7bf000 	D:\android\APPS\jre\jre\bin\verify.dll
0x00007ff83b450000 - 0x00007ff83b479000 	D:\android\APPS\jre\jre\bin\java.dll
0x00007ff83b320000 - 0x00007ff83b336000 	D:\android\APPS\jre\jre\bin\zip.dll
0x00007ff843210000 - 0x00007ff843954000 	C:\Windows\System32\SHELL32.dll
0x00007ff83fd00000 - 0x00007ff840493000 	C:\Windows\SYSTEM32\windows.storage.dll
0x00007ff8427f0000 - 0x00007ff842b44000 	C:\Windows\System32\combase.dll
0x00007ff8416a0000 - 0x00007ff8416ce000 	C:\Windows\SYSTEM32\Wldp.dll
0x00007ff843060000 - 0x00007ff84310d000 	C:\Windows\System32\SHCORE.dll
0x00007ff842d50000 - 0x00007ff842da5000 	C:\Windows\System32\shlwapi.dll
0x00007ff841b80000 - 0x00007ff841b9f000 	C:\Windows\SYSTEM32\profapi.dll
0x00007ff83b300000 - 0x00007ff83b31a000 	D:\android\APPS\jre\jre\bin\net.dll
0x00007ff841400000 - 0x00007ff84146a000 	C:\Windows\system32\mswsock.dll
0x00007ff83ad50000 - 0x00007ff83ad61000 	D:\android\APPS\jre\jre\bin\nio.dll
0x00007ff82f9c0000 - 0x00007ff82f9de000 	C:\Users\Administrator\.gradle\native\25\windows-amd64\native-platform.dll
0x00007ff83c350000 - 0x00007ff83c35d000 	D:\android\APPS\jre\jre\bin\management.dll
0x00007ff8415f0000 - 0x00007ff841608000 	C:\Windows\SYSTEM32\CRYPTSP.dll
0x00007ff840cb0000 - 0x00007ff840ce4000 	C:\Windows\system32\rsaenh.dll
0x00007ff842090000 - 0x00007ff8420b7000 	C:\Windows\System32\bcrypt.dll
0x00007ff841b40000 - 0x00007ff841b6e000 	C:\Windows\SYSTEM32\USERENV.dll
0x00007ff842500000 - 0x00007ff842582000 	C:\Windows\System32\bcryptprimitives.dll
0x00007ff841610000 - 0x00007ff84161c000 	C:\Windows\SYSTEM32\CRYPTBASE.dll
0x00007ff8410a0000 - 0x00007ff8410dc000 	C:\Windows\SYSTEM32\IPHLPAPI.DLL
0x00007ff8427e0000 - 0x00007ff8427e8000 	C:\Windows\System32\NSI.dll
0x00007ff8397c0000 - 0x00007ff8397d7000 	C:\Windows\SYSTEM32\dhcpcsvc6.DLL
0x00007ff839a80000 - 0x00007ff839a9d000 	C:\Windows\SYSTEM32\dhcpcsvc.DLL
0x00007ff8410e0000 - 0x00007ff8411ab000 	C:\Windows\SYSTEM32\DNSAPI.dll
0x00007ff82b070000 - 0x00007ff82b254000 	C:\Windows\SYSTEM32\dbghelp.dll

VM Arguments:
jvm_args: -XX:+HeapDumpOnOutOfMemoryError -Xmx1024m -Dfile.encoding=GBK -Duser.country=CN -Duser.language=zh -Duser.variant 
java_command: org.gradle.launcher.daemon.bootstrap.GradleDaemon 4.1
java_class_path (initial): C:\Users\Administrator\.gradle\wrapper\dists\gradle-4.1-all\bzyivzo6n839fup2jbap0tjew\gradle-4.1\lib\gradle-launcher-4.1.jar
Launcher Type: SUN_STANDARD

Environment Variables:
PATH=C:\Program Files (x86)\Common Files\Oracle\Java\javapath;C:\Windows\system32;C:\Windows;C:\Windows\System32\Wbem;C:\Windows\System32\WindowsPowerShell\v1.0\;C:\Windows\System32\OpenSSH\;C:\Program Files\Java\jdk1.8.0_281\bin;C:\Program Files\MySQL\MySQL Server 5.5\bin;C:\Users\Administrator\AppData\Local\Microsoft\WindowsApps;D:\oeder\Ω‚—π\app\
USERNAME=Administrator
OS=Windows_NT
PROCESSOR_IDENTIFIER=Intel64 Family 6 Model 158 Stepping 10, GenuineIntel



---------------  S Y S T E M  ---------------

OS: Windows 10.0 , 64 bit Build 19041 (10.0.19041.2788)

CPU:total 12 (initial active 12) (6 cores per cpu, 2 threads per core) family 6 model 158 stepping 10, cmov, cx8, fxsr, mmx, sse, sse2, sse3, ssse3, sse4.1, sse4.2, popcnt, avx, avx2, aes, clmul, erms, 3dnowpref, lzcnt, ht, tsc, tscinvbit, bmi1, bmi2, adx

Memory: 4k page, physical 16610356k(10691300k free), swap 19625012k(12358396k free)

vm_info: OpenJDK 64-Bit Server VM (25.152-b01) for windows-amd64 JRE (1.8.0_152-release-915-b01), built by "builder" with MS VC++ 10.0 (VS2010)

time: Thu Apr 20 22:20:32 2023
elapsed time: 83 seconds (0d 0h 1m 23s)

