#
# A fatal error has been detected by the Java Runtime Environment:
#
#  EXCEPTION_ACCESS_VIOLATION (0xc0000005) at pc=0x00000000044dace4, pid=11924, tid=0x0000000000000af8
#
# JRE version: OpenJDK Runtime Environment (8.0_152-b01) (build 1.8.0_152-release-915-b01)
# Java VM: OpenJDK 64-Bit Server VM (25.152-b01 mixed mode windows-amd64 compressed oops)
# Problematic frame:
# J 10163 C1 com.android.dx.dex.code.OutputFinisher.getAllConstants()Ljava/util/HashSet; (47 bytes) @ 0x00000000044dace4 [0x00000000044da620+0x6c4]
#
# Failed to write core dump. Minidumps are not enabled by default on client versions of Windows
#
# If you would like to submit a bug report, please visit:
#   http://bugreport.java.com/bugreport/crash.jsp
#

---------------  T H R E A D  ---------------

Current thread (0x0000000020624000):  JavaThread "ForkJoinPool.commonPool-worker-3" daemon [_thread_in_Java, id=2808, stack(0x0000000025db0000,0x0000000025eb0000)]

siginfo: ExceptionCode=0xc0000005, reading address 0x0000000101a08a50

Registers:
RAX=0x00000000eff05200, RBX=0x0000000000038b1f, RCX=0x00000000f35a7758, RDX=0x00000000f35a7738
RSP=0x0000000025eaeaa0, RBP=0x0000000025eaef18, RSI=0x0000000101a08a20, RDI=0x0000000100808570
R8 =0x000000000000000c, R9 =0x00000000eff05fc8, R10=0x00000000eff05200, R11=0x000000000000000d
R12=0x0000000000000000, R13=0x00000000f35a7758, R14=0x0000000025eaebf0, R15=0x0000000020624000
RIP=0x00000000044dace4, EFLAGS=0x0000000000010202

Top of Stack: (sp=0x0000000025eaeaa0)
0x0000000025eaeaa0:   000000000000002a 0000000026034178
0x0000000025eaeab0:   0000000025eaef18 00000000046eb464
0x0000000025eaeac0:   00000000f0af7388 00000000eef009f0
0x0000000025eaead0:   00000000eef009f0 00000000eef013b0
0x0000000025eaeae0:   00000000eef009f0 0000000002a57e20
0x0000000025eaeaf0:   0000000025eaebc0 00000000c1410a00
0x0000000025eaeb00:   00000000eef012a8 00000000f35a75b0
0x0000000025eaeb10:   00000000f35a7708 00000000f35a76f8
0x0000000025eaeb20:   00000000eff05f88 00000000f35a7738
0x0000000025eaeb30:   00000000eef012a8 00000000eef009f0
0x0000000025eaeb40:   0000000025eaef18 00000000046f1e94
0x0000000025eaeb50:   0000000025eaebc0 0000000002a5809d
0x0000000025eaeb60:   0000000025eaebc0 0000000002a578b5
0x0000000025eaeb70:   0000000002a578b5 00000000f359d698
0x0000000025eaeb80:   0000000025eaeb80 00000000264d76a7
0x0000000025eaeb90:   0000000025eaebf0 00000000264da978 

Instructions: (pc=0x00000000044dace4)
0x00000000044dacc4:   81 8e c0 01 00 00 00 01 00 00 e9 c1 00 00 00 48
0x00000000044dacd4:   bf 70 85 80 00 01 00 00 00 8b 70 08 48 c1 e6 03
0x00000000044dace4:   48 3b 7e 30 0f 85 8a 00 00 00 48 be f0 c2 10 26
0x00000000044dacf4:   00 00 00 00 8b 78 08 48 c1 e7 03 48 3b be d0 01 


Register to memory mapping:

RAX=0x00000000eff05200 is an oop

[error occurred during error reporting (printing register info), id 0xc0000005]

Stack: [0x0000000025db0000,0x0000000025eb0000],  sp=0x0000000025eaeaa0,  free space=1018k
Native frames: (J=compiled Java code, j=interpreted, Vv=VM code, C=native code)
C  0x00000000044dace4


---------------  P R O C E S S  ---------------

Java Threads: ( => current thread )
  0x000000002061e000 JavaThread "ForkJoinPool.commonPool-worker-12" daemon [_thread_blocked, id=11076, stack(0x0000000025eb0000,0x0000000025fb0000)]
=>0x0000000020624000 JavaThread "ForkJoinPool.commonPool-worker-3" daemon [_thread_in_Java, id=2808, stack(0x0000000025db0000,0x0000000025eb0000)]
  0x000000002061f800 JavaThread "ForkJoinPool.commonPool-worker-10" daemon [_thread_in_Java, id=11848, stack(0x0000000025b80000,0x0000000025c80000)]
  0x0000000020621800 JavaThread "ForkJoinPool.commonPool-worker-1" daemon [_thread_in_Java, id=6408, stack(0x0000000025a80000,0x0000000025b80000)]
  0x0000000020620000 JavaThread "ForkJoinPool.commonPool-worker-8" daemon [_thread_in_Java, id=3892, stack(0x0000000025980000,0x0000000025a80000)]
  0x0000000020621000 JavaThread "ForkJoinPool.commonPool-worker-15" daemon [_thread_blocked, id=12772, stack(0x0000000025880000,0x0000000025980000)]
  0x0000000020616800 JavaThread "ForkJoinPool.commonPool-worker-6" daemon [_thread_blocked, id=11968, stack(0x0000000025780000,0x0000000025880000)]
  0x000000002061b800 JavaThread "ForkJoinPool.commonPool-worker-13" daemon [_thread_in_native, id=3212, stack(0x0000000025680000,0x0000000025780000)]
  0x000000002061d000 JavaThread "ForkJoinPool.commonPool-worker-4" daemon [_thread_in_vm, id=12844, stack(0x0000000025580000,0x0000000025680000)]
  0x000000002061a000 JavaThread "ForkJoinPool.commonPool-worker-11" daemon [_thread_in_vm, id=5240, stack(0x0000000025480000,0x0000000025580000)]
  0x000000002061b000 JavaThread "ForkJoinPool.commonPool-worker-2" daemon [_thread_in_vm, id=3304, stack(0x0000000025380000,0x0000000025480000)]
  0x0000000020618800 JavaThread "ForkJoinPool.commonPool-worker-9" daemon [_thread_in_Java, id=3976, stack(0x0000000025280000,0x0000000025380000)]
  0x0000000020619800 JavaThread "Task worker for ':' Thread 11" [_thread_blocked, id=6336, stack(0x0000000024f80000,0x0000000025080000)]
  0x0000000020618000 JavaThread "Task worker for ':' Thread 10" [_thread_blocked, id=236, stack(0x0000000024e80000,0x0000000024f80000)]
  0x0000000020617000 JavaThread "Task worker for ':' Thread 9" [_thread_blocked, id=1304, stack(0x0000000024d80000,0x0000000024e80000)]
  0x000000001ee22000 JavaThread "Task worker for ':' Thread 8" [_thread_blocked, id=4460, stack(0x0000000024c80000,0x0000000024d80000)]
  0x000000001ee21000 JavaThread "Task worker for ':' Thread 7" [_thread_blocked, id=2232, stack(0x0000000024b80000,0x0000000024c80000)]
  0x000000001ee20800 JavaThread "Task worker for ':' Thread 6" [_thread_blocked, id=8792, stack(0x0000000024a80000,0x0000000024b80000)]
  0x000000001ee25800 JavaThread "Task worker for ':' Thread 5" [_thread_blocked, id=12552, stack(0x0000000024980000,0x0000000024a80000)]
  0x000000001ee25000 JavaThread "Task worker for ':' Thread 4" [_thread_blocked, id=10552, stack(0x0000000024880000,0x0000000024980000)]
  0x000000001ee1f800 JavaThread "Task worker for ':' Thread 3" [_thread_blocked, id=12964, stack(0x0000000024780000,0x0000000024880000)]
  0x000000001ee24000 JavaThread "Task worker for ':' Thread 2" [_thread_blocked, id=9984, stack(0x0000000024580000,0x0000000024680000)]
  0x000000001ee23800 JavaThread "Task worker for ':'" [_thread_blocked, id=8852, stack(0x0000000024480000,0x0000000024580000)]
  0x000000001ee22800 JavaThread "Cache worker for task history cache (D:\app\ShareBikeClient\.gradle\4.1\taskHistory)" [_thread_blocked, id=7004, stack(0x0000000024380000,0x0000000024480000)]
  0x000000001ee18000 JavaThread "Cache worker for file content cache (D:\app\ShareBikeClient\.gradle\4.1\fileContent)" [_thread_blocked, id=3468, stack(0x0000000022c90000,0x0000000022d90000)]
  0x000000001ee19800 JavaThread "Memory manager" [_thread_blocked, id=2336, stack(0x000000001fb20000,0x000000001fc20000)]
  0x000000001ee1d800 JavaThread "build operations Thread 12" [_thread_blocked, id=6660, stack(0x0000000022190000,0x0000000022290000)]
  0x000000001ee16800 JavaThread "build operations Thread 11" [_thread_blocked, id=11000, stack(0x0000000022090000,0x0000000022190000)]
  0x000000001ee1c000 JavaThread "build operations Thread 10" [_thread_blocked, id=12520, stack(0x0000000021f90000,0x0000000022090000)]
  0x000000001ee1b000 JavaThread "build operations Thread 9" [_thread_blocked, id=12108, stack(0x0000000021e90000,0x0000000021f90000)]
  0x000000001ee18800 JavaThread "build operations Thread 8" [_thread_blocked, id=9432, stack(0x0000000021d90000,0x0000000021e90000)]
  0x000000001ee1a000 JavaThread "build operations Thread 7" [_thread_blocked, id=8328, stack(0x0000000021c90000,0x0000000021d90000)]
  0x000000001ee1c800 JavaThread "build operations Thread 6" [_thread_blocked, id=4136, stack(0x0000000021b90000,0x0000000021c90000)]
  0x000000001c6c5800 JavaThread "build operations Thread 5" [_thread_blocked, id=11536, stack(0x0000000021a90000,0x0000000021b90000)]
  0x000000001c6c4000 JavaThread "build operations Thread 4" [_thread_blocked, id=9456, stack(0x0000000021990000,0x0000000021a90000)]
  0x000000001c6c3000 JavaThread "build operations Thread 3" [_thread_blocked, id=13076, stack(0x0000000021890000,0x0000000021990000)]
  0x000000001c6c2800 JavaThread "build operations Thread 2" [_thread_blocked, id=1876, stack(0x0000000021790000,0x0000000021890000)]
  0x000000001c6c7000 JavaThread "build operations" [_thread_blocked, id=12316, stack(0x000000001ff00000,0x0000000020000000)]
  0x000000001c6c7800 JavaThread "Cache worker for Artifact transforms cache (C:\Users\Administrator\.gradle\caches\transforms-1)" [_thread_blocked, id=9116, stack(0x0000000020010000,0x0000000020110000)]
  0x0000000019f3e000 JavaThread "Cache worker for file hash cache (D:\app\ShareBikeClient\.gradle\4.1\fileHashes)" [_thread_blocked, id=7816, stack(0x000000001c210000,0x000000001c310000)]
  0x0000000019b17800 JavaThread "File lock request listener" [_thread_in_native, id=4948, stack(0x000000001c110000,0x000000001c210000)]
  0x0000000019bff800 JavaThread "Cache worker for file hash cache (C:\Users\Administrator\.gradle\caches\4.1\fileHashes)" [_thread_blocked, id=10304, stack(0x000000001be10000,0x000000001bf10000)]
  0x0000000019b88800 JavaThread "Stdin handler" [_thread_blocked, id=12364, stack(0x000000001bd10000,0x000000001be10000)]
  0x0000000019b8a000 JavaThread "Asynchronous log dispatcher for DefaultDaemonConnection: socket connection from /127.0.0.1:59218 to /127.0.0.1:59219" [_thread_blocked, id=8236, stack(0x000000001bc10000,0x000000001bd10000)]
  0x000000001a652000 JavaThread "Daemon worker" [_thread_blocked, id=11148, stack(0x000000001bb10000,0x000000001bc10000)]
  0x000000001a651800 JavaThread "Cancel handler" [_thread_blocked, id=2088, stack(0x000000001ba10000,0x000000001bb10000)]
  0x0000000019995000 JavaThread "Handler for socket connection from /127.0.0.1:59218 to /127.0.0.1:59219" [_thread_in_native, id=11300, stack(0x000000001b710000,0x000000001b810000)]
  0x0000000019994800 JavaThread "Daemon" [_thread_blocked, id=9940, stack(0x000000001b610000,0x000000001b710000)]
  0x000000001a3ab000 JavaThread "Daemon periodic checks" [_thread_blocked, id=7948, stack(0x000000001b510000,0x000000001b610000)]
  0x0000000019a48800 JavaThread "Incoming local TCP Connector on port 59218" [_thread_in_native, id=11832, stack(0x000000001b360000,0x000000001b460000)]
  0x0000000016f56000 JavaThread "Service Thread" daemon [_thread_blocked, id=11736, stack(0x00000000187c0000,0x00000000188c0000)]
  0x0000000016ebe800 JavaThread "C1 CompilerThread3" daemon [_thread_in_native, id=8160, stack(0x00000000186c0000,0x00000000187c0000)]
  0x0000000016ebe000 JavaThread "C2 CompilerThread2" daemon [_thread_in_native, id=12604, stack(0x00000000185c0000,0x00000000186c0000)]
  0x0000000016eb9000 JavaThread "C2 CompilerThread1" daemon [_thread_in_native, id=3516, stack(0x00000000184c0000,0x00000000185c0000)]
  0x000000001577b800 JavaThread "C2 CompilerThread0" daemon [_thread_in_native, id=5304, stack(0x00000000183c0000,0x00000000184c0000)]
  0x0000000016e64000 JavaThread "Attach Listener" daemon [_thread_blocked, id=7476, stack(0x00000000182c0000,0x00000000183c0000)]
  0x0000000016eb2800 JavaThread "Signal Dispatcher" daemon [_thread_blocked, id=13048, stack(0x00000000181c0000,0x00000000182c0000)]
  0x0000000016e43000 JavaThread "Finalizer" daemon [_thread_blocked, id=12356, stack(0x00000000180c0000,0x00000000181c0000)]
  0x000000001576b800 JavaThread "Reference Handler" daemon [_thread_blocked, id=9316, stack(0x0000000017fc0000,0x00000000180c0000)]
  0x000000000294d800 JavaThread "main" [_thread_blocked, id=4068, stack(0x0000000002770000,0x0000000002870000)]

Other Threads:
  0x0000000015764800 VMThread [stack: 0x0000000017ec0000,0x0000000017fc0000] [id=11676]
  0x0000000016f57000 WatcherThread [stack: 0x00000000188c0000,0x00000000189c0000] [id=580]

VM state:not at safepoint (normal execution)

VM Mutex/Monitor currently owned by a thread:  ([mutex/lock_event])
[0x000000000294be50] CodeCache_lock - owner thread: 0x0000000016ebe800
[0x0000000002950ad0] Compile_lock - owner thread: 0x0000000016ebe800
[0x00000000029518d0] MethodCompileQueue_lock - owner thread: 0x0000000000000000

Heap:
 PSYoungGen      total 278016K, used 186358K [0x00000000eab00000, 0x0000000100000000, 0x0000000100000000)
  eden space 247808K, 65% used [0x00000000eab00000,0x00000000f48a2a90,0x00000000f9d00000)
  from space 30208K, 82% used [0x00000000f9d00000,0x00000000fb55b158,0x00000000fba80000)
  to   space 32256K, 0% used [0x00000000fe080000,0x00000000fe080000,0x0000000100000000)
 ParOldGen       total 283648K, used 44089K [0x00000000c0000000, 0x00000000d1500000, 0x00000000eab00000)
  object space 283648K, 15% used [0x00000000c0000000,0x00000000c2b0e700,0x00000000d1500000)
 Metaspace       used 58933K, capacity 60884K, committed 61528K, reserved 1101824K
  class space    used 7715K, capacity 8185K, committed 8320K, reserved 1048576K

Card table byte_map: [0x0000000011e10000,0x0000000012020000] byte_map_base: 0x0000000011810000

Marking Bits: (ParMarkBitMap*) 0x00000000518d3950
 Begin Bits: [0x0000000012b80000, 0x0000000013b80000)
 End Bits:   [0x0000000013b80000, 0x0000000014b80000)

Polling page: 0x00000000005b0000

CodeCache: size=245760Kb used=30145Kb max_used=30161Kb free=215614Kb
 bounds [0x0000000002a50000, 0x00000000047f0000, 0x0000000011a50000]
 total_blobs=10109 nmethods=9339 adapters=683
 compilation: enabled

Compilation events (10 events):
Event: 7.310 Thread 0x0000000016ebe800 nmethod 10947 0x00000000047a1910 code [0x00000000047a1b00, 0x00000000047a2298]
Event: 7.310 Thread 0x0000000016ebe800 10944       2       com.android.dx.cf.code.Ropper$SubroutineInliner::copyBlock (269 bytes)
Event: 7.311 Thread 0x0000000016ebe800 nmethod 10944 0x00000000047a2bd0 code [0x00000000047a2ec0, 0x00000000047a3af8]
Event: 7.311 Thread 0x0000000016ebe800 10951       2       com.android.dx.cf.code.Ropper::access$300 (6 bytes)
Event: 7.311 Thread 0x0000000016ebe800 nmethod 10951 0x00000000047a4ad0 code [0x00000000047a4c40, 0x00000000047a4d88]
Event: 7.311 Thread 0x0000000016ebe800 10942       2       com.android.dx.util.IntList::top (11 bytes)
Event: 7.311 Thread 0x0000000016ebe800 nmethod 10942 0x00000000047a4e50 code [0x00000000047a4fc0, 0x00000000047a5148]
Event: 7.311 Thread 0x0000000016ebe800 10943       2       com.android.dx.cf.code.Ropper$LabelAllocator::getNextLabel (12 bytes)
Event: 7.311 Thread 0x0000000016ebe800 nmethod 10943 0x00000000047a51d0 code [0x00000000047a5320, 0x00000000047a5470]
Event: 7.311 Thread 0x0000000016ebe800 10945       2       com.android.dx.cf.code.Ropper::access$900 (6 bytes)

GC Heap History (10 events):
Event: 6.289 GC heap before
{Heap before GC invocations=12 (full 2):
 PSYoungGen      total 184832K, used 157927K [0x00000000eab00000, 0x00000000faa80000, 0x0000000100000000)
  eden space 160256K, 83% used [0x00000000eab00000,0x00000000f2dca158,0x00000000f4780000)
  from space 24576K, 97% used [0x00000000f4780000,0x00000000f5eefbb0,0x00000000f5f80000)
  to   space 27648K, 0% used [0x00000000f8f80000,0x00000000f8f80000,0x00000000faa80000)
 ParOldGen       total 186368K, used 33118K [0x00000000c0000000, 0x00000000cb600000, 0x00000000eab00000)
  object space 186368K, 17% used [0x00000000c0000000,0x00000000c2057a80,0x00000000cb600000)
 Metaspace       used 56766K, capacity 58930K, committed 59028K, reserved 1099776K
  class space    used 7657K, capacity 8146K, committed 8192K, reserved 1048576K
Event: 6.300 GC heap after
Heap after GC invocations=12 (full 2):
 PSYoungGen      total 230400K, used 27635K [0x00000000eab00000, 0x00000000faf00000, 0x0000000100000000)
  eden space 202752K, 0% used [0x00000000eab00000,0x00000000eab00000,0x00000000f7100000)
  from space 27648K, 99% used [0x00000000f8f80000,0x00000000faa7cd28,0x00000000faa80000)
  to   space 31232K, 0% used [0x00000000f7100000,0x00000000f7100000,0x00000000f8f80000)
 ParOldGen       total 186368K, used 33522K [0x00000000c0000000, 0x00000000cb600000, 0x00000000eab00000)
  object space 186368K, 17% used [0x00000000c0000000,0x00000000c20bc940,0x00000000cb600000)
 Metaspace       used 56766K, capacity 58930K, committed 59028K, reserved 1099776K
  class space    used 7657K, capacity 8146K, committed 8192K, reserved 1048576K
}
Event: 6.301 GC heap before
{Heap before GC invocations=13 (full 3):
 PSYoungGen      total 230400K, used 27635K [0x00000000eab00000, 0x00000000faf00000, 0x0000000100000000)
  eden space 202752K, 0% used [0x00000000eab00000,0x00000000eab00000,0x00000000f7100000)
  from space 27648K, 99% used [0x00000000f8f80000,0x00000000faa7cd28,0x00000000faa80000)
  to   space 31232K, 0% used [0x00000000f7100000,0x00000000f7100000,0x00000000f8f80000)
 ParOldGen       total 186368K, used 33522K [0x00000000c0000000, 0x00000000cb600000, 0x00000000eab00000)
  object space 186368K, 17% used [0x00000000c0000000,0x00000000c20bc940,0x00000000cb600000)
 Metaspace       used 56766K, capacity 58930K, committed 59028K, reserved 1099776K
  class space    used 7657K, capacity 8146K, committed 8192K, reserved 1048576K
Event: 6.457 GC heap after
Heap after GC invocations=13 (full 3):
 PSYoungGen      total 230400K, used 0K [0x00000000eab00000, 0x00000000faf00000, 0x0000000100000000)
  eden space 202752K, 0% used [0x00000000eab00000,0x00000000eab00000,0x00000000f7100000)
  from space 27648K, 0% used [0x00000000f8f80000,0x00000000f8f80000,0x00000000faa80000)
  to   space 31232K, 0% used [0x00000000f7100000,0x00000000f7100000,0x00000000f8f80000)
 ParOldGen       total 283648K, used 44065K [0x00000000c0000000, 0x00000000d1500000, 0x00000000eab00000)
  object space 283648K, 15% used [0x00000000c0000000,0x00000000c2b08700,0x00000000d1500000)
 Metaspace       used 56448K, capacity 58302K, committed 59028K, reserved 1099776K
  class space    used 7574K, capacity 7990K, committed 8192K, reserved 1048576K
}
Event: 6.795 GC heap before
{Heap before GC invocations=14 (full 3):
 PSYoungGen      total 230400K, used 202752K [0x00000000eab00000, 0x00000000faf00000, 0x0000000100000000)
  eden space 202752K, 100% used [0x00000000eab00000,0x00000000f7100000,0x00000000f7100000)
  from space 27648K, 0% used [0x00000000f8f80000,0x00000000f8f80000,0x00000000faa80000)
  to   space 31232K, 0% used [0x00000000f7100000,0x00000000f7100000,0x00000000f8f80000)
 ParOldGen       total 283648K, used 44065K [0x00000000c0000000, 0x00000000d1500000, 0x00000000eab00000)
  object space 283648K, 15% used [0x00000000c0000000,0x00000000c2b08700,0x00000000d1500000)
 Metaspace       used 58354K, capacity 60296K, committed 61016K, reserved 1101824K
  class space    used 7715K, capacity 8185K, committed 8320K, reserved 1048576K
Event: 6.803 GC heap after
Heap after GC invocations=14 (full 3):
 PSYoungGen      total 233984K, used 16180K [0x00000000eab00000, 0x00000000fd800000, 0x0000000100000000)
  eden space 202752K, 0% used [0x00000000eab00000,0x00000000eab00000,0x00000000f7100000)
  from space 31232K, 51% used [0x00000000f7100000,0x00000000f80cd340,0x00000000f8f80000)
  to   space 30208K, 0% used [0x00000000fba80000,0x00000000fba80000,0x00000000fd800000)
 ParOldGen       total 283648K, used 44073K [0x00000000c0000000, 0x00000000d1500000, 0x00000000eab00000)
  object space 283648K, 15% used [0x00000000c0000000,0x00000000c2b0a700,0x00000000d1500000)
 Metaspace       used 58354K, capacity 60296K, committed 61016K, reserved 1101824K
  class space    used 7715K, capacity 8185K, committed 8320K, reserved 1048576K
}
Event: 6.987 GC heap before
{Heap before GC invocations=15 (full 3):
 PSYoungGen      total 233984K, used 218932K [0x00000000eab00000, 0x00000000fd800000, 0x0000000100000000)
  eden space 202752K, 100% used [0x00000000eab00000,0x00000000f7100000,0x00000000f7100000)
  from space 31232K, 51% used [0x00000000f7100000,0x00000000f80cd340,0x00000000f8f80000)
  to   space 30208K, 0% used [0x00000000fba80000,0x00000000fba80000,0x00000000fd800000)
 ParOldGen       total 283648K, used 44073K [0x00000000c0000000, 0x00000000d1500000, 0x00000000eab00000)
  object space 283648K, 15% used [0x00000000c0000000,0x00000000c2b0a700,0x00000000d1500000)
 Metaspace       used 58498K, capacity 60424K, committed 61016K, reserved 1101824K
  class space    used 7715K, capacity 8185K, committed 8320K, reserved 1048576K
Event: 6.994 GC heap after
Heap after GC invocations=15 (full 3):
 PSYoungGen      total 278016K, used 19544K [0x00000000eab00000, 0x00000000fdf80000, 0x0000000100000000)
  eden space 247808K, 0% used [0x00000000eab00000,0x00000000eab00000,0x00000000f9d00000)
  from space 30208K, 64% used [0x00000000fba80000,0x00000000fcd96028,0x00000000fd800000)
  to   space 30208K, 0% used [0x00000000f9d00000,0x00000000f9d00000,0x00000000fba80000)
 ParOldGen       total 283648K, used 44081K [0x00000000c0000000, 0x00000000d1500000, 0x00000000eab00000)
  object space 283648K, 15% used [0x00000000c0000000,0x00000000c2b0c700,0x00000000d1500000)
 Metaspace       used 58498K, capacity 60424K, committed 61016K, reserved 1101824K
  class space    used 7715K, capacity 8185K, committed 8320K, reserved 1048576K
}
Event: 7.179 GC heap before
{Heap before GC invocations=16 (full 3):
 PSYoungGen      total 278016K, used 267352K [0x00000000eab00000, 0x00000000fdf80000, 0x0000000100000000)
  eden space 247808K, 100% used [0x00000000eab00000,0x00000000f9d00000,0x00000000f9d00000)
  from space 30208K, 64% used [0x00000000fba80000,0x00000000fcd96028,0x00000000fd800000)
  to   space 30208K, 0% used [0x00000000f9d00000,0x00000000f9d00000,0x00000000fba80000)
 ParOldGen       total 283648K, used 44081K [0x00000000c0000000, 0x00000000d1500000, 0x00000000eab00000)
  object space 283648K, 15% used [0x00000000c0000000,0x00000000c2b0c700,0x00000000d1500000)
 Metaspace       used 58766K, capacity 60684K, committed 61272K, reserved 1101824K
  class space    used 7715K, capacity 8185K, committed 8320K, reserved 1048576K
Event: 7.190 GC heap after
Heap after GC invocations=16 (full 3):
 PSYoungGen      total 278016K, used 24940K [0x00000000eab00000, 0x0000000100000000, 0x0000000100000000)
  eden space 247808K, 0% used [0x00000000eab00000,0x00000000eab00000,0x00000000f9d00000)
  from space 30208K, 82% used [0x00000000f9d00000,0x00000000fb55b158,0x00000000fba80000)
  to   space 32256K, 0% used [0x00000000fe080000,0x00000000fe080000,0x0000000100000000)
 ParOldGen       total 283648K, used 44089K [0x00000000c0000000, 0x00000000d1500000, 0x00000000eab00000)
  object space 283648K, 15% used [0x00000000c0000000,0x00000000c2b0e700,0x00000000d1500000)
 Metaspace       used 58766K, capacity 60684K, committed 61272K, reserved 1101824K
  class space    used 7715K, capacity 8185K, committed 8320K, reserved 1048576K
}

Deoptimization events (10 events):
Event: 6.778 Thread 0x0000000020621800 Uncommon trap: reason=class_check action=maybe_recompile pc=0x000000000418ea0c method=com.android.apkzlib.zip.ZipField.checkVerifiesInvariants(J)V @ 25
Event: 6.867 Thread 0x0000000020621000 Uncommon trap: reason=unstable_if action=reinterpret pc=0x0000000004187994 method=java.io.RandomAccessFile.getChannel()Ljava/nio/channels/FileChannel; @ 8
Event: 6.867 Thread 0x0000000020621000 Uncommon trap: reason=class_check action=maybe_recompile pc=0x000000000418ea0c method=com.android.apkzlib.zip.ZipField.checkVerifiesInvariants(J)V @ 25
Event: 6.878 Thread 0x0000000020620000 Uncommon trap: reason=unstable_if action=reinterpret pc=0x000000000327bc9c method=java.util.HashMap.getNode(ILjava/lang/Object;)Ljava/util/HashMap$Node; @ 84
Event: 6.932 Thread 0x000000002061a000 Uncommon trap: reason=class_check action=maybe_recompile pc=0x000000000418ea0c method=com.android.apkzlib.zip.ZipField.checkVerifiesInvariants(J)V @ 25
Event: 6.942 Thread 0x000000002061d000 Uncommon trap: reason=class_check action=maybe_recompile pc=0x000000000418ea0c method=com.android.apkzlib.zip.ZipField.checkVerifiesInvariants(J)V @ 25
Event: 6.942 Thread 0x000000002061b000 Uncommon trap: reason=class_check action=maybe_recompile pc=0x00000000040de090 method=com.android.apkzlib.zip.ZipField.checkVerifiesInvariants(J)V @ 25
Event: 7.133 Thread 0x000000002061a000 Uncommon trap: reason=unstable_if action=reinterpret pc=0x000000000367a514 method=java.util.concurrent.ConcurrentHashMap.addCount(JI)V @ 34
Event: 7.264 Thread 0x000000002061b800 Uncommon trap: reason=unstable_if action=reinterpret pc=0x00000000044b0bac method=com.android.dx.rop.code.RegisterSpecSet.<init>(I)V @ 2
Event: 7.264 Thread 0x000000002061b800 Uncommon trap: reason=unstable_if action=reinterpret pc=0x00000000046bf3b4 method=com.android.dx.rop.code.RegisterSpecSet.<init>(I)V @ 2

Classes redefined (0 events):
No events

Internal exceptions (10 events):
Event: 6.503 Thread 0x000000002061b800 Exception <a 'sun/nio/fs/WindowsException'> (0x00000000ecc9c520) thrown at [D:\src\AOSP-openjdk-cygwin\jdk8u\hotspot\src\share\vm\prims\jni.cpp, line 709]
Event: 6.503 Thread 0x0000000020616800 Exception <a 'sun/nio/fs/WindowsException'> (0x00000000ecb71d78) thrown at [D:\src\AOSP-openjdk-cygwin\jdk8u\hotspot\src\share\vm\prims\jni.cpp, line 709]
Event: 6.503 Thread 0x000000002061e000 Exception <a 'sun/nio/fs/WindowsException'> (0x00000000ecc51a30) thrown at [D:\src\AOSP-openjdk-cygwin\jdk8u\hotspot\src\share\vm\prims\jni.cpp, line 709]
Event: 6.504 Thread 0x0000000020618800 Exception <a 'sun/nio/fs/WindowsException'> (0x00000000ecc0f1c0) thrown at [D:\src\AOSP-openjdk-cygwin\jdk8u\hotspot\src\share\vm\prims\jni.cpp, line 709]
Event: 6.623 Thread 0x000000002061d000 Implicit null exception at 0x0000000004218dd1 to 0x000000000421a76d
Event: 6.784 Thread 0x0000000020621800 Exception <a 'sun/nio/fs/WindowsException'> (0x00000000f66247c8) thrown at [D:\src\AOSP-openjdk-cygwin\jdk8u\hotspot\src\share\vm\prims\jni.cpp, line 709]
Event: 6.872 Thread 0x0000000020621000 Exception <a 'sun/nio/fs/WindowsException'> (0x00000000eee17d10) thrown at [D:\src\AOSP-openjdk-cygwin\jdk8u\hotspot\src\share\vm\prims\jni.cpp, line 709]
Event: 6.938 Thread 0x000000002061a000 Exception <a 'sun/nio/fs/WindowsException'> (0x00000000f35e29e8) thrown at [D:\src\AOSP-openjdk-cygwin\jdk8u\hotspot\src\share\vm\prims\jni.cpp, line 709]
Event: 6.954 Thread 0x000000002061d000 Exception <a 'sun/nio/fs/WindowsException'> (0x00000000f4bd28e0) thrown at [D:\src\AOSP-openjdk-cygwin\jdk8u\hotspot\src\share\vm\prims\jni.cpp, line 709]
Event: 6.955 Thread 0x000000002061b000 Exception <a 'sun/nio/fs/WindowsException'> (0x00000000f4c14f90) thrown at [D:\src\AOSP-openjdk-cygwin\jdk8u\hotspot\src\share\vm\prims\jni.cpp, line 709]

Events (10 events):
Event: 7.297 Thread 0x0000000020616800 DEOPT PACKING pc=0x0000000004384d09 sp=0x000000002587e910
Event: 7.297 Thread 0x0000000020616800 DEOPT UNPACKING pc=0x0000000002a975bf sp=0x000000002587e670 mode 0
Event: 7.299 Thread 0x0000000020621000 DEOPT PACKING pc=0x00000000047531d9 sp=0x000000002597e720
Event: 7.299 Thread 0x0000000020621000 DEOPT UNPACKING pc=0x0000000002a975bf sp=0x000000002597e470 mode 0
Event: 7.302 Thread 0x0000000020624000 DEOPT PACKING pc=0x000000000431cb3a sp=0x0000000025eae6f0
Event: 7.302 Thread 0x0000000020624000 DEOPT UNPACKING pc=0x0000000002a975bf sp=0x0000000025eae4b8 mode 0
Event: 7.303 Thread 0x000000002061b800 DEOPT PACKING pc=0x00000000047531d9 sp=0x000000002577ea40
Event: 7.303 Thread 0x000000002061b800 DEOPT UNPACKING pc=0x0000000002a975bf sp=0x000000002577e790 mode 0
Event: 7.307 Thread 0x0000000020620000 DEOPT PACKING pc=0x0000000004319cb6 sp=0x0000000025a7e120
Event: 7.307 Thread 0x0000000020620000 DEOPT UNPACKING pc=0x0000000002a975bf sp=0x0000000025a7de40 mode 0


Dynamic libraries:
0x00007ff63dff0000 - 0x00007ff63e021000 	D:\android\app\jre\bin\java.exe
0x00007ffe98cb0000 - 0x00007ffe98ea8000 	C:\Windows\SYSTEM32\ntdll.dll
0x00007ffe981a0000 - 0x00007ffe9825f000 	C:\Windows\System32\KERNEL32.DLL
0x00007ffe96400000 - 0x00007ffe966d2000 	C:\Windows\System32\KERNELBASE.dll
0x00007ffe97830000 - 0x00007ffe978de000 	C:\Windows\System32\ADVAPI32.dll
0x00007ffe96f30000 - 0x00007ffe96fce000 	C:\Windows\System32\msvcrt.dll
0x00007ffe96e90000 - 0x00007ffe96f2c000 	C:\Windows\System32\sechost.dll
0x00007ffe97480000 - 0x00007ffe975a4000 	C:\Windows\System32\RPCRT4.dll
0x00007ffe975b0000 - 0x00007ffe97751000 	C:\Windows\System32\USER32.dll
0x00007ffe96920000 - 0x00007ffe96942000 	C:\Windows\System32\win32u.dll
0x00007ffe98a00000 - 0x00007ffe98a2b000 	C:\Windows\System32\GDI32.dll
0x00007ffe96a90000 - 0x00007ffe96b9f000 	C:\Windows\System32\gdi32full.dll
0x00007ffe966e0000 - 0x00007ffe9677d000 	C:\Windows\System32\msvcp_win.dll
0x00007ffe96820000 - 0x00007ffe96920000 	C:\Windows\System32\ucrtbase.dll
0x00007ffe832d0000 - 0x00007ffe8356a000 	C:\Windows\WinSxS\amd64_microsoft.windows.common-controls_6595b64144ccf1df_6.0.19041.1110_none_60b5254171f9507e\COMCTL32.dll
0x00007ffe97990000 - 0x00007ffe979c0000 	C:\Windows\System32\IMM32.DLL
0x0000000053960000 - 0x0000000053a32000 	D:\android\app\jre\jre\bin\msvcr100.dll
0x0000000051110000 - 0x000000005194e000 	D:\android\app\jre\jre\bin\server\jvm.dll
0x00007ffe98190000 - 0x00007ffe98198000 	C:\Windows\System32\PSAPI.DLL
0x00007ffe92e70000 - 0x00007ffe92e79000 	C:\Windows\SYSTEM32\WSOCK32.dll
0x00007ffe84190000 - 0x00007ffe841b7000 	C:\Windows\SYSTEM32\WINMM.dll
0x00007ffe8d3f0000 - 0x00007ffe8d3fa000 	C:\Windows\SYSTEM32\VERSION.dll
0x00007ffe97330000 - 0x00007ffe9739b000 	C:\Windows\System32\WS2_32.dll
0x00007ffe915a0000 - 0x00007ffe915af000 	D:\android\app\jre\jre\bin\verify.dll
0x00007ffe87040000 - 0x00007ffe87069000 	D:\android\app\jre\jre\bin\java.dll
0x00007ffe86e40000 - 0x00007ffe86e56000 	D:\android\app\jre\jre\bin\zip.dll
0x00007ffe979d0000 - 0x00007ffe98115000 	C:\Windows\System32\SHELL32.dll
0x00007ffe94470000 - 0x00007ffe94c02000 	C:\Windows\SYSTEM32\windows.storage.dll
0x00007ffe96fd0000 - 0x00007ffe97325000 	C:\Windows\System32\combase.dll
0x00007ffe95e10000 - 0x00007ffe95e40000 	C:\Windows\SYSTEM32\Wldp.dll
0x00007ffe96de0000 - 0x00007ffe96e8d000 	C:\Windows\System32\SHCORE.dll
0x00007ffe96d00000 - 0x00007ffe96d55000 	C:\Windows\System32\shlwapi.dll
0x00007ffe962f0000 - 0x00007ffe9630f000 	C:\Windows\SYSTEM32\profapi.dll
0x00007ffe86ba0000 - 0x00007ffe86bba000 	D:\android\app\jre\jre\bin\net.dll
0x00007ffe95b70000 - 0x00007ffe95bda000 	C:\Windows\system32\mswsock.dll
0x00007ffe86890000 - 0x00007ffe868a1000 	D:\android\app\jre\jre\bin\nio.dll
0x00007ffe7cd70000 - 0x00007ffe7cd8e000 	C:\Users\Administrator\.gradle\native\25\windows-amd64\native-platform.dll
0x00007ffe91590000 - 0x00007ffe9159d000 	D:\android\app\jre\jre\bin\management.dll
0x00007ffe95d60000 - 0x00007ffe95d78000 	C:\Windows\SYSTEM32\CRYPTSP.dll
0x00007ffe95420000 - 0x00007ffe95454000 	C:\Windows\system32\rsaenh.dll
0x00007ffe96780000 - 0x00007ffe967a7000 	C:\Windows\System32\bcrypt.dll
0x00007ffe962b0000 - 0x00007ffe962de000 	C:\Windows\SYSTEM32\USERENV.dll
0x00007ffe96950000 - 0x00007ffe969d2000 	C:\Windows\System32\bcryptprimitives.dll
0x00007ffe95d80000 - 0x00007ffe95d8c000 	C:\Windows\SYSTEM32\CRYPTBASE.dll
0x00007ffe95810000 - 0x00007ffe9584b000 	C:\Windows\SYSTEM32\IPHLPAPI.DLL
0x00007ffe979c0000 - 0x00007ffe979c8000 	C:\Windows\System32\NSI.dll
0x00007ffe8ffa0000 - 0x00007ffe8ffb7000 	C:\Windows\SYSTEM32\dhcpcsvc6.DLL
0x00007ffe8ff80000 - 0x00007ffe8ff9d000 	C:\Windows\SYSTEM32\dhcpcsvc.DLL
0x00007ffe95860000 - 0x00007ffe9592b000 	C:\Windows\SYSTEM32\DNSAPI.dll
0x00007ffe95540000 - 0x00007ffe95573000 	C:\Windows\SYSTEM32\ntmarta.dll
0x00007ffe84f10000 - 0x00007ffe850f4000 	C:\Windows\SYSTEM32\dbghelp.dll

VM Arguments:
jvm_args: -XX:+HeapDumpOnOutOfMemoryError -Xmx1024m -Dfile.encoding=GBK -Duser.country=CN -Duser.language=zh -Duser.variant 
java_command: org.gradle.launcher.daemon.bootstrap.GradleDaemon 4.1
java_class_path (initial): D:\android\app\gradle\gradle-4.1\lib\gradle-launcher-4.1.jar
Launcher Type: SUN_STANDARD

Environment Variables:
JAVA_HOME=C:\Program Files\Java\jdk1.8.0_281
PATH=D:\VMmare\bin\;C:\Program Files (x86)\Common Files\Oracle\Java\javapath;C:\Windows\system32;C:\Windows;C:\Windows\System32\Wbem;C:\Windows\System32\WindowsPowerShell\v1.0\;C:\Windows\System32\OpenSSH\;C:\Program Files\Tomact\apache-tomcat-8.0.50\bin;C:\Program Files\Tomact\apache-tomcat-8.0.50\lib;C:\Program Files\Java\jdk1.8.0_281\bin;D:\program\apache-maven-3.6.1\bin;C:\Users\Administrator\AppData\Local\Microsoft\WindowsApps;D:\oeder\Ω‚—π\;D:\IntelliJ IDEA\bin;
USERNAME=Administrator
OS=Windows_NT
PROCESSOR_IDENTIFIER=Intel64 Family 6 Model 158 Stepping 10, GenuineIntel



---------------  S Y S T E M  ---------------

OS: Windows 10.0 , 64 bit Build 19041 (10.0.19041.2546)

CPU:total 12 (initial active 12) (6 cores per cpu, 2 threads per core) family 6 model 158 stepping 10, cmov, cx8, fxsr, mmx, sse, sse2, sse3, ssse3, sse4.1, sse4.2, popcnt, avx, avx2, aes, clmul, erms, 3dnowpref, lzcnt, ht, tsc, tscinvbit, bmi1, bmi2, adx

Memory: 4k page, physical 16610356k(7836304k free), swap 33387572k(20808340k free)

vm_info: OpenJDK 64-Bit Server VM (25.152-b01) for windows-amd64 JRE (1.8.0_152-release-915-b01), built by "builder" with MS VC++ 10.0 (VS2010)

time: Wed Mar 22 22:58:48 2023
elapsed time: 7 seconds (0d 0h 0m 7s)

