#
# A fatal error has been detected by the Java Runtime Environment:
#
#  EXCEPTION_ACCESS_VIOLATION (0xc0000005) at pc=0x0000000065481474, pid=6424, tid=0x0000000000001ee8
#
# JRE version: OpenJDK Runtime Environment (8.0_152-b01) (build 1.8.0_152-release-915-b01)
# Java VM: OpenJDK 64-Bit Server VM (25.152-b01 mixed mode windows-amd64 compressed oops)
# Problematic frame:
# V  [jvm.dll+0x431474]
#
# Failed to write core dump. Minidumps are not enabled by default on client versions of Windows
#
# If you would like to submit a bug report, please visit:
#   http://bugreport.java.com/bugreport/crash.jsp
#

---------------  T H R E A D  ---------------

Current thread (0x0000000017463000):  JavaThread "C2 CompilerThread0" daemon [_thread_in_native, id=7912, stack(0x0000000018960000,0x0000000018a60000)]

siginfo: ExceptionCode=0xc0000005, reading address 0x0000000096722410

Registers:
RAX=0x0000000020723150, RBX=0x0000000000000000, RCX=0x000000001aa0a160, RDX=0x000000001d7ffcb0
RSP=0x0000000018a5c220, RBP=0xffffffffffffffff, RSI=0x0000000021131620, RDI=0x000000001a39c250
R8 =0x00000000ffffffff, R9 =0x0000000000000001, R10=0x000000000000005c, R11=0x0000000000000041
R12=0x0000000018a5c630, R13=0x000000001f68b060, R14=0x0000000000000010, R15=0x0000000000000002
RIP=0x0000000065481474, EFLAGS=0x0000000000010293

Top of Stack: (sp=0x0000000018a5c220)
0x0000000018a5c220:   0000000027fb9680 000000001e39c040
0x0000000018a5c230:   00000000000003e7 ffffffffffffffff
0x0000000018a5c240:   0000000400000327 000000001a39c250
0x0000000018a5c250:   0000000000000028 0000000000000327
0x0000000018a5c260:   0000000000000000 0000000000000000
0x0000000018a5c270:   0000000018a5c340 00000000000003d8
0x0000000018a5c280:   000000001b2a5788 000000001b2a53b0
0x0000000018a5c290:   0000000018a5c3c0 0000000000000000
0x0000000018a5c2a0:   0000000018a5c630 000000001b2a53a0
0x0000000018a5c2b0:   0000000000000000 0000000065484644
0x0000000018a5c2c0:   0000000018a5c630 0000000018a5c301
0x0000000018a5c2d0:   00000000ffffffff 0000000000000005
0x0000000018a5c2e0:   0000000000000002 000000001b2a53a0
0x0000000018a5c2f0:   000000001a4f2e80 000000001a4f8110
0x0000000018a5c300:   000000001a4fae68 000000000079c050
0x0000000018a5c310:   0000000000000002 000000001aefb4b0 

Instructions: (pc=0x0000000065481474)
0x0000000065481454:   00 00 49 c1 e6 03 66 0f 1f 44 00 00 48 8b 46 08
0x0000000065481464:   49 8b 0c 06 49 8b 84 24 28 01 00 00 48 63 51 28
0x0000000065481474:   8b 1c 90 85 db 0f 84 c0 01 00 00 45 84 c9 74 11
0x0000000065481484:   45 3b c7 75 0c 48 8b 06 48 8b ce ff 90 e0 00 00 


Register to memory mapping:

RAX=0x0000000020723150 is an unknown value
RBX=0x0000000000000000 is an unknown value
RCX=0x000000001aa0a160 is an unknown value
RDX=0x000000001d7ffcb0 is an unknown value
RSP=0x0000000018a5c220 is pointing into the stack for thread: 0x0000000017463000
RBP=0xffffffffffffffff is an unknown value
RSI=0x0000000021131620 is an unknown value
RDI=0x000000001a39c250 is an unknown value
R8 =0x00000000ffffffff is an unallocated location in the heap
R9 =0x0000000000000001 is an unknown value
R10=0x000000000000005c is an unknown value
R11=0x0000000000000041 is an unknown value
R12=0x0000000018a5c630 is pointing into the stack for thread: 0x0000000017463000
R13=0x000000001f68b060 is an unknown value
R14=0x0000000000000010 is an unknown value
R15=0x0000000000000002 is an unknown value


Stack: [0x0000000018960000,0x0000000018a60000],  sp=0x0000000018a5c220,  free space=1008k
Native frames: (J=compiled Java code, j=interpreted, Vv=VM code, C=native code)
V  [jvm.dll+0x431474]
V  [jvm.dll+0x434644]
V  [jvm.dll+0x43f19b]
V  [jvm.dll+0x441a6e]
V  [jvm.dll+0x424b32]
V  [jvm.dll+0x80fa9]
V  [jvm.dll+0x818df]
V  [jvm.dll+0x21d06f]
V  [jvm.dll+0x26d4aa]
C  [msvcr100.dll+0x21d9f]
C  [msvcr100.dll+0x21e3b]
C  [KERNEL32.DLL+0x17604]
C  [ntdll.dll+0x526a1]


Current CompileTask:
C2:  10017 9724       4       org.objectweb.asm.ClassReader::b (1124 bytes)


---------------  P R O C E S S  ---------------

Java Threads: ( => current thread )
  0x000000001aca4000 JavaThread "ForkJoinPool.commonPool-worker-12" daemon [_thread_blocked, id=11716, stack(0x0000000027a70000,0x0000000027b70000)]
  0x000000001aca5000 JavaThread "ForkJoinPool.commonPool-worker-3" daemon [_thread_blocked, id=4716, stack(0x0000000027970000,0x0000000027a70000)]
  0x000000001aca3800 JavaThread "ForkJoinPool.commonPool-worker-10" daemon [_thread_blocked, id=11416, stack(0x0000000027870000,0x0000000027970000)]
  0x000000001ac98000 JavaThread "ForkJoinPool.commonPool-worker-1" daemon [_thread_blocked, id=6192, stack(0x0000000027770000,0x0000000027870000)]
  0x000000001ac9f000 JavaThread "ForkJoinPool.commonPool-worker-8" daemon [_thread_blocked, id=9820, stack(0x0000000027670000,0x0000000027770000)]
  0x000000001ac9e000 JavaThread "ForkJoinPool.commonPool-worker-15" daemon [_thread_blocked, id=2952, stack(0x0000000027310000,0x0000000027410000)]
  0x000000001ac99800 JavaThread "Worker Daemon Execution Thread 3" [_thread_blocked, id=6896, stack(0x0000000027210000,0x0000000027310000)]
  0x000000001ac9b000 JavaThread "Worker Daemon Execution Thread 2" [_thread_blocked, id=7476, stack(0x0000000027110000,0x0000000027210000)]
  0x000000001ac97800 JavaThread "Worker Daemon Execution" [_thread_blocked, id=11648, stack(0x0000000027010000,0x0000000027110000)]
  0x000000001ac9c800 JavaThread "ForkJoinPool.commonPool-worker-6" daemon [_thread_blocked, id=6952, stack(0x0000000026f10000,0x0000000027010000)]
  0x000000001ac9d800 JavaThread "ForkJoinPool.commonPool-worker-13" daemon [_thread_blocked, id=7108, stack(0x0000000026e10000,0x0000000026f10000)]
  0x000000001ac99000 JavaThread "ForkJoinPool.commonPool-worker-4" daemon [_thread_blocked, id=11712, stack(0x0000000026d10000,0x0000000026e10000)]
  0x000000001ac96800 JavaThread "ForkJoinPool.commonPool-worker-11" daemon [_thread_blocked, id=5664, stack(0x0000000026c10000,0x0000000026d10000)]
  0x000000001ac9a800 JavaThread "ForkJoinPool.commonPool-worker-2" daemon [_thread_blocked, id=3400, stack(0x0000000026b10000,0x0000000026c10000)]
  0x000000001ac96000 JavaThread "ForkJoinPool.commonPool-worker-9" daemon [_thread_blocked, id=12988, stack(0x0000000024b40000,0x0000000024c40000)]
  0x000000001ac9c000 JavaThread "Task worker for ':' Thread 11" [_thread_blocked, id=7888, stack(0x0000000025840000,0x0000000025940000)]
  0x000000001d6e0000 JavaThread "Task worker for ':' Thread 10" [_thread_blocked, id=4972, stack(0x0000000025740000,0x0000000025840000)]
  0x000000001d6e5800 JavaThread "Task worker for ':' Thread 9" [_thread_blocked, id=7640, stack(0x0000000025640000,0x0000000025740000)]
  0x000000001d6de800 JavaThread "Task worker for ':' Thread 8" [_thread_blocked, id=896, stack(0x0000000025540000,0x0000000025640000)]
  0x000000001d6e1800 JavaThread "Task worker for ':' Thread 7" [_thread_blocked, id=10484, stack(0x0000000025440000,0x0000000025540000)]
  0x000000001d6e4800 JavaThread "Task worker for ':' Thread 6" [_thread_blocked, id=1356, stack(0x0000000025340000,0x0000000025440000)]
  0x000000001d6e1000 JavaThread "Task worker for ':' Thread 5" [_thread_blocked, id=9272, stack(0x0000000025240000,0x0000000025340000)]
  0x000000001d6e2800 JavaThread "Task worker for ':' Thread 4" [_thread_blocked, id=6044, stack(0x0000000025140000,0x0000000025240000)]
  0x000000001d6e4000 JavaThread "Task worker for ':' Thread 3" [_thread_blocked, id=10196, stack(0x0000000025040000,0x0000000025140000)]
  0x000000001d6df800 JavaThread "Task worker for ':' Thread 2" [_thread_in_native, id=10336, stack(0x0000000024f40000,0x0000000025040000)]
  0x000000001d6e3000 JavaThread "Task worker for ':'" [_thread_blocked, id=8264, stack(0x0000000024d40000,0x0000000024e40000)]
  0x000000001d6d7000 JavaThread "Cache worker for task history cache (D:\app\root\DustBin\.gradle\4.1\taskHistory)" [_thread_blocked, id=2864, stack(0x0000000024c40000,0x0000000024d40000)]
  0x000000001d6d8800 JavaThread "Cache worker for file content cache (D:\app\root\DustBin\.gradle\4.1\fileContent)" [_thread_blocked, id=5476, stack(0x00000000231c0000,0x00000000232c0000)]
  0x000000001d6db000 JavaThread "Memory manager" [_thread_blocked, id=7708, stack(0x0000000022ac0000,0x0000000022bc0000)]
  0x000000001d6db800 JavaThread "build operations Thread 12" [_thread_blocked, id=7692, stack(0x00000000223c0000,0x00000000224c0000)]
  0x000000001d6dd000 JavaThread "build operations Thread 11" [_thread_blocked, id=4684, stack(0x00000000222c0000,0x00000000223c0000)]
  0x000000001d6d9800 JavaThread "build operations Thread 10" [_thread_blocked, id=7116, stack(0x00000000221c0000,0x00000000222c0000)]
  0x000000001d6d8000 JavaThread "build operations Thread 9" [_thread_blocked, id=8220, stack(0x00000000220c0000,0x00000000221c0000)]
  0x000000001d6dc800 JavaThread "build operations Thread 8" [_thread_blocked, id=5376, stack(0x0000000021fc0000,0x00000000220c0000)]
  0x000000001d6d6800 JavaThread "build operations Thread 7" [_thread_blocked, id=3016, stack(0x0000000021ec0000,0x0000000021fc0000)]
  0x000000001ce1d800 JavaThread "build operations Thread 6" [_thread_blocked, id=2388, stack(0x0000000021dc0000,0x0000000021ec0000)]
  0x000000001ce21800 JavaThread "build operations Thread 5" [_thread_blocked, id=788, stack(0x0000000021cc0000,0x0000000021dc0000)]
  0x000000001ce22000 JavaThread "build operations Thread 4" [_thread_blocked, id=1048, stack(0x00000000216d0000,0x00000000217d0000)]
  0x000000001ce20800 JavaThread "build operations Thread 3" [_thread_blocked, id=888, stack(0x00000000215d0000,0x00000000216d0000)]
  0x000000001ce20000 JavaThread "build operations Thread 2" [_thread_blocked, id=7444, stack(0x00000000202d0000,0x00000000203d0000)]
  0x000000001ce1d000 JavaThread "build operations" [_thread_blocked, id=9360, stack(0x00000000201d0000,0x00000000202d0000)]
  0x000000001ce1e800 JavaThread "Cache worker for Artifact transforms cache (C:\Users\Administrator\.gradle\caches\transforms-1)" [_thread_blocked, id=8372, stack(0x000000001d880000,0x000000001d980000)]
  0x000000001a7b5000 JavaThread "Cache worker for file hash cache (D:\app\root\DustBin\.gradle\4.1\fileHashes)" [_thread_blocked, id=11448, stack(0x000000001c7b0000,0x000000001c8b0000)]
  0x0000000019de4000 JavaThread "File lock request listener" [_thread_in_native, id=10464, stack(0x000000001c6b0000,0x000000001c7b0000)]
  0x0000000019de3000 JavaThread "Cache worker for file hash cache (C:\Users\Administrator\.gradle\caches\4.1\fileHashes)" [_thread_blocked, id=3884, stack(0x000000001c3b0000,0x000000001c4b0000)]
  0x000000001a6fa800 JavaThread "Stdin handler" [_thread_blocked, id=10648, stack(0x000000001c2b0000,0x000000001c3b0000)]
  0x000000001a6fa000 JavaThread "Asynchronous log dispatcher for DefaultDaemonConnection: socket connection from /127.0.0.1:60490 to /127.0.0.1:60491" [_thread_blocked, id=13256, stack(0x000000001c1b0000,0x000000001c2b0000)]
  0x000000001a9c0800 JavaThread "Daemon worker" [_thread_blocked, id=12680, stack(0x000000001c0b0000,0x000000001c1b0000)]
  0x000000001a5e1000 JavaThread "Cancel handler" [_thread_blocked, id=12212, stack(0x000000001bfb0000,0x000000001c0b0000)]
  0x0000000019e8d800 JavaThread "Handler for socket connection from /127.0.0.1:60490 to /127.0.0.1:60491" [_thread_in_native, id=6716, stack(0x000000001bcb0000,0x000000001bdb0000)]
  0x0000000019e86800 JavaThread "Daemon" [_thread_blocked, id=3476, stack(0x000000001bbb0000,0x000000001bcb0000)]
  0x000000001a4ef800 JavaThread "Daemon periodic checks" [_thread_blocked, id=1236, stack(0x000000001bab0000,0x000000001bbb0000)]
  0x0000000019f5d000 JavaThread "Incoming local TCP Connector on port 60490" [_thread_in_native, id=10988, stack(0x000000001b900000,0x000000001ba00000)]
  0x00000000174f3800 JavaThread "Service Thread" daemon [_thread_blocked, id=2452, stack(0x0000000018d60000,0x0000000018e60000)]
  0x000000001746e000 JavaThread "C1 CompilerThread3" daemon [_thread_blocked, id=10668, stack(0x0000000018c60000,0x0000000018d60000)]
  0x000000001746d800 JavaThread "C2 CompilerThread2" daemon [_thread_in_native, id=6420, stack(0x0000000018b60000,0x0000000018c60000)]
  0x0000000017468800 JavaThread "C2 CompilerThread1" daemon [_thread_in_native, id=11908, stack(0x0000000018a60000,0x0000000018b60000)]
=>0x0000000017463000 JavaThread "C2 CompilerThread0" daemon [_thread_in_native, id=7912, stack(0x0000000018960000,0x0000000018a60000)]
  0x0000000017462000 JavaThread "Attach Listener" daemon [_thread_blocked, id=7796, stack(0x0000000018860000,0x0000000018960000)]
  0x0000000017461000 JavaThread "Signal Dispatcher" daemon [_thread_blocked, id=9684, stack(0x0000000018760000,0x0000000018860000)]
  0x0000000002fea000 JavaThread "Finalizer" daemon [_thread_blocked, id=5936, stack(0x0000000018660000,0x0000000018760000)]
  0x0000000015d0a800 JavaThread "Reference Handler" daemon [_thread_blocked, id=7136, stack(0x0000000018560000,0x0000000018660000)]
  0x000000000117d800 JavaThread "main" [_thread_blocked, id=12068, stack(0x00000000029f0000,0x0000000002af0000)]

Other Threads:
  0x0000000015d04800 VMThread [stack: 0x0000000018460000,0x0000000018560000] [id=1548]
  0x00000000174f4000 WatcherThread [stack: 0x0000000018e60000,0x0000000018f60000] [id=6484]

VM state:not at safepoint (normal execution)

VM Mutex/Monitor currently owned by a thread: None

Heap:
 PSYoungGen      total 303616K, used 232373K [0x00000000eab00000, 0x00000000ffe80000, 0x0000000100000000)
  eden space 295424K, 76% used [0x00000000eab00000,0x00000000f8649058,0x00000000fcb80000)
  from space 8192K, 95% used [0x00000000fcb80000,0x00000000fd3246d0,0x00000000fd380000)
  to   space 26112K, 0% used [0x00000000fe500000,0x00000000fe500000,0x00000000ffe80000)
 ParOldGen       total 203264K, used 36177K [0x00000000c0000000, 0x00000000cc680000, 0x00000000eab00000)
  object space 203264K, 17% used [0x00000000c0000000,0x00000000c2354758,0x00000000cc680000)
 Metaspace       used 58723K, capacity 61220K, committed 61400K, reserved 1101824K
  class space    used 7867K, capacity 8441K, committed 8448K, reserved 1048576K

Card table byte_map: [0x00000000123b0000,0x00000000125c0000] byte_map_base: 0x0000000011db0000

Marking Bits: (ParMarkBitMap*) 0x0000000065813950
 Begin Bits: [0x0000000013120000, 0x0000000014120000)
 End Bits:   [0x0000000014120000, 0x0000000015120000)

Polling page: 0x0000000000c70000

CodeCache: size=245760Kb used=25591Kb max_used=26536Kb free=220168Kb
 bounds [0x0000000002ff0000, 0x0000000004a00000, 0x0000000011ff0000]
 total_blobs=8765 nmethods=7996 adapters=682
 compilation: enabled

Compilation events (10 events):
Event: 9.898 Thread 0x0000000017468800 nmethod 9388 0x0000000003761bd0 code [0x0000000003761d20, 0x0000000003761e38]
Event: 9.898 Thread 0x0000000017468800 9398       4       org.objectweb.asm.MethodVisitor::visitMethodInsn (68 bytes)
Event: 9.898 Thread 0x0000000017468800 nmethod 9398 0x0000000003d72290 code [0x0000000003d723e0, 0x0000000003d724d8]
Event: 9.899 Thread 0x0000000017468800 9462       4       org.objectweb.asm.tree.LabelNode::accept (9 bytes)
Event: 9.899 Thread 0x0000000017468800 nmethod 9462 0x0000000003211310 code [0x0000000003211460, 0x0000000003211578]
Event: 9.900 Thread 0x0000000017468800 9396       4       org.objectweb.asm.commons.GeneratorAdapter::unbox (132 bytes)
Event: 9.959 Thread 0x0000000017468800 nmethod 9396 0x00000000038ff190 code [0x00000000038ff540, 0x0000000003902c08]
Event: 9.959 Thread 0x0000000017468800 9255       4       com.android.build.gradle.internal.incremental.StringSwitch$$Lambda$456/1318072271::apply (10 bytes)
Event: 9.960 Thread 0x0000000017468800 nmethod 9255 0x0000000003cbcbd0 code [0x0000000003cbcd20, 0x0000000003cbce18]
Event: 9.960 Thread 0x0000000017468800 9264       4       org.objectweb.asm.Frame::a (2252 bytes)

GC Heap History (10 events):
Event: 6.274 GC heap before
{Heap before GC invocations=12 (full 2):
 PSYoungGen      total 265728K, used 263092K [0x00000000eab00000, 0x00000000ffe80000, 0x0000000100000000)
  eden space 242688K, 99% used [0x00000000eab00000,0x00000000f97b5e90,0x00000000f9800000)
  from space 23040K, 89% used [0x00000000f9800000,0x00000000fac373a8,0x00000000fae80000)
  to   space 25088K, 0% used [0x00000000fe600000,0x00000000fe600000,0x00000000ffe80000)
 ParOldGen       total 148480K, used 30071K [0x00000000c0000000, 0x00000000c9100000, 0x00000000eab00000)
  object space 148480K, 20% used [0x00000000c0000000,0x00000000c1d5de58,0x00000000c9100000)
 Metaspace       used 56311K, capacity 58378K, committed 58584K, reserved 1099776K
  class space    used 7612K, capacity 8086K, committed 8192K, reserved 1048576K
Event: 6.281 GC heap after
Heap after GC invocations=12 (full 2):
 PSYoungGen      total 321024K, used 19578K [0x00000000eab00000, 0x0000000100000000, 0x0000000100000000)
  eden space 295936K, 0% used [0x00000000eab00000,0x00000000eab00000,0x00000000fcc00000)
  from space 25088K, 78% used [0x00000000fe600000,0x00000000ff91e8f8,0x00000000ffe80000)
  to   space 26624K, 0% used [0x00000000fcc00000,0x00000000fcc00000,0x00000000fe600000)
 ParOldGen       total 148480K, used 30079K [0x00000000c0000000, 0x00000000c9100000, 0x00000000eab00000)
  object space 148480K, 20% used [0x00000000c0000000,0x00000000c1d5fe58,0x00000000c9100000)
 Metaspace       used 56311K, capacity 58378K, committed 58584K, reserved 1099776K
  class space    used 7612K, capacity 8086K, committed 8192K, reserved 1048576K
}
Event: 7.440 GC heap before
{Heap before GC invocations=13 (full 2):
 PSYoungGen      total 321024K, used 245475K [0x00000000eab00000, 0x0000000100000000, 0x0000000100000000)
  eden space 295936K, 76% used [0x00000000eab00000,0x00000000f879a690,0x00000000fcc00000)
  from space 25088K, 78% used [0x00000000fe600000,0x00000000ff91e8f8,0x00000000ffe80000)
  to   space 26624K, 0% used [0x00000000fcc00000,0x00000000fcc00000,0x00000000fe600000)
 ParOldGen       total 148480K, used 30079K [0x00000000c0000000, 0x00000000c9100000, 0x00000000eab00000)
  object space 148480K, 20% used [0x00000000c0000000,0x00000000c1d5fe58,0x00000000c9100000)
 Metaspace       used 56801K, capacity 58994K, committed 59028K, reserved 1099776K
  class space    used 7670K, capacity 8172K, committed 8192K, reserved 1048576K
Event: 7.447 GC heap after
Heap after GC invocations=13 (full 2):
 PSYoungGen      total 299520K, used 3204K [0x00000000eab00000, 0x0000000100000000, 0x0000000100000000)
  eden space 295936K, 0% used [0x00000000eab00000,0x00000000eab00000,0x00000000fcc00000)
  from space 3584K, 89% used [0x00000000fcc00000,0x00000000fcf210f0,0x00000000fcf80000)
  to   space 27136K, 0% used [0x00000000fe580000,0x00000000fe580000,0x0000000100000000)
 ParOldGen       total 148480K, used 45584K [0x00000000c0000000, 0x00000000c9100000, 0x00000000eab00000)
  object space 148480K, 30% used [0x00000000c0000000,0x00000000c2c842a0,0x00000000c9100000)
 Metaspace       used 56801K, capacity 58994K, committed 59028K, reserved 1099776K
  class space    used 7670K, capacity 8172K, committed 8192K, reserved 1048576K
}
Event: 7.447 GC heap before
{Heap before GC invocations=14 (full 3):
 PSYoungGen      total 299520K, used 3204K [0x00000000eab00000, 0x0000000100000000, 0x0000000100000000)
  eden space 295936K, 0% used [0x00000000eab00000,0x00000000eab00000,0x00000000fcc00000)
  from space 3584K, 89% used [0x00000000fcc00000,0x00000000fcf210f0,0x00000000fcf80000)
  to   space 27136K, 0% used [0x00000000fe580000,0x00000000fe580000,0x0000000100000000)
 ParOldGen       total 148480K, used 45584K [0x00000000c0000000, 0x00000000c9100000, 0x00000000eab00000)
  object space 148480K, 30% used [0x00000000c0000000,0x00000000c2c842a0,0x00000000c9100000)
 Metaspace       used 56801K, capacity 58994K, committed 59028K, reserved 1099776K
  class space    used 7670K, capacity 8172K, committed 8192K, reserved 1048576K
Event: 7.597 GC heap after
Heap after GC invocations=14 (full 3):
 PSYoungGen      total 299520K, used 0K [0x00000000eab00000, 0x0000000100000000, 0x0000000100000000)
  eden space 295936K, 0% used [0x00000000eab00000,0x00000000eab00000,0x00000000fcc00000)
  from space 3584K, 0% used [0x00000000fcc00000,0x00000000fcc00000,0x00000000fcf80000)
  to   space 27136K, 0% used [0x00000000fe580000,0x00000000fe580000,0x0000000100000000)
 ParOldGen       total 203264K, used 35537K [0x00000000c0000000, 0x00000000cc680000, 0x00000000eab00000)
  object space 203264K, 17% used [0x00000000c0000000,0x00000000c22b4738,0x00000000cc680000)
 Metaspace       used 56800K, capacity 58988K, committed 59028K, reserved 1099776K
  class space    used 7669K, capacity 8171K, committed 8192K, reserved 1048576K
}
Event: 8.959 GC heap before
{Heap before GC invocations=15 (full 3):
 PSYoungGen      total 299520K, used 295936K [0x00000000eab00000, 0x0000000100000000, 0x0000000100000000)
  eden space 295936K, 100% used [0x00000000eab00000,0x00000000fcc00000,0x00000000fcc00000)
  from space 3584K, 0% used [0x00000000fcc00000,0x00000000fcc00000,0x00000000fcf80000)
  to   space 27136K, 0% used [0x00000000fe580000,0x00000000fe580000,0x0000000100000000)
 ParOldGen       total 203264K, used 35537K [0x00000000c0000000, 0x00000000cc680000, 0x00000000eab00000)
  object space 203264K, 17% used [0x00000000c0000000,0x00000000c22b4738,0x00000000cc680000)
 Metaspace       used 57463K, capacity 59816K, committed 59992K, reserved 1101824K
  class space    used 7768K, capacity 8311K, committed 8320K, reserved 1048576K
Event: 8.963 GC heap after
Heap after GC invocations=15 (full 3):
 PSYoungGen      total 322560K, used 6497K [0x00000000eab00000, 0x0000000100000000, 0x0000000100000000)
  eden space 295424K, 0% used [0x00000000eab00000,0x00000000eab00000,0x00000000fcb80000)
  from space 27136K, 23% used [0x00000000fe580000,0x00000000febd85f8,0x0000000100000000)
  to   space 26624K, 0% used [0x00000000fcb80000,0x00000000fcb80000,0x00000000fe580000)
 ParOldGen       total 203264K, used 35545K [0x00000000c0000000, 0x00000000cc680000, 0x00000000eab00000)
  object space 203264K, 17% used [0x00000000c0000000,0x00000000c22b6738,0x00000000cc680000)
 Metaspace       used 57463K, capacity 59816K, committed 59992K, reserved 1101824K
  class space    used 7768K, capacity 8311K, committed 8320K, reserved 1048576K
}
Event: 9.608 GC heap before
{Heap before GC invocations=16 (full 3):
 PSYoungGen      total 322560K, used 301921K [0x00000000eab00000, 0x0000000100000000, 0x0000000100000000)
  eden space 295424K, 100% used [0x00000000eab00000,0x00000000fcb80000,0x00000000fcb80000)
  from space 27136K, 23% used [0x00000000fe580000,0x00000000febd85f8,0x0000000100000000)
  to   space 26624K, 0% used [0x00000000fcb80000,0x00000000fcb80000,0x00000000fe580000)
 ParOldGen       total 203264K, used 35545K [0x00000000c0000000, 0x00000000cc680000, 0x00000000eab00000)
  object space 203264K, 17% used [0x00000000c0000000,0x00000000c22b6738,0x00000000cc680000)
 Metaspace       used 57891K, capacity 60310K, committed 60632K, reserved 1101824K
  class space    used 7806K, capacity 8356K, committed 8448K, reserved 1048576K
Event: 9.614 GC heap after
Heap after GC invocations=16 (full 3):
 PSYoungGen      total 303616K, used 7825K [0x00000000eab00000, 0x00000000ffe80000, 0x0000000100000000)
  eden space 295424K, 0% used [0x00000000eab00000,0x00000000eab00000,0x00000000fcb80000)
  from space 8192K, 95% used [0x00000000fcb80000,0x00000000fd3246d0,0x00000000fd380000)
  to   space 26112K, 0% used [0x00000000fe500000,0x00000000fe500000,0x00000000ffe80000)
 ParOldGen       total 203264K, used 36177K [0x00000000c0000000, 0x00000000cc680000, 0x00000000eab00000)
  object space 203264K, 17% used [0x00000000c0000000,0x00000000c2354758,0x00000000cc680000)
 Metaspace       used 57891K, capacity 60310K, committed 60632K, reserved 1101824K
  class space    used 7806K, capacity 8356K, committed 8448K, reserved 1048576K
}

Deoptimization events (10 events):
Event: 9.769 Thread 0x000000001ac9f000 Uncommon trap: reason=unstable_if action=reinterpret pc=0x000000000490b44c method=org.objectweb.asm.MethodWriter.visitVarInsn(II)V @ 140
Event: 9.769 Thread 0x000000001ac9f000 Uncommon trap: reason=unstable_if action=reinterpret pc=0x00000000048fb0a0 method=org.objectweb.asm.commons.LocalVariablesSorter.remap(ILorg/objectweb/asm/Type;)I @ 36
Event: 9.800 Thread 0x000000001ac9a800 Uncommon trap: reason=class_check action=maybe_recompile pc=0x0000000003870dd0 method=java.net.URLClassLoader.defineClass(Ljava/lang/String;Lsun/misc/Resource;)Ljava/lang/Class; @ 34
Event: 9.800 Thread 0x000000001ac9a800 Uncommon trap: reason=class_check action=maybe_recompile pc=0x0000000003870dd0 method=java.net.URLClassLoader.defineClass(Ljava/lang/String;Lsun/misc/Resource;)Ljava/lang/Class; @ 34
Event: 9.801 Thread 0x000000001ac9a800 Uncommon trap: reason=class_check action=maybe_recompile pc=0x0000000003b79bb8 method=java.net.URLClassLoader.defineClass(Ljava/lang/String;Lsun/misc/Resource;)Ljava/lang/Class; @ 34
Event: 9.813 Thread 0x000000001ac9e000 Uncommon trap: reason=speculate_class_check action=maybe_recompile pc=0x00000000049603e4 method=org.objectweb.asm.commons.LocalVariablesSorter.remap(ILorg/objectweb/asm/Type;)I @ 96
Event: 9.817 Thread 0x000000001ac96800 Uncommon trap: reason=speculate_class_check action=maybe_recompile pc=0x00000000049603e4 method=org.objectweb.asm.commons.LocalVariablesSorter.remap(ILorg/objectweb/asm/Type;)I @ 96
Event: 9.817 Thread 0x000000001ac96800 Uncommon trap: reason=speculate_class_check action=maybe_recompile pc=0x00000000049603e4 method=org.objectweb.asm.commons.LocalVariablesSorter.remap(ILorg/objectweb/asm/Type;)I @ 96
Event: 9.818 Thread 0x000000001ac9d800 Uncommon trap: reason=speculate_class_check action=maybe_recompile pc=0x00000000049603e4 method=org.objectweb.asm.commons.LocalVariablesSorter.remap(ILorg/objectweb/asm/Type;)I @ 96
Event: 9.825 Thread 0x000000001ac98000 Uncommon trap: reason=unstable_if action=reinterpret pc=0x00000000048f03e8 method=org.objectweb.asm.Type.equals(Ljava/lang/Object;)Z @ 2

Classes redefined (0 events):
No events

Internal exceptions (10 events):
Event: 7.715 Thread 0x000000001ac9b000 Exception <a 'sun/nio/fs/WindowsException'> (0x00000000eeba7338) thrown at [D:\src\AOSP-openjdk-cygwin\jdk8u\hotspot\src\share\vm\prims\jni.cpp, line 709]
Event: 7.716 Thread 0x000000001ac99800 Exception <a 'sun/nio/fs/WindowsException'> (0x00000000eed92e98) thrown at [D:\src\AOSP-openjdk-cygwin\jdk8u\hotspot\src\share\vm\prims\jni.cpp, line 709]
Event: 7.717 Thread 0x000000001ac99800 Exception <a 'sun/nio/fs/WindowsException'> (0x00000000eed93618) thrown at [D:\src\AOSP-openjdk-cygwin\jdk8u\hotspot\src\share\vm\prims\jni.cpp, line 709]
Event: 7.719 Thread 0x000000001ac9b000 Exception <a 'sun/nio/fs/WindowsException'> (0x00000000eebafd50) thrown at [D:\src\AOSP-openjdk-cygwin\jdk8u\hotspot\src\share\vm\prims\jni.cpp, line 709]
Event: 7.719 Thread 0x000000001ac9b000 Exception <a 'sun/nio/fs/WindowsException'> (0x00000000eebb04a0) thrown at [D:\src\AOSP-openjdk-cygwin\jdk8u\hotspot\src\share\vm\prims\jni.cpp, line 709]
Event: 7.720 Thread 0x000000001ac99800 Exception <a 'sun/nio/fs/WindowsException'> (0x00000000eed9c010) thrown at [D:\src\AOSP-openjdk-cygwin\jdk8u\hotspot\src\share\vm\prims\jni.cpp, line 709]
Event: 7.721 Thread 0x000000001ac99800 Exception <a 'sun/nio/fs/WindowsException'> (0x00000000eed9c740) thrown at [D:\src\AOSP-openjdk-cygwin\jdk8u\hotspot\src\share\vm\prims\jni.cpp, line 709]
Event: 7.760 Thread 0x000000001d6df800 Exception <a 'java/lang/NoSuchMethodError': java.lang.Object.lambda$asRunnable$0(Lcom/android/apkzlib/utils/IOExceptionRunnable;)V> (0x00000000ef8d8f50) thrown at [D:\src\AOSP-openjdk-cygwin\jdk8u\hotspot\src\share\vm\interpreter\linkResolver.cpp, line 58
Event: 7.764 Thread 0x000000001d6df800 Exception <a 'java/lang/NoSuchMethodError': java.lang.Object.lambda$and$0(Ljava/util/function/Predicate;Ljava/lang/Object;)Z> (0x00000000ef9273c0) thrown at [D:\src\AOSP-openjdk-cygwin\jdk8u\hotspot\src\share\vm\interpreter\linkResolver.cpp, line 584]
Event: 9.748 Thread 0x000000001ac9f000 Implicit null exception at 0x000000000451d715 to 0x000000000451d8e9

Events (10 events):
Event: 9.960 Thread 0x0000000017468800 flushing nmethod 0x000000000446c590
Event: 9.960 Thread 0x0000000017468800 flushing nmethod 0x000000000446f790
Event: 9.960 Thread 0x0000000017468800 flushing nmethod 0x00000000044764d0
Event: 9.960 Thread 0x0000000017468800 flushing nmethod 0x000000000447bb90
Event: 9.960 Thread 0x0000000017468800 flushing nmethod 0x00000000044ad850
Event: 9.960 Thread 0x0000000017468800 flushing nmethod 0x00000000044fced0
Event: 9.960 Thread 0x0000000017468800 flushing nmethod 0x0000000004527a90
Event: 9.960 Thread 0x0000000017468800 flushing nmethod 0x000000000452fed0
Event: 9.960 Thread 0x0000000017468800 flushing nmethod 0x000000000453a390
Event: 9.960 Thread 0x0000000017468800 flushing nmethod 0x000000000455f810


Dynamic libraries:
0x00007ff7868d0000 - 0x00007ff786901000 	D:\android\APPS\jre\bin\java.exe
0x00007ff844530000 - 0x00007ff844728000 	C:\Windows\SYSTEM32\ntdll.dll
0x00007ff843150000 - 0x00007ff84320f000 	C:\Windows\System32\KERNEL32.DLL
0x00007ff8420c0000 - 0x00007ff84239a000 	C:\Windows\System32\KERNELBASE.dll
0x00007ff844110000 - 0x00007ff8441be000 	C:\Windows\System32\ADVAPI32.dll
0x00007ff842c30000 - 0x00007ff842cce000 	C:\Windows\System32\msvcrt.dll
0x00007ff842fc0000 - 0x00007ff84305c000 	C:\Windows\System32\sechost.dll
0x00007ff843fe0000 - 0x00007ff844106000 	C:\Windows\System32\RPCRT4.dll
0x00007ff843dd0000 - 0x00007ff843f6d000 	C:\Windows\System32\USER32.dll
0x00007ff841e50000 - 0x00007ff841e72000 	C:\Windows\System32\win32u.dll
0x00007ff8444c0000 - 0x00007ff8444eb000 	C:\Windows\System32\GDI32.dll
0x00007ff8423a0000 - 0x00007ff8424b0000 	C:\Windows\System32\gdi32full.dll
0x00007ff841db0000 - 0x00007ff841e4d000 	C:\Windows\System32\msvcp_win.dll
0x00007ff841cb0000 - 0x00007ff841db0000 	C:\Windows\System32\ucrtbase.dll
0x00007ff82df10000 - 0x00007ff82e1aa000 	C:\Windows\WinSxS\amd64_microsoft.windows.common-controls_6595b64144ccf1df_6.0.19041.1110_none_60b5254171f9507e\COMCTL32.dll
0x00007ff843110000 - 0x00007ff843140000 	C:\Windows\System32\IMM32.DLL
0x0000000065f20000 - 0x0000000065ff2000 	D:\android\APPS\jre\jre\bin\msvcr100.dll
0x0000000065050000 - 0x000000006588e000 	D:\android\APPS\jre\jre\bin\server\jvm.dll
0x00007ff843140000 - 0x00007ff843148000 	C:\Windows\System32\PSAPI.DLL
0x00007ff83cce0000 - 0x00007ff83cce9000 	C:\Windows\SYSTEM32\WSOCK32.dll
0x00007ff82aaa0000 - 0x00007ff82aac7000 	C:\Windows\SYSTEM32\WINMM.dll
0x00007ff83b570000 - 0x00007ff83b57a000 	C:\Windows\SYSTEM32\VERSION.dll
0x00007ff843f70000 - 0x00007ff843fdb000 	C:\Windows\System32\WS2_32.dll
0x00007ff83c7b0000 - 0x00007ff83c7bf000 	D:\android\APPS\jre\jre\bin\verify.dll
0x00007ff83b450000 - 0x00007ff83b479000 	D:\android\APPS\jre\jre\bin\java.dll
0x00007ff83b320000 - 0x00007ff83b336000 	D:\android\APPS\jre\jre\bin\zip.dll
0x00007ff843210000 - 0x00007ff843954000 	C:\Windows\System32\SHELL32.dll
0x00007ff83fd00000 - 0x00007ff840493000 	C:\Windows\SYSTEM32\windows.storage.dll
0x00007ff8427f0000 - 0x00007ff842b44000 	C:\Windows\System32\combase.dll
0x00007ff8416a0000 - 0x00007ff8416ce000 	C:\Windows\SYSTEM32\Wldp.dll
0x00007ff843060000 - 0x00007ff84310d000 	C:\Windows\System32\SHCORE.dll
0x00007ff842d50000 - 0x00007ff842da5000 	C:\Windows\System32\shlwapi.dll
0x00007ff841b80000 - 0x00007ff841b9f000 	C:\Windows\SYSTEM32\profapi.dll
0x00007ff83b300000 - 0x00007ff83b31a000 	D:\android\APPS\jre\jre\bin\net.dll
0x00007ff841400000 - 0x00007ff84146a000 	C:\Windows\system32\mswsock.dll
0x00007ff836920000 - 0x00007ff836931000 	D:\android\APPS\jre\jre\bin\nio.dll
0x00007ff83ad50000 - 0x00007ff83ad6e000 	C:\Users\Administrator\.gradle\native\25\windows-amd64\native-platform.dll
0x00007ff83c350000 - 0x00007ff83c35d000 	D:\android\APPS\jre\jre\bin\management.dll
0x00007ff8415f0000 - 0x00007ff841608000 	C:\Windows\SYSTEM32\CRYPTSP.dll
0x00007ff840cb0000 - 0x00007ff840ce4000 	C:\Windows\system32\rsaenh.dll
0x00007ff842090000 - 0x00007ff8420b7000 	C:\Windows\System32\bcrypt.dll
0x00007ff841b40000 - 0x00007ff841b6e000 	C:\Windows\SYSTEM32\USERENV.dll
0x00007ff842500000 - 0x00007ff842582000 	C:\Windows\System32\bcryptprimitives.dll
0x00007ff841610000 - 0x00007ff84161c000 	C:\Windows\SYSTEM32\CRYPTBASE.dll
0x00007ff8410a0000 - 0x00007ff8410dc000 	C:\Windows\SYSTEM32\IPHLPAPI.DLL
0x00007ff8427e0000 - 0x00007ff8427e8000 	C:\Windows\System32\NSI.dll
0x00007ff8397c0000 - 0x00007ff8397d7000 	C:\Windows\SYSTEM32\dhcpcsvc6.DLL
0x00007ff839a80000 - 0x00007ff839a9d000 	C:\Windows\SYSTEM32\dhcpcsvc.DLL
0x00007ff8410e0000 - 0x00007ff8411ab000 	C:\Windows\SYSTEM32\DNSAPI.dll
0x00007ff840dd0000 - 0x00007ff840e03000 	C:\Windows\SYSTEM32\ntmarta.dll
0x00007ff82b070000 - 0x00007ff82b254000 	C:\Windows\SYSTEM32\dbghelp.dll

VM Arguments:
jvm_args: -XX:+HeapDumpOnOutOfMemoryError -Xmx1024m -Dfile.encoding=GBK -Duser.country=CN -Duser.language=zh -Duser.variant 
java_command: org.gradle.launcher.daemon.bootstrap.GradleDaemon 4.1
java_class_path (initial): C:\Users\Administrator\.gradle\wrapper\dists\gradle-4.1-all\bzyivzo6n839fup2jbap0tjew\gradle-4.1\lib\gradle-launcher-4.1.jar
Launcher Type: SUN_STANDARD

Environment Variables:
PATH=C:\Program Files (x86)\Common Files\Oracle\Java\javapath;C:\Windows\system32;C:\Windows;C:\Windows\System32\Wbem;C:\Windows\System32\WindowsPowerShell\v1.0\;C:\Windows\System32\OpenSSH\;C:\Program Files\Java\jdk1.8.0_281\bin;C:\Program Files\MySQL\MySQL Server 5.5\bin;C:\Users\Administrator\AppData\Local\Microsoft\WindowsApps;D:\oeder\Ω‚—π\app\
USERNAME=Administrator
OS=Windows_NT
PROCESSOR_IDENTIFIER=Intel64 Family 6 Model 158 Stepping 10, GenuineIntel



---------------  S Y S T E M  ---------------

OS: Windows 10.0 , 64 bit Build 19041 (10.0.19041.2788)

CPU:total 12 (initial active 12) (6 cores per cpu, 2 threads per core) family 6 model 158 stepping 10, cmov, cx8, fxsr, mmx, sse, sse2, sse3, ssse3, sse4.1, sse4.2, popcnt, avx, avx2, aes, clmul, erms, 3dnowpref, lzcnt, ht, tsc, tscinvbit, bmi1, bmi2, adx

Memory: 4k page, physical 16610356k(10631940k free), swap 19625012k(12434240k free)

vm_info: OpenJDK 64-Bit Server VM (25.152-b01) for windows-amd64 JRE (1.8.0_152-release-915-b01), built by "builder" with MS VC++ 10.0 (VS2010)

time: Thu Apr 20 22:18:09 2023
elapsed time: 10 seconds (0d 0h 0m 10s)

